2020-07-22 16:19:40,256-xiaoyin_log-INFO-58 line-==================充值模块接口测试开始==================
2020-07-22 16:19:40,256-xiaoyin_log-INFO-53 line-请求头为：{'X-Lemonban-Media-Type': 'lemonban.v2', 'Content-Type': 'application/json'}
2020-07-22 16:19:40,256-xiaoyin_log-INFO-54 line-请求方法为：post
2020-07-22 16:19:40,256-xiaoyin_log-INFO-55 line-请求url为：http://api.lemonban.com/futureloan/member/register
2020-07-22 16:19:40,256-xiaoyin_log-INFO-56 line-请求数据为：{'mobile_phone': '18770915871', 'pwd': '19940916'}
2020-07-22 16:19:40,361-xiaoyin_log-INFO-65 line-响应状态码：200
2020-07-22 16:19:40,361-xiaoyin_log-INFO-66 line-响应数据：{'code': 2, 'msg': '账号已存在', 'data': None, 'copyright': 'Copyright 柠檬班 © 2017-2020 湖南省零檬信息技术有限公司 All Rights Reserved'}
2020-07-22 16:19:40,361-xiaoyin_log-INFO-53 line-请求头为：{'X-Lemonban-Media-Type': 'lemonban.v2', 'Content-Type': 'application/json'}
2020-07-22 16:19:40,362-xiaoyin_log-INFO-54 line-请求方法为：post
2020-07-22 16:19:40,362-xiaoyin_log-INFO-55 line-请求url为：http://api.lemonban.com/futureloan/member/login
2020-07-22 16:19:40,362-xiaoyin_log-INFO-56 line-请求数据为：{'mobile_phone': '18770915871', 'pwd': '19940916'}
2020-07-22 16:19:40,465-xiaoyin_log-INFO-65 line-响应状态码：200
2020-07-22 16:19:40,465-xiaoyin_log-INFO-66 line-响应数据：{'code': 0, 'msg': 'OK', 'data': {'id': 2049967, 'leave_amount': 1507200.96, 'mobile_phone': '18770915871', 'reg_name': '小柠檬', 'reg_time': '2020-07-22 14:54:27.0', 'type': 1, 'token_info': {'token_type': 'Bearer', 'expires_in': '2020-07-22 16:24:38', 'token': 'eyJhbGciOiJIUzUxMiJ9.eyJtZW1iZXJfaWQiOjIwNDk5NjcsImV4cCI6MTU5NTQwNjI3OH0.7uOcfyNPhpo1hpi7vCh8ETn0XBNMfj3Uh_QQdwOVXlfeqPGToNJNA-NZAj7QJzeUhX4H02mPk7xSl-26hJAyug'}}, 'copyright': 'Copyright 柠檬班 © 2017-2020 湖南省零檬信息技术有限公司 All Rights Reserved'}
2020-07-22 16:19:40,465-xiaoyin_log-INFO-61 line-登录的响应数据为：{'code': 0, 'msg': 'OK', 'data': {'id': 2049967, 'leave_amount': 1507200.96, 'mobile_phone': '18770915871', 'reg_name': '小柠檬', 'reg_time': '2020-07-22 14:54:27.0', 'type': 1, 'token_info': {'token_type': 'Bearer', 'expires_in': '2020-07-22 16:24:38', 'token': 'eyJhbGciOiJIUzUxMiJ9.eyJtZW1iZXJfaWQiOjIwNDk5NjcsImV4cCI6MTU5NTQwNjI3OH0.7uOcfyNPhpo1hpi7vCh8ETn0XBNMfj3Uh_QQdwOVXlfeqPGToNJNA-NZAj7QJzeUhX4H02mPk7xSl-26hJAyug'}}, 'copyright': 'Copyright 柠檬班 © 2017-2020 湖南省零檬信息技术有限公司 All Rights Reserved'}
2020-07-22 16:19:40,466-xiaoyin_log-INFO-66 line-登录用户id:2049967
 token:eyJhbGciOiJIUzUxMiJ9.eyJtZW1iZXJfaWQiOjIwNDk5NjcsImV4cCI6MTU5NTQwNjI3OH0.7uOcfyNPhpo1hpi7vCh8ETn0XBNMfj3Uh_QQdwOVXlfeqPGToNJNA-NZAj7QJzeUhX4H02mPk7xSl-26hJAyug
2020-07-22 16:19:40,468-xiaoyin_log-INFO-69 line-==================接口用例执行开始==================
2020-07-22 16:19:40,529-xiaoyin_log-INFO-109 line-==================接口用例执行结束==================
2020-07-22 16:19:40,534-xiaoyin_log-INFO-69 line-==================接口用例执行开始==================
2020-07-22 16:19:40,595-xiaoyin_log-INFO-109 line-==================接口用例执行结束==================
2020-07-22 16:19:40,597-xiaoyin_log-INFO-69 line-==================接口用例执行开始==================
2020-07-22 16:19:40,661-xiaoyin_log-INFO-109 line-==================接口用例执行结束==================
2020-07-22 16:19:40,663-xiaoyin_log-INFO-69 line-==================接口用例执行开始==================
2020-07-22 16:19:40,728-xiaoyin_log-INFO-109 line-==================接口用例执行结束==================
2020-07-22 16:19:40,731-xiaoyin_log-INFO-69 line-==================接口用例执行开始==================
2020-07-22 16:19:40,731-xiaoyin_log-INFO-53 line-请求头为：{'X-Lemonban-Media-Type': 'lemonban.v2', 'Content-Type': 'application/json', 'Authorization': 'Bearer eyJhbGciOiJIUzUxMiJ9.eyJtZW1iZXJfaWQiOjIwNDk5NjcsImV4cCI6MTU5NTQwNjI3OH0.7uOcfyNPhpo1hpi7vCh8ETn0XBNMfj3Uh_QQdwOVXlfeqPGToNJNA-NZAj7QJzeUhX4H02mPk7xSl-26hJAyug'}
2020-07-22 16:19:40,731-xiaoyin_log-INFO-54 line-请求方法为：post
2020-07-22 16:19:40,731-xiaoyin_log-INFO-55 line-请求url为：http://api.lemonban.com/futureloan/member/recharge
2020-07-22 16:19:40,731-xiaoyin_log-INFO-56 line-请求数据为：{'amount': 600}
2020-07-22 16:19:40,805-xiaoyin_log-INFO-65 line-响应状态码：200
2020-07-22 16:19:40,805-xiaoyin_log-INFO-66 line-响应数据：{'code': 1, 'msg': '用户id为空', 'data': None, 'copyright': 'Copyright 柠檬班 © 2017-2020 湖南省零檬信息技术有限公司 All Rights Reserved'}
2020-07-22 16:19:40,805-xiaoyin_log-INFO-91 line-期望结果为：{'code': 1, 'msg': '用户id为空'}
2020-07-22 16:19:40,806-xiaoyin_log-INFO-109 line-==================接口用例执行结束==================
2020-07-22 16:19:40,806-xiaoyin_log-INFO-69 line-==================接口用例执行开始==================
2020-07-22 16:19:40,807-xiaoyin_log-INFO-53 line-请求头为：{'X-Lemonban-Media-Type': 'lemonban.v2', 'Content-Type': 'application/json', 'Authorization': 'Bearer eyJhbGciOiJIUzUxMiJ9.eyJtZW1iZXJfaWQiOjIwNDk5NjcsImV4cCI6MTU5NTQwNjI3OH0.7uOcfyNPhpo1hpi7vCh8ETn0XBNMfj3Uh_QQdwOVXlfeqPGToNJNA-NZAj7QJzeUhX4H02mPk7xSl-26hJAyug'}
2020-07-22 16:19:40,807-xiaoyin_log-INFO-54 line-请求方法为：post
2020-07-22 16:19:40,807-xiaoyin_log-INFO-55 line-请求url为：http://api.lemonban.com/futureloan/member/recharge
2020-07-22 16:19:40,807-xiaoyin_log-INFO-56 line-请求数据为：{'member_id': 98989898, 'amount': 600}
2020-07-22 16:19:40,876-xiaoyin_log-INFO-65 line-响应状态码：200
2020-07-22 16:19:40,877-xiaoyin_log-INFO-66 line-响应数据：{'code': 1007, 'msg': '无权限访问，请检查参数', 'data': None, 'copyright': 'Copyright 柠檬班 © 2017-2020 湖南省零檬信息技术有限公司 All Rights Reserved'}
2020-07-22 16:19:40,877-xiaoyin_log-INFO-91 line-期望结果为：{'code': 1007, 'msg': '无权限访问，请检查参数'}
2020-07-22 16:19:40,877-xiaoyin_log-INFO-109 line-==================接口用例执行结束==================
2020-07-22 16:19:40,877-xiaoyin_log-INFO-69 line-==================接口用例执行开始==================
2020-07-22 16:19:40,878-xiaoyin_log-INFO-53 line-请求头为：{'X-Lemonban-Media-Type': 'lemonban.v2', 'Content-Type': 'application/json', 'Authorization': 'Bearer eyJhbGciOiJIUzUxMiJ9.eyJtZW1iZXJfaWQiOjIwNDk5NjcsImV4cCI6MTU5NTQwNjI3OH0.7uOcfyNPhpo1hpi7vCh8ETn0XBNMfj3Uh_QQdwOVXlfeqPGToNJNA-NZAj7QJzeUhX4H02mPk7xSl-26hJAyug'}
2020-07-22 16:19:40,878-xiaoyin_log-INFO-54 line-请求方法为：post
2020-07-22 16:19:40,878-xiaoyin_log-INFO-55 line-请求url为：http://api.lemonban.com/futureloan/member/recharge
2020-07-22 16:19:40,878-xiaoyin_log-INFO-56 line-请求数据为：{'member_id': '#member_id#', 'amount': 600}
2020-07-22 16:19:40,948-xiaoyin_log-INFO-65 line-响应状态码：200
2020-07-22 16:19:40,948-xiaoyin_log-INFO-66 line-响应数据：{'code': 2, 'msg': '数字格式化异常', 'data': None, 'copyright': 'Copyright 柠檬班 © 2017-2020 湖南省零檬信息技术有限公司 All Rights Reserved'}
2020-07-22 16:19:40,949-xiaoyin_log-INFO-91 line-期望结果为：{'code': 2, 'msg': '数字格式化异常'}
2020-07-22 16:19:40,949-xiaoyin_log-INFO-109 line-==================接口用例执行结束==================
2020-07-22 16:19:40,949-xiaoyin_log-INFO-69 line-==================接口用例执行开始==================
2020-07-22 16:19:40,949-xiaoyin_log-INFO-53 line-请求头为：{'X-Lemonban-Media-Type': 'lemonban.v2', 'Content-Type': 'application/json', 'Authorization': 'Bearer eyJhbGciOiJIUzUxMiJ9.eyJtZW1iZXJfaWQiOjIwNDk5NjcsImV4cCI6MTU5NTQwNjI3OH0.7uOcfyNPhpo1hpi7vCh8ETn0XBNMfj3Uh_QQdwOVXlfeqPGToNJNA-NZAj7QJzeUhX4H02mPk7xSl-26hJAyug'}
2020-07-22 16:19:40,949-xiaoyin_log-INFO-54 line-请求方法为：post
2020-07-22 16:19:40,949-xiaoyin_log-INFO-55 line-请求url为：http://api.lemonban.com/futureloan/member/recharge
2020-07-22 16:19:40,950-xiaoyin_log-INFO-56 line-请求数据为：{'member_id': 15.0, 'amount': 600}
2020-07-22 16:19:41,022-xiaoyin_log-INFO-65 line-响应状态码：200
2020-07-22 16:19:41,023-xiaoyin_log-INFO-66 line-响应数据：{'code': 2, 'msg': '数字格式化异常', 'data': None, 'copyright': 'Copyright 柠檬班 © 2017-2020 湖南省零檬信息技术有限公司 All Rights Reserved'}
2020-07-22 16:19:41,023-xiaoyin_log-INFO-91 line-期望结果为：{'code': 2, 'msg': '数字格式化异常'}
2020-07-22 16:19:41,023-xiaoyin_log-INFO-109 line-==================接口用例执行结束==================
2020-07-22 16:19:41,023-xiaoyin_log-INFO-69 line-==================接口用例执行开始==================
2020-07-22 16:19:41,024-xiaoyin_log-INFO-109 line-==================接口用例执行结束==================
2020-07-22 16:19:41,027-xiaoyin_log-INFO-69 line-==================接口用例执行开始==================
2020-07-22 16:19:41,028-xiaoyin_log-INFO-109 line-==================接口用例执行结束==================
2020-07-22 16:19:41,031-xiaoyin_log-INFO-69 line-==================接口用例执行开始==================
2020-07-22 16:19:41,032-xiaoyin_log-INFO-109 line-==================接口用例执行结束==================
2020-07-22 16:19:41,035-xiaoyin_log-INFO-69 line-==================接口用例执行开始==================
2020-07-22 16:19:41,036-xiaoyin_log-INFO-109 line-==================接口用例执行结束==================
2020-07-22 16:19:41,038-xiaoyin_log-INFO-69 line-==================接口用例执行开始==================
2020-07-22 16:19:41,039-xiaoyin_log-INFO-109 line-==================接口用例执行结束==================
2020-07-22 16:19:41,042-xiaoyin_log-INFO-69 line-==================接口用例执行开始==================
2020-07-22 16:19:41,044-xiaoyin_log-INFO-109 line-==================接口用例执行结束==================
2020-07-22 16:19:41,046-xiaoyin_log-INFO-113 line-==================充值模块接口测试结束==================
