2020-07-22 17:00:08,589-xiaoyin_log-INFO-58 line-==================充值模块接口测试开始==================
2020-07-22 17:00:08,589-xiaoyin_log-INFO-53 line-请求头为：{'X-Lemonban-Media-Type': 'lemonban.v2', 'Content-Type': 'application/json'}
2020-07-22 17:00:08,590-xiaoyin_log-INFO-54 line-请求方法为：post
2020-07-22 17:00:08,590-xiaoyin_log-INFO-55 line-请求url为：http://api.lemonban.com/futureloan/member/register
2020-07-22 17:00:08,590-xiaoyin_log-INFO-56 line-请求数据为：{'mobile_phone': '18770915871', 'pwd': '19940916'}
2020-07-22 17:00:08,700-xiaoyin_log-INFO-65 line-响应状态码：200
2020-07-22 17:00:08,700-xiaoyin_log-INFO-66 line-响应数据：{'code': 2, 'msg': '账号已存在', 'data': None, 'copyright': 'Copyright 柠檬班 © 2017-2020 湖南省零檬信息技术有限公司 All Rights Reserved'}
2020-07-22 17:00:08,700-xiaoyin_log-INFO-53 line-请求头为：{'X-Lemonban-Media-Type': 'lemonban.v2', 'Content-Type': 'application/json'}
2020-07-22 17:00:08,700-xiaoyin_log-INFO-54 line-请求方法为：post
2020-07-22 17:00:08,700-xiaoyin_log-INFO-55 line-请求url为：http://api.lemonban.com/futureloan/member/login
2020-07-22 17:00:08,701-xiaoyin_log-INFO-56 line-请求数据为：{'mobile_phone': '18770915871', 'pwd': '19940916'}
2020-07-22 17:00:08,808-xiaoyin_log-INFO-65 line-响应状态码：200
2020-07-22 17:00:08,808-xiaoyin_log-INFO-66 line-响应数据：{'code': 0, 'msg': 'OK', 'data': {'id': 2049967, 'leave_amount': 3517402.24, 'mobile_phone': '18770915871', 'reg_name': '小柠檬', 'reg_time': '2020-07-22 14:54:27.0', 'type': 1, 'token_info': {'token_type': 'Bearer', 'expires_in': '2020-07-22 17:05:06', 'token': 'eyJhbGciOiJIUzUxMiJ9.eyJtZW1iZXJfaWQiOjIwNDk5NjcsImV4cCI6MTU5NTQwODcwNn0.gyA1f-xciLX5dMThzwuhU8k_efMkBYZyU2DGWHbTPN5MZ1mAHSrYRnsNXAkW5a1Iq2saxXZTrdZMmXVx-Xkgaw'}}, 'copyright': 'Copyright 柠檬班 © 2017-2020 湖南省零檬信息技术有限公司 All Rights Reserved'}
2020-07-22 17:00:08,808-xiaoyin_log-INFO-61 line-登录的响应数据为：{'code': 0, 'msg': 'OK', 'data': {'id': 2049967, 'leave_amount': 3517402.24, 'mobile_phone': '18770915871', 'reg_name': '小柠檬', 'reg_time': '2020-07-22 14:54:27.0', 'type': 1, 'token_info': {'token_type': 'Bearer', 'expires_in': '2020-07-22 17:05:06', 'token': 'eyJhbGciOiJIUzUxMiJ9.eyJtZW1iZXJfaWQiOjIwNDk5NjcsImV4cCI6MTU5NTQwODcwNn0.gyA1f-xciLX5dMThzwuhU8k_efMkBYZyU2DGWHbTPN5MZ1mAHSrYRnsNXAkW5a1Iq2saxXZTrdZMmXVx-Xkgaw'}}, 'copyright': 'Copyright 柠檬班 © 2017-2020 湖南省零檬信息技术有限公司 All Rights Reserved'}
2020-07-22 17:00:08,809-xiaoyin_log-INFO-66 line-登录用户id:2049967
 token:eyJhbGciOiJIUzUxMiJ9.eyJtZW1iZXJfaWQiOjIwNDk5NjcsImV4cCI6MTU5NTQwODcwNn0.gyA1f-xciLX5dMThzwuhU8k_efMkBYZyU2DGWHbTPN5MZ1mAHSrYRnsNXAkW5a1Iq2saxXZTrdZMmXVx-Xkgaw
2020-07-22 17:00:08,811-xiaoyin_log-INFO-69 line-==================接口用例执行开始==================
2020-07-22 17:00:08,878-xiaoyin_log-INFO-80 line-充值之前用户余额：3517402.24
2020-07-22 17:00:08,878-xiaoyin_log-INFO-82 line-充值金额为：600
2020-07-22 17:00:08,878-xiaoyin_log-INFO-84 line-预期充值之后的金额为：3518002.24
2020-07-22 17:00:08,878-xiaoyin_log-INFO-53 line-请求头为：{'X-Lemonban-Media-Type': 'lemonban.v2', 'Content-Type': 'application/json', 'Authorization': 'Bearer eyJhbGciOiJIUzUxMiJ9.eyJtZW1iZXJfaWQiOjIwNDk5NjcsImV4cCI6MTU5NTQwODcwNn0.gyA1f-xciLX5dMThzwuhU8k_efMkBYZyU2DGWHbTPN5MZ1mAHSrYRnsNXAkW5a1Iq2saxXZTrdZMmXVx-Xkgaw'}
2020-07-22 17:00:08,878-xiaoyin_log-INFO-54 line-请求方法为：post
2020-07-22 17:00:08,878-xiaoyin_log-INFO-55 line-请求url为：http://api.lemonban.com/futureloan/member/recharge
2020-07-22 17:00:08,878-xiaoyin_log-INFO-56 line-请求数据为：{'member_id': 2049967, 'amount': 600}
2020-07-22 17:00:08,958-xiaoyin_log-INFO-65 line-响应状态码：200
2020-07-22 17:00:08,958-xiaoyin_log-INFO-66 line-响应数据：{'code': 0, 'msg': 'OK', 'data': {'id': 2049967, 'leave_amount': 3518002.24, 'mobile_phone': '18770915871', 'reg_name': '小柠檬', 'reg_time': '2020-07-22 14:54:27.0', 'type': 1}, 'copyright': 'Copyright 柠檬班 © 2017-2020 湖南省零檬信息技术有限公司 All Rights Reserved'}
2020-07-22 17:00:08,958-xiaoyin_log-INFO-91 line-期望结果为：{'code': 0, 'msg': 'OK', 'data': {'id': 2049967, 'leave_amount': 3518002.24}}
2020-07-22 17:00:09,023-xiaoyin_log-INFO-101 line-充值之后用余额：3518002.24
2020-07-22 17:00:09,023-xiaoyin_log-INFO-109 line-==================接口用例执行结束==================
2020-07-22 17:00:09,024-xiaoyin_log-INFO-69 line-==================接口用例执行开始==================
2020-07-22 17:00:09,090-xiaoyin_log-INFO-80 line-充值之前用户余额：3518002.24
2020-07-22 17:00:09,091-xiaoyin_log-INFO-82 line-充值金额为：600.1
2020-07-22 17:00:09,091-xiaoyin_log-INFO-84 line-预期充值之后的金额为：3518602.34
2020-07-22 17:00:09,091-xiaoyin_log-INFO-53 line-请求头为：{'X-Lemonban-Media-Type': 'lemonban.v2', 'Content-Type': 'application/json', 'Authorization': 'Bearer eyJhbGciOiJIUzUxMiJ9.eyJtZW1iZXJfaWQiOjIwNDk5NjcsImV4cCI6MTU5NTQwODcwNn0.gyA1f-xciLX5dMThzwuhU8k_efMkBYZyU2DGWHbTPN5MZ1mAHSrYRnsNXAkW5a1Iq2saxXZTrdZMmXVx-Xkgaw'}
2020-07-22 17:00:09,091-xiaoyin_log-INFO-54 line-请求方法为：post
2020-07-22 17:00:09,091-xiaoyin_log-INFO-55 line-请求url为：http://api.lemonban.com/futureloan/member/recharge
2020-07-22 17:00:09,091-xiaoyin_log-INFO-56 line-请求数据为：{'member_id': 2049967, 'amount': 600.1}
2020-07-22 17:00:09,192-xiaoyin_log-INFO-65 line-响应状态码：200
2020-07-22 17:00:09,192-xiaoyin_log-INFO-66 line-响应数据：{'code': 0, 'msg': 'OK', 'data': {'id': 2049967, 'leave_amount': 3518602.34, 'mobile_phone': '18770915871', 'reg_name': '小柠檬', 'reg_time': '2020-07-22 14:54:27.0', 'type': 1}, 'copyright': 'Copyright 柠檬班 © 2017-2020 湖南省零檬信息技术有限公司 All Rights Reserved'}
2020-07-22 17:00:09,193-xiaoyin_log-INFO-91 line-期望结果为：{'code': 0, 'msg': 'OK', 'data': {'id': 2049967, 'leave_amount': 3518002.24}}
2020-07-22 17:00:09,193-xiaoyin_log-INFO-105 line-断言失败
2020-07-22 17:00:09,193-xiaoyin_log-INFO-109 line-==================接口用例执行结束==================
2020-07-22 17:00:09,195-xiaoyin_log-INFO-69 line-==================接口用例执行开始==================
2020-07-22 17:00:09,262-xiaoyin_log-INFO-80 line-充值之前用户余额：3518602.34
2020-07-22 17:00:09,262-xiaoyin_log-INFO-82 line-充值金额为：600.22
2020-07-22 17:00:09,263-xiaoyin_log-INFO-84 line-预期充值之后的金额为：3519202.56
2020-07-22 17:00:09,263-xiaoyin_log-INFO-53 line-请求头为：{'X-Lemonban-Media-Type': 'lemonban.v2', 'Content-Type': 'application/json', 'Authorization': 'Bearer eyJhbGciOiJIUzUxMiJ9.eyJtZW1iZXJfaWQiOjIwNDk5NjcsImV4cCI6MTU5NTQwODcwNn0.gyA1f-xciLX5dMThzwuhU8k_efMkBYZyU2DGWHbTPN5MZ1mAHSrYRnsNXAkW5a1Iq2saxXZTrdZMmXVx-Xkgaw'}
2020-07-22 17:00:09,263-xiaoyin_log-INFO-54 line-请求方法为：post
2020-07-22 17:00:09,263-xiaoyin_log-INFO-55 line-请求url为：http://api.lemonban.com/futureloan/member/recharge
2020-07-22 17:00:09,263-xiaoyin_log-INFO-56 line-请求数据为：{'member_id': 2049967, 'amount': 600.22}
2020-07-22 17:00:09,341-xiaoyin_log-INFO-65 line-响应状态码：200
2020-07-22 17:00:09,341-xiaoyin_log-INFO-66 line-响应数据：{'code': 0, 'msg': 'OK', 'data': {'id': 2049967, 'leave_amount': 3519202.56, 'mobile_phone': '18770915871', 'reg_name': '小柠檬', 'reg_time': '2020-07-22 14:54:27.0', 'type': 1}, 'copyright': 'Copyright 柠檬班 © 2017-2020 湖南省零檬信息技术有限公司 All Rights Reserved'}
2020-07-22 17:00:09,341-xiaoyin_log-INFO-91 line-期望结果为：{'code': 0, 'msg': 'OK', 'data': {'id': 2049967, 'leave_amount': 3518602.34}}
2020-07-22 17:00:09,342-xiaoyin_log-INFO-105 line-断言失败
2020-07-22 17:00:09,342-xiaoyin_log-INFO-109 line-==================接口用例执行结束==================
2020-07-22 17:00:09,343-xiaoyin_log-INFO-69 line-==================接口用例执行开始==================
2020-07-22 17:00:09,409-xiaoyin_log-INFO-80 line-充值之前用户余额：3519202.56
2020-07-22 17:00:09,409-xiaoyin_log-INFO-82 line-充值金额为：500000
2020-07-22 17:00:09,409-xiaoyin_log-INFO-84 line-预期充值之后的金额为：4019202.56
2020-07-22 17:00:09,409-xiaoyin_log-INFO-53 line-请求头为：{'X-Lemonban-Media-Type': 'lemonban.v2', 'Content-Type': 'application/json', 'Authorization': 'Bearer eyJhbGciOiJIUzUxMiJ9.eyJtZW1iZXJfaWQiOjIwNDk5NjcsImV4cCI6MTU5NTQwODcwNn0.gyA1f-xciLX5dMThzwuhU8k_efMkBYZyU2DGWHbTPN5MZ1mAHSrYRnsNXAkW5a1Iq2saxXZTrdZMmXVx-Xkgaw'}
2020-07-22 17:00:09,409-xiaoyin_log-INFO-54 line-请求方法为：post
2020-07-22 17:00:09,410-xiaoyin_log-INFO-55 line-请求url为：http://api.lemonban.com/futureloan/member/recharge
2020-07-22 17:00:09,410-xiaoyin_log-INFO-56 line-请求数据为：{'member_id': 2049967, 'amount': 500000}
2020-07-22 17:00:09,495-xiaoyin_log-INFO-65 line-响应状态码：200
2020-07-22 17:00:09,495-xiaoyin_log-INFO-66 line-响应数据：{'code': 0, 'msg': 'OK', 'data': {'id': 2049967, 'leave_amount': 4019202.56, 'mobile_phone': '18770915871', 'reg_name': '小柠檬', 'reg_time': '2020-07-22 14:54:27.0', 'type': 1}, 'copyright': 'Copyright 柠檬班 © 2017-2020 湖南省零檬信息技术有限公司 All Rights Reserved'}
2020-07-22 17:00:09,495-xiaoyin_log-INFO-91 line-期望结果为：{'code': 0, 'msg': 'OK', 'data': {'id': 2049967, 'leave_amount': 3519202.56}}
2020-07-22 17:00:09,495-xiaoyin_log-INFO-105 line-断言失败
2020-07-22 17:00:09,496-xiaoyin_log-INFO-109 line-==================接口用例执行结束==================
2020-07-22 17:00:09,497-xiaoyin_log-INFO-69 line-==================接口用例执行开始==================
2020-07-22 17:00:09,497-xiaoyin_log-INFO-53 line-请求头为：{'X-Lemonban-Media-Type': 'lemonban.v2', 'Content-Type': 'application/json', 'Authorization': 'Bearer eyJhbGciOiJIUzUxMiJ9.eyJtZW1iZXJfaWQiOjIwNDk5NjcsImV4cCI6MTU5NTQwODcwNn0.gyA1f-xciLX5dMThzwuhU8k_efMkBYZyU2DGWHbTPN5MZ1mAHSrYRnsNXAkW5a1Iq2saxXZTrdZMmXVx-Xkgaw'}
2020-07-22 17:00:09,497-xiaoyin_log-INFO-54 line-请求方法为：post
2020-07-22 17:00:09,498-xiaoyin_log-INFO-55 line-请求url为：http://api.lemonban.com/futureloan/member/recharge
2020-07-22 17:00:09,498-xiaoyin_log-INFO-56 line-请求数据为：{'amount': 600}
2020-07-22 17:00:09,568-xiaoyin_log-INFO-65 line-响应状态码：200
2020-07-22 17:00:09,568-xiaoyin_log-INFO-66 line-响应数据：{'code': 1, 'msg': '用户id为空', 'data': None, 'copyright': 'Copyright 柠檬班 © 2017-2020 湖南省零檬信息技术有限公司 All Rights Reserved'}
2020-07-22 17:00:09,568-xiaoyin_log-INFO-91 line-期望结果为：{'code': 1, 'msg': '用户id为空'}
2020-07-22 17:00:09,568-xiaoyin_log-INFO-109 line-==================接口用例执行结束==================
2020-07-22 17:00:09,569-xiaoyin_log-INFO-69 line-==================接口用例执行开始==================
2020-07-22 17:00:09,569-xiaoyin_log-INFO-53 line-请求头为：{'X-Lemonban-Media-Type': 'lemonban.v2', 'Content-Type': 'application/json', 'Authorization': 'Bearer eyJhbGciOiJIUzUxMiJ9.eyJtZW1iZXJfaWQiOjIwNDk5NjcsImV4cCI6MTU5NTQwODcwNn0.gyA1f-xciLX5dMThzwuhU8k_efMkBYZyU2DGWHbTPN5MZ1mAHSrYRnsNXAkW5a1Iq2saxXZTrdZMmXVx-Xkgaw'}
2020-07-22 17:00:09,569-xiaoyin_log-INFO-54 line-请求方法为：post
2020-07-22 17:00:09,569-xiaoyin_log-INFO-55 line-请求url为：http://api.lemonban.com/futureloan/member/recharge
2020-07-22 17:00:09,569-xiaoyin_log-INFO-56 line-请求数据为：{'member_id': 98989898, 'amount': 600}
2020-07-22 17:00:09,639-xiaoyin_log-INFO-65 line-响应状态码：200
2020-07-22 17:00:09,639-xiaoyin_log-INFO-66 line-响应数据：{'code': 1007, 'msg': '无权限访问，请检查参数', 'data': None, 'copyright': 'Copyright 柠檬班 © 2017-2020 湖南省零檬信息技术有限公司 All Rights Reserved'}
2020-07-22 17:00:09,639-xiaoyin_log-INFO-91 line-期望结果为：{'code': 1007, 'msg': '无权限访问，请检查参数'}
2020-07-22 17:00:09,639-xiaoyin_log-INFO-109 line-==================接口用例执行结束==================
2020-07-22 17:00:09,640-xiaoyin_log-INFO-69 line-==================接口用例执行开始==================
2020-07-22 17:00:09,640-xiaoyin_log-INFO-53 line-请求头为：{'X-Lemonban-Media-Type': 'lemonban.v2', 'Content-Type': 'application/json', 'Authorization': 'Bearer eyJhbGciOiJIUzUxMiJ9.eyJtZW1iZXJfaWQiOjIwNDk5NjcsImV4cCI6MTU5NTQwODcwNn0.gyA1f-xciLX5dMThzwuhU8k_efMkBYZyU2DGWHbTPN5MZ1mAHSrYRnsNXAkW5a1Iq2saxXZTrdZMmXVx-Xkgaw'}
2020-07-22 17:00:09,640-xiaoyin_log-INFO-54 line-请求方法为：post
2020-07-22 17:00:09,640-xiaoyin_log-INFO-55 line-请求url为：http://api.lemonban.com/futureloan/member/recharge
2020-07-22 17:00:09,640-xiaoyin_log-INFO-56 line-请求数据为：{'member_id': '2049967', 'amount': 600}
2020-07-22 17:00:09,719-xiaoyin_log-INFO-65 line-响应状态码：200
2020-07-22 17:00:09,719-xiaoyin_log-INFO-66 line-响应数据：{'code': 0, 'msg': 'OK', 'data': {'id': 2049967, 'leave_amount': 4019802.56, 'mobile_phone': '18770915871', 'reg_name': '小柠檬', 'reg_time': '2020-07-22 14:54:27.0', 'type': 1}, 'copyright': 'Copyright 柠檬班 © 2017-2020 湖南省零檬信息技术有限公司 All Rights Reserved'}
2020-07-22 17:00:09,719-xiaoyin_log-INFO-91 line-期望结果为：{'code': 2, 'msg': '数字格式化异常'}
2020-07-22 17:00:09,719-xiaoyin_log-INFO-105 line-断言失败
2020-07-22 17:00:09,719-xiaoyin_log-INFO-109 line-==================接口用例执行结束==================
2020-07-22 17:00:09,720-xiaoyin_log-INFO-69 line-==================接口用例执行开始==================
2020-07-22 17:00:09,721-xiaoyin_log-INFO-53 line-请求头为：{'X-Lemonban-Media-Type': 'lemonban.v2', 'Content-Type': 'application/json', 'Authorization': 'Bearer eyJhbGciOiJIUzUxMiJ9.eyJtZW1iZXJfaWQiOjIwNDk5NjcsImV4cCI6MTU5NTQwODcwNn0.gyA1f-xciLX5dMThzwuhU8k_efMkBYZyU2DGWHbTPN5MZ1mAHSrYRnsNXAkW5a1Iq2saxXZTrdZMmXVx-Xkgaw'}
2020-07-22 17:00:09,721-xiaoyin_log-INFO-54 line-请求方法为：post
2020-07-22 17:00:09,721-xiaoyin_log-INFO-55 line-请求url为：http://api.lemonban.com/futureloan/member/recharge
2020-07-22 17:00:09,721-xiaoyin_log-INFO-56 line-请求数据为：{'member_id': 15.0, 'amount': 600}
2020-07-22 17:00:09,792-xiaoyin_log-INFO-65 line-响应状态码：200
2020-07-22 17:00:09,792-xiaoyin_log-INFO-66 line-响应数据：{'code': 2, 'msg': '数字格式化异常', 'data': None, 'copyright': 'Copyright 柠檬班 © 2017-2020 湖南省零檬信息技术有限公司 All Rights Reserved'}
2020-07-22 17:00:09,792-xiaoyin_log-INFO-91 line-期望结果为：{'code': 2, 'msg': '数字格式化异常'}
2020-07-22 17:00:09,793-xiaoyin_log-INFO-109 line-==================接口用例执行结束==================
2020-07-22 17:00:09,793-xiaoyin_log-INFO-69 line-==================接口用例执行开始==================
2020-07-22 17:00:09,793-xiaoyin_log-INFO-53 line-请求头为：{'X-Lemonban-Media-Type': 'lemonban.v2', 'Content-Type': 'application/json', 'Authorization': 'Bearer eyJhbGciOiJIUzUxMiJ9.eyJtZW1iZXJfaWQiOjIwNDk5NjcsImV4cCI6MTU5NTQwODcwNn0.gyA1f-xciLX5dMThzwuhU8k_efMkBYZyU2DGWHbTPN5MZ1mAHSrYRnsNXAkW5a1Iq2saxXZTrdZMmXVx-Xkgaw'}
2020-07-22 17:00:09,794-xiaoyin_log-INFO-54 line-请求方法为：post
2020-07-22 17:00:09,794-xiaoyin_log-INFO-55 line-请求url为：http://api.lemonban.com/futureloan/member/recharge
2020-07-22 17:00:09,794-xiaoyin_log-INFO-56 line-请求数据为：{'member_id': 2049967, 'amount': 0}
2020-07-22 17:00:09,869-xiaoyin_log-INFO-65 line-响应状态码：200
2020-07-22 17:00:09,869-xiaoyin_log-INFO-66 line-响应数据：{'code': 0, 'msg': 'OK', 'data': {'id': 2049967, 'leave_amount': 4019802.56, 'mobile_phone': '18770915871', 'reg_name': '小柠檬', 'reg_time': '2020-07-22 14:54:27.0', 'type': 1}, 'copyright': 'Copyright 柠檬班 © 2017-2020 湖南省零檬信息技术有限公司 All Rights Reserved'}
2020-07-22 17:00:09,869-xiaoyin_log-INFO-91 line-期望结果为：{'code': 2, 'msg': '金额必须大于0并且小于或者等于500000'}
2020-07-22 17:00:09,869-xiaoyin_log-INFO-105 line-断言失败
2020-07-22 17:00:09,870-xiaoyin_log-INFO-109 line-==================接口用例执行结束==================
2020-07-22 17:00:09,871-xiaoyin_log-INFO-69 line-==================接口用例执行开始==================
2020-07-22 17:00:09,871-xiaoyin_log-INFO-53 line-请求头为：{'X-Lemonban-Media-Type': 'lemonban.v2', 'Content-Type': 'application/json', 'Authorization': 'Bearer eyJhbGciOiJIUzUxMiJ9.eyJtZW1iZXJfaWQiOjIwNDk5NjcsImV4cCI6MTU5NTQwODcwNn0.gyA1f-xciLX5dMThzwuhU8k_efMkBYZyU2DGWHbTPN5MZ1mAHSrYRnsNXAkW5a1Iq2saxXZTrdZMmXVx-Xkgaw'}
2020-07-22 17:00:09,872-xiaoyin_log-INFO-54 line-请求方法为：post
2020-07-22 17:00:09,872-xiaoyin_log-INFO-55 line-请求url为：http://api.lemonban.com/futureloan/member/recharge
2020-07-22 17:00:09,872-xiaoyin_log-INFO-56 line-请求数据为：{'member_id': 2049967, 'amount': -600}
2020-07-22 17:00:09,941-xiaoyin_log-INFO-65 line-响应状态码：200
2020-07-22 17:00:09,941-xiaoyin_log-INFO-66 line-响应数据：{'code': 2, 'msg': '余额必须大于0并且小于或者等于500000', 'data': None, 'copyright': 'Copyright 柠檬班 © 2017-2020 湖南省零檬信息技术有限公司 All Rights Reserved'}
2020-07-22 17:00:09,941-xiaoyin_log-INFO-91 line-期望结果为：{'code': 2, 'msg': '金额必须大于0并且小于或者等于500000'}
2020-07-22 17:00:09,942-xiaoyin_log-INFO-105 line-断言失败
2020-07-22 17:00:09,942-xiaoyin_log-INFO-109 line-==================接口用例执行结束==================
2020-07-22 17:00:09,943-xiaoyin_log-INFO-69 line-==================接口用例执行开始==================
2020-07-22 17:00:09,943-xiaoyin_log-INFO-53 line-请求头为：{'X-Lemonban-Media-Type': 'lemonban.v2', 'Content-Type': 'application/json', 'Authorization': 'Bearer eyJhbGciOiJIUzUxMiJ9.eyJtZW1iZXJfaWQiOjIwNDk5NjcsImV4cCI6MTU5NTQwODcwNn0.gyA1f-xciLX5dMThzwuhU8k_efMkBYZyU2DGWHbTPN5MZ1mAHSrYRnsNXAkW5a1Iq2saxXZTrdZMmXVx-Xkgaw'}
2020-07-22 17:00:09,944-xiaoyin_log-INFO-54 line-请求方法为：post
2020-07-22 17:00:09,944-xiaoyin_log-INFO-55 line-请求url为：http://api.lemonban.com/futureloan/member/recharge
2020-07-22 17:00:09,944-xiaoyin_log-INFO-56 line-请求数据为：{'member_id': 2049967}
2020-07-22 17:00:10,008-xiaoyin_log-INFO-65 line-响应状态码：200
2020-07-22 17:00:10,009-xiaoyin_log-INFO-66 line-响应数据：{'code': 2, 'msg': '余额必须为数值型', 'data': None, 'copyright': 'Copyright 柠檬班 © 2017-2020 湖南省零檬信息技术有限公司 All Rights Reserved'}
2020-07-22 17:00:10,009-xiaoyin_log-INFO-91 line-期望结果为：{'code': 1, 'msg': '充值金额为空'}
2020-07-22 17:00:10,009-xiaoyin_log-INFO-105 line-断言失败
2020-07-22 17:00:10,009-xiaoyin_log-INFO-109 line-==================接口用例执行结束==================
2020-07-22 17:00:10,010-xiaoyin_log-INFO-69 line-==================接口用例执行开始==================
2020-07-22 17:00:10,011-xiaoyin_log-INFO-53 line-请求头为：{'X-Lemonban-Media-Type': 'lemonban.v2', 'Content-Type': 'application/json', 'Authorization': 'Bearer eyJhbGciOiJIUzUxMiJ9.eyJtZW1iZXJfaWQiOjIwNDk5NjcsImV4cCI6MTU5NTQwODcwNn0.gyA1f-xciLX5dMThzwuhU8k_efMkBYZyU2DGWHbTPN5MZ1mAHSrYRnsNXAkW5a1Iq2saxXZTrdZMmXVx-Xkgaw'}
2020-07-22 17:00:10,011-xiaoyin_log-INFO-54 line-请求方法为：post
2020-07-22 17:00:10,011-xiaoyin_log-INFO-55 line-请求url为：http://api.lemonban.com/futureloan/member/recharge
2020-07-22 17:00:10,011-xiaoyin_log-INFO-56 line-请求数据为：{'member_id': 2049967, 'amount': 600.222}
2020-07-22 17:00:10,086-xiaoyin_log-INFO-65 line-响应状态码：200
2020-07-22 17:00:10,086-xiaoyin_log-INFO-66 line-响应数据：{'code': 2, 'msg': '余额小数超过两位', 'data': None, 'copyright': 'Copyright 柠檬班 © 2017-2020 湖南省零檬信息技术有限公司 All Rights Reserved'}
2020-07-22 17:00:10,086-xiaoyin_log-INFO-91 line-期望结果为：{'code': 2, 'msg': '金额小数超过两位'}
2020-07-22 17:00:10,086-xiaoyin_log-INFO-105 line-断言失败
2020-07-22 17:00:10,086-xiaoyin_log-INFO-109 line-==================接口用例执行结束==================
2020-07-22 17:00:10,088-xiaoyin_log-INFO-69 line-==================接口用例执行开始==================
2020-07-22 17:00:10,088-xiaoyin_log-INFO-53 line-请求头为：{'X-Lemonban-Media-Type': 'lemonban.v2', 'Content-Type': 'application/json', 'Authorization': 'Bearer eyJhbGciOiJIUzUxMiJ9.eyJtZW1iZXJfaWQiOjIwNDk5NjcsImV4cCI6MTU5NTQwODcwNn0.gyA1f-xciLX5dMThzwuhU8k_efMkBYZyU2DGWHbTPN5MZ1mAHSrYRnsNXAkW5a1Iq2saxXZTrdZMmXVx-Xkgaw'}
2020-07-22 17:00:10,088-xiaoyin_log-INFO-54 line-请求方法为：post
2020-07-22 17:00:10,088-xiaoyin_log-INFO-55 line-请求url为：http://api.lemonban.com/futureloan/member/recharge
2020-07-22 17:00:10,089-xiaoyin_log-INFO-56 line-请求数据为：{'member_id': 2049967, 'amount': 500001}
2020-07-22 17:00:10,162-xiaoyin_log-INFO-65 line-响应状态码：200
2020-07-22 17:00:10,162-xiaoyin_log-INFO-66 line-响应数据：{'code': 2, 'msg': '余额必须大于0并且小于或者等于500000', 'data': None, 'copyright': 'Copyright 柠檬班 © 2017-2020 湖南省零檬信息技术有限公司 All Rights Reserved'}
2020-07-22 17:00:10,162-xiaoyin_log-INFO-91 line-期望结果为：{'code': 2, 'msg': '金额必须大于0并且小于或者等于500000'}
2020-07-22 17:00:10,163-xiaoyin_log-INFO-105 line-断言失败
2020-07-22 17:00:10,163-xiaoyin_log-INFO-109 line-==================接口用例执行结束==================
2020-07-22 17:00:10,164-xiaoyin_log-INFO-69 line-==================接口用例执行开始==================
2020-07-22 17:00:10,165-xiaoyin_log-INFO-53 line-请求头为：{'X-Lemonban-Media-Type': 'lemonban.v2', 'Content-Type': 'application/json', 'Authorization': 'Bearer eyJhbGciOiJIUzUxMiJ9.eyJtZW1iZXJfaWQiOjIwNDk5NjcsImV4cCI6MTU5NTQwODcwNn0.gyA1f-xciLX5dMThzwuhU8k_efMkBYZyU2DGWHbTPN5MZ1mAHSrYRnsNXAkW5a1Iq2saxXZTrdZMmXVx-Xkgaw'}
2020-07-22 17:00:10,165-xiaoyin_log-INFO-54 line-请求方法为：post
2020-07-22 17:00:10,165-xiaoyin_log-INFO-55 line-请求url为：http://api.lemonban.com/futureloan/member/recharge
2020-07-22 17:00:10,165-xiaoyin_log-INFO-56 line-请求数据为：{'member_id': 2049967, 'amount': '5万'}
2020-07-22 17:00:10,234-xiaoyin_log-INFO-65 line-响应状态码：200
2020-07-22 17:00:10,234-xiaoyin_log-INFO-66 line-响应数据：{'code': 2, 'msg': '数字格式化异常', 'data': None, 'copyright': 'Copyright 柠檬班 © 2017-2020 湖南省零檬信息技术有限公司 All Rights Reserved'}
2020-07-22 17:00:10,234-xiaoyin_log-INFO-91 line-期望结果为：{'code': 2, 'msg': '数字格式化异常'}
2020-07-22 17:00:10,235-xiaoyin_log-INFO-109 line-==================接口用例执行结束==================
2020-07-22 17:00:10,235-xiaoyin_log-INFO-113 line-==================充值模块接口测试结束==================
