2020-07-24 14:13:30,246-xiaoyin_log-INFO-59 line-==================充值模块接口测试开始==================
2020-07-24 14:13:30,247-xiaoyin_log-INFO-53 line-请求头为：{'X-Lemonban-Media-Type': 'lemonban.v2', 'Content-Type': 'application/json'}
2020-07-24 14:13:30,247-xiaoyin_log-INFO-54 line-请求方法为：post
2020-07-24 14:13:30,247-xiaoyin_log-INFO-55 line-请求url为：http://api.lemonban.com/futureloan/member/register
2020-07-24 14:13:30,247-xiaoyin_log-INFO-56 line-请求数据为：{'mobile_phone': '18770915871', 'pwd': '19940916'}
2020-07-24 14:13:30,396-xiaoyin_log-INFO-65 line-响应状态码：200
2020-07-24 14:13:30,396-xiaoyin_log-INFO-66 line-响应数据：{'code': 2, 'msg': '账号已存在', 'data': None, 'copyright': 'Copyright 柠檬班 © 2017-2020 湖南省零檬信息技术有限公司 All Rights Reserved'}
2020-07-24 14:13:30,396-xiaoyin_log-INFO-53 line-请求头为：{'X-Lemonban-Media-Type': 'lemonban.v2', 'Content-Type': 'application/json'}
2020-07-24 14:13:30,396-xiaoyin_log-INFO-54 line-请求方法为：post
2020-07-24 14:13:30,396-xiaoyin_log-INFO-55 line-请求url为：http://api.lemonban.com/futureloan/member/login
2020-07-24 14:13:30,397-xiaoyin_log-INFO-56 line-请求数据为：{'mobile_phone': '18770915871', 'pwd': '19940916'}
2020-07-24 14:13:30,501-xiaoyin_log-INFO-65 line-响应状态码：200
2020-07-24 14:13:30,501-xiaoyin_log-INFO-66 line-响应数据：{'code': 0, 'msg': 'OK', 'data': {'id': 2049967, 'leave_amount': 10551606.72, 'mobile_phone': '18770915871', 'reg_name': '小柠檬', 'reg_time': '2020-07-22 14:54:27.0', 'type': 1, 'token_info': {'token_type': 'Bearer', 'expires_in': '2020-07-24 14:18:27', 'token': 'eyJhbGciOiJIUzUxMiJ9.eyJtZW1iZXJfaWQiOjIwNDk5NjcsImV4cCI6MTU5NTU3MTUwN30.JaEYHt0islG3xQpn8oZRw2BvDWbijjxLFPFOXmEFNCyHCbAG6Dzoks7CurBZFQ7F8QU-TnNzGvjPPHb_WlEj3A'}}, 'copyright': 'Copyright 柠檬班 © 2017-2020 湖南省零檬信息技术有限公司 All Rights Reserved'}
2020-07-24 14:13:30,501-xiaoyin_log-INFO-62 line-登录的响应数据为：{'code': 0, 'msg': 'OK', 'data': {'id': 2049967, 'leave_amount': 10551606.72, 'mobile_phone': '18770915871', 'reg_name': '小柠檬', 'reg_time': '2020-07-22 14:54:27.0', 'type': 1, 'token_info': {'token_type': 'Bearer', 'expires_in': '2020-07-24 14:18:27', 'token': 'eyJhbGciOiJIUzUxMiJ9.eyJtZW1iZXJfaWQiOjIwNDk5NjcsImV4cCI6MTU5NTU3MTUwN30.JaEYHt0islG3xQpn8oZRw2BvDWbijjxLFPFOXmEFNCyHCbAG6Dzoks7CurBZFQ7F8QU-TnNzGvjPPHb_WlEj3A'}}, 'copyright': 'Copyright 柠檬班 © 2017-2020 湖南省零檬信息技术有限公司 All Rights Reserved'}
2020-07-24 14:13:30,502-xiaoyin_log-INFO-67 line-登录用户id:2049967
 token:eyJhbGciOiJIUzUxMiJ9.eyJtZW1iZXJfaWQiOjIwNDk5NjcsImV4cCI6MTU5NTU3MTUwN30.JaEYHt0islG3xQpn8oZRw2BvDWbijjxLFPFOXmEFNCyHCbAG6Dzoks7CurBZFQ7F8QU-TnNzGvjPPHb_WlEj3A
2020-07-24 14:13:30,519-xiaoyin_log-INFO-70 line-==================接口用例执行开始==================
2020-07-24 14:13:30,590-xiaoyin_log-INFO-81 line-充值之前用户余额：10551606.72
2020-07-24 14:13:30,590-xiaoyin_log-INFO-83 line-充值金额为：600
2020-07-24 14:13:30,590-xiaoyin_log-INFO-85 line-预期充值之后的金额为：10552206.72
2020-07-24 14:13:30,590-xiaoyin_log-INFO-53 line-请求头为：{'X-Lemonban-Media-Type': 'lemonban.v2', 'Content-Type': 'application/json', 'Authorization': 'Bearer eyJhbGciOiJIUzUxMiJ9.eyJtZW1iZXJfaWQiOjIwNDk5NjcsImV4cCI6MTU5NTU3MTUwN30.JaEYHt0islG3xQpn8oZRw2BvDWbijjxLFPFOXmEFNCyHCbAG6Dzoks7CurBZFQ7F8QU-TnNzGvjPPHb_WlEj3A'}
2020-07-24 14:13:30,590-xiaoyin_log-INFO-54 line-请求方法为：post
2020-07-24 14:13:30,591-xiaoyin_log-INFO-55 line-请求url为：http://api.lemonban.com/futureloan/member/recharge
2020-07-24 14:13:30,591-xiaoyin_log-INFO-56 line-请求数据为：{'member_id': 2049967, 'amount': 600}
2020-07-24 14:13:30,683-xiaoyin_log-INFO-65 line-响应状态码：200
2020-07-24 14:13:30,684-xiaoyin_log-INFO-66 line-响应数据：{'code': 0, 'msg': 'OK', 'data': {'id': 2049967, 'leave_amount': 10552206.72, 'mobile_phone': '18770915871', 'reg_name': '小柠檬', 'reg_time': '2020-07-22 14:54:27.0', 'type': 1}, 'copyright': 'Copyright 柠檬班 © 2017-2020 湖南省零檬信息技术有限公司 All Rights Reserved'}
2020-07-24 14:13:30,684-xiaoyin_log-INFO-92 line-期望结果为：{'code': 0, 'msg': 'OK', 'data': {'id': 2049967, 'leave_amount': 10552206.72}}
2020-07-24 14:13:30,745-xiaoyin_log-INFO-102 line-充值之后用余额：10552206.72
2020-07-24 14:13:30,745-xiaoyin_log-INFO-112 line-==================接口用例执行结束==================
2020-07-24 14:13:30,746-xiaoyin_log-INFO-70 line-==================接口用例执行开始==================
2020-07-24 14:13:30,807-xiaoyin_log-INFO-81 line-充值之前用户余额：10552206.72
2020-07-24 14:13:30,807-xiaoyin_log-INFO-83 line-充值金额为：600.1
2020-07-24 14:13:30,807-xiaoyin_log-INFO-85 line-预期充值之后的金额为：10552806.82
2020-07-24 14:13:30,808-xiaoyin_log-INFO-53 line-请求头为：{'X-Lemonban-Media-Type': 'lemonban.v2', 'Content-Type': 'application/json', 'Authorization': 'Bearer eyJhbGciOiJIUzUxMiJ9.eyJtZW1iZXJfaWQiOjIwNDk5NjcsImV4cCI6MTU5NTU3MTUwN30.JaEYHt0islG3xQpn8oZRw2BvDWbijjxLFPFOXmEFNCyHCbAG6Dzoks7CurBZFQ7F8QU-TnNzGvjPPHb_WlEj3A'}
2020-07-24 14:13:30,808-xiaoyin_log-INFO-54 line-请求方法为：post
2020-07-24 14:13:30,808-xiaoyin_log-INFO-55 line-请求url为：http://api.lemonban.com/futureloan/member/recharge
2020-07-24 14:13:30,808-xiaoyin_log-INFO-56 line-请求数据为：{'member_id': 2049967, 'amount': 600.1}
2020-07-24 14:13:30,890-xiaoyin_log-INFO-65 line-响应状态码：200
2020-07-24 14:13:30,891-xiaoyin_log-INFO-66 line-响应数据：{'code': 0, 'msg': 'OK', 'data': {'id': 2049967, 'leave_amount': 10552806.82, 'mobile_phone': '18770915871', 'reg_name': '小柠檬', 'reg_time': '2020-07-22 14:54:27.0', 'type': 1}, 'copyright': 'Copyright 柠檬班 © 2017-2020 湖南省零檬信息技术有限公司 All Rights Reserved'}
2020-07-24 14:13:30,891-xiaoyin_log-INFO-92 line-期望结果为：{'code': 0, 'msg': 'OK', 'data': {'id': 2049967, 'leave_amount': 10552806.82}}
2020-07-24 14:13:30,953-xiaoyin_log-INFO-102 line-充值之后用余额：10552806.82
2020-07-24 14:13:30,953-xiaoyin_log-INFO-112 line-==================接口用例执行结束==================
2020-07-24 14:13:30,954-xiaoyin_log-INFO-70 line-==================接口用例执行开始==================
2020-07-24 14:13:31,015-xiaoyin_log-INFO-81 line-充值之前用户余额：10552806.82
2020-07-24 14:13:31,015-xiaoyin_log-INFO-83 line-充值金额为：600.22
2020-07-24 14:13:31,015-xiaoyin_log-INFO-85 line-预期充值之后的金额为：10553407.04
2020-07-24 14:13:31,016-xiaoyin_log-INFO-53 line-请求头为：{'X-Lemonban-Media-Type': 'lemonban.v2', 'Content-Type': 'application/json', 'Authorization': 'Bearer eyJhbGciOiJIUzUxMiJ9.eyJtZW1iZXJfaWQiOjIwNDk5NjcsImV4cCI6MTU5NTU3MTUwN30.JaEYHt0islG3xQpn8oZRw2BvDWbijjxLFPFOXmEFNCyHCbAG6Dzoks7CurBZFQ7F8QU-TnNzGvjPPHb_WlEj3A'}
2020-07-24 14:13:31,016-xiaoyin_log-INFO-54 line-请求方法为：post
2020-07-24 14:13:31,016-xiaoyin_log-INFO-55 line-请求url为：http://api.lemonban.com/futureloan/member/recharge
2020-07-24 14:13:31,016-xiaoyin_log-INFO-56 line-请求数据为：{'member_id': 2049967, 'amount': 600.22}
2020-07-24 14:13:31,094-xiaoyin_log-INFO-65 line-响应状态码：200
2020-07-24 14:13:31,094-xiaoyin_log-INFO-66 line-响应数据：{'code': 0, 'msg': 'OK', 'data': {'id': 2049967, 'leave_amount': 10553407.04, 'mobile_phone': '18770915871', 'reg_name': '小柠檬', 'reg_time': '2020-07-22 14:54:27.0', 'type': 1}, 'copyright': 'Copyright 柠檬班 © 2017-2020 湖南省零檬信息技术有限公司 All Rights Reserved'}
2020-07-24 14:13:31,095-xiaoyin_log-INFO-92 line-期望结果为：{'code': 0, 'msg': 'OK', 'data': {'id': 2049967, 'leave_amount': 10553407.04}}
2020-07-24 14:13:31,157-xiaoyin_log-INFO-102 line-充值之后用余额：10553407.04
2020-07-24 14:13:31,157-xiaoyin_log-INFO-112 line-==================接口用例执行结束==================
2020-07-24 14:13:31,158-xiaoyin_log-INFO-70 line-==================接口用例执行开始==================
2020-07-24 14:13:31,221-xiaoyin_log-INFO-81 line-充值之前用户余额：10553407.04
2020-07-24 14:13:31,222-xiaoyin_log-INFO-83 line-充值金额为：500000
2020-07-24 14:13:31,222-xiaoyin_log-INFO-85 line-预期充值之后的金额为：11053407.04
2020-07-24 14:13:31,222-xiaoyin_log-INFO-53 line-请求头为：{'X-Lemonban-Media-Type': 'lemonban.v2', 'Content-Type': 'application/json', 'Authorization': 'Bearer eyJhbGciOiJIUzUxMiJ9.eyJtZW1iZXJfaWQiOjIwNDk5NjcsImV4cCI6MTU5NTU3MTUwN30.JaEYHt0islG3xQpn8oZRw2BvDWbijjxLFPFOXmEFNCyHCbAG6Dzoks7CurBZFQ7F8QU-TnNzGvjPPHb_WlEj3A'}
2020-07-24 14:13:31,222-xiaoyin_log-INFO-54 line-请求方法为：post
2020-07-24 14:13:31,222-xiaoyin_log-INFO-55 line-请求url为：http://api.lemonban.com/futureloan/member/recharge
2020-07-24 14:13:31,223-xiaoyin_log-INFO-56 line-请求数据为：{'member_id': 2049967, 'amount': 500000}
2020-07-24 14:13:31,316-xiaoyin_log-INFO-65 line-响应状态码：200
2020-07-24 14:13:31,316-xiaoyin_log-INFO-66 line-响应数据：{'code': 0, 'msg': 'OK', 'data': {'id': 2049967, 'leave_amount': 11053407.04, 'mobile_phone': '18770915871', 'reg_name': '小柠檬', 'reg_time': '2020-07-22 14:54:27.0', 'type': 1}, 'copyright': 'Copyright 柠檬班 © 2017-2020 湖南省零檬信息技术有限公司 All Rights Reserved'}
2020-07-24 14:13:31,316-xiaoyin_log-INFO-92 line-期望结果为：{'code': 0, 'msg': 'OK', 'data': {'id': 2049967, 'leave_amount': 11053407.04}}
2020-07-24 14:13:31,378-xiaoyin_log-INFO-102 line-充值之后用余额：11053407.04
2020-07-24 14:13:31,378-xiaoyin_log-INFO-112 line-==================接口用例执行结束==================
2020-07-24 14:13:31,379-xiaoyin_log-INFO-70 line-==================接口用例执行开始==================
2020-07-24 14:13:31,379-xiaoyin_log-INFO-53 line-请求头为：{'X-Lemonban-Media-Type': 'lemonban.v2', 'Content-Type': 'application/json', 'Authorization': 'Bearer eyJhbGciOiJIUzUxMiJ9.eyJtZW1iZXJfaWQiOjIwNDk5NjcsImV4cCI6MTU5NTU3MTUwN30.JaEYHt0islG3xQpn8oZRw2BvDWbijjxLFPFOXmEFNCyHCbAG6Dzoks7CurBZFQ7F8QU-TnNzGvjPPHb_WlEj3A'}
2020-07-24 14:13:31,379-xiaoyin_log-INFO-54 line-请求方法为：post
2020-07-24 14:13:31,379-xiaoyin_log-INFO-55 line-请求url为：http://api.lemonban.com/futureloan/member/recharge
2020-07-24 14:13:31,379-xiaoyin_log-INFO-56 line-请求数据为：{'amount': 600}
2020-07-24 14:13:31,457-xiaoyin_log-INFO-65 line-响应状态码：200
2020-07-24 14:13:31,457-xiaoyin_log-INFO-66 line-响应数据：{'code': 1, 'msg': '用户id为空', 'data': None, 'copyright': 'Copyright 柠檬班 © 2017-2020 湖南省零檬信息技术有限公司 All Rights Reserved'}
2020-07-24 14:13:31,457-xiaoyin_log-INFO-92 line-期望结果为：{'code': 1, 'msg': '用户id为空'}
2020-07-24 14:13:31,457-xiaoyin_log-INFO-112 line-==================接口用例执行结束==================
2020-07-24 14:13:31,458-xiaoyin_log-INFO-70 line-==================接口用例执行开始==================
2020-07-24 14:13:31,458-xiaoyin_log-INFO-53 line-请求头为：{'X-Lemonban-Media-Type': 'lemonban.v2', 'Content-Type': 'application/json', 'Authorization': 'Bearer eyJhbGciOiJIUzUxMiJ9.eyJtZW1iZXJfaWQiOjIwNDk5NjcsImV4cCI6MTU5NTU3MTUwN30.JaEYHt0islG3xQpn8oZRw2BvDWbijjxLFPFOXmEFNCyHCbAG6Dzoks7CurBZFQ7F8QU-TnNzGvjPPHb_WlEj3A'}
2020-07-24 14:13:31,458-xiaoyin_log-INFO-54 line-请求方法为：post
2020-07-24 14:13:31,458-xiaoyin_log-INFO-55 line-请求url为：http://api.lemonban.com/futureloan/member/recharge
2020-07-24 14:13:31,458-xiaoyin_log-INFO-56 line-请求数据为：{'member_id': 98989898, 'amount': 600}
2020-07-24 14:13:31,527-xiaoyin_log-INFO-65 line-响应状态码：200
2020-07-24 14:13:31,527-xiaoyin_log-INFO-66 line-响应数据：{'code': 1007, 'msg': '无权限访问，请检查参数', 'data': None, 'copyright': 'Copyright 柠檬班 © 2017-2020 湖南省零檬信息技术有限公司 All Rights Reserved'}
2020-07-24 14:13:31,527-xiaoyin_log-INFO-92 line-期望结果为：{'code': 1007, 'msg': '无权限访问，请检查参数'}
2020-07-24 14:13:31,527-xiaoyin_log-INFO-112 line-==================接口用例执行结束==================
2020-07-24 14:13:31,528-xiaoyin_log-INFO-70 line-==================接口用例执行开始==================
2020-07-24 14:13:31,528-xiaoyin_log-INFO-53 line-请求头为：{'X-Lemonban-Media-Type': 'lemonban.v2', 'Content-Type': 'application/json', 'Authorization': 'Bearer eyJhbGciOiJIUzUxMiJ9.eyJtZW1iZXJfaWQiOjIwNDk5NjcsImV4cCI6MTU5NTU3MTUwN30.JaEYHt0islG3xQpn8oZRw2BvDWbijjxLFPFOXmEFNCyHCbAG6Dzoks7CurBZFQ7F8QU-TnNzGvjPPHb_WlEj3A'}
2020-07-24 14:13:31,528-xiaoyin_log-INFO-54 line-请求方法为：post
2020-07-24 14:13:31,528-xiaoyin_log-INFO-55 line-请求url为：http://api.lemonban.com/futureloan/member/recharge
2020-07-24 14:13:31,528-xiaoyin_log-INFO-56 line-请求数据为：{'member_id': '2049967', 'amount': 600}
2020-07-24 14:13:31,611-xiaoyin_log-INFO-65 line-响应状态码：200
2020-07-24 14:13:31,611-xiaoyin_log-INFO-66 line-响应数据：{'code': 0, 'msg': 'OK', 'data': {'id': 2049967, 'leave_amount': 11054007.04, 'mobile_phone': '18770915871', 'reg_name': '小柠檬', 'reg_time': '2020-07-22 14:54:27.0', 'type': 1}, 'copyright': 'Copyright 柠檬班 © 2017-2020 湖南省零檬信息技术有限公司 All Rights Reserved'}
2020-07-24 14:13:31,611-xiaoyin_log-INFO-92 line-期望结果为：{'code': 2, 'msg': '数字格式化异常'}
2020-07-24 14:13:31,611-xiaoyin_log-INFO-106 line-断言失败
2020-07-24 14:13:31,612-xiaoyin_log-INFO-112 line-==================接口用例执行结束==================
2020-07-24 14:13:31,654-xiaoyin_log-INFO-70 line-==================接口用例执行开始==================
2020-07-24 14:13:31,654-xiaoyin_log-INFO-53 line-请求头为：{'X-Lemonban-Media-Type': 'lemonban.v2', 'Content-Type': 'application/json', 'Authorization': 'Bearer eyJhbGciOiJIUzUxMiJ9.eyJtZW1iZXJfaWQiOjIwNDk5NjcsImV4cCI6MTU5NTU3MTUwN30.JaEYHt0islG3xQpn8oZRw2BvDWbijjxLFPFOXmEFNCyHCbAG6Dzoks7CurBZFQ7F8QU-TnNzGvjPPHb_WlEj3A'}
2020-07-24 14:13:31,655-xiaoyin_log-INFO-54 line-请求方法为：post
2020-07-24 14:13:31,655-xiaoyin_log-INFO-55 line-请求url为：http://api.lemonban.com/futureloan/member/recharge
2020-07-24 14:13:31,655-xiaoyin_log-INFO-56 line-请求数据为：{'member_id': 15.0, 'amount': 600}
2020-07-24 14:13:31,726-xiaoyin_log-INFO-65 line-响应状态码：200
2020-07-24 14:13:31,727-xiaoyin_log-INFO-66 line-响应数据：{'code': 2, 'msg': '数字格式化异常', 'data': None, 'copyright': 'Copyright 柠檬班 © 2017-2020 湖南省零檬信息技术有限公司 All Rights Reserved'}
2020-07-24 14:13:31,727-xiaoyin_log-INFO-92 line-期望结果为：{'code': 2, 'msg': '数字格式化异常'}
2020-07-24 14:13:31,727-xiaoyin_log-INFO-112 line-==================接口用例执行结束==================
2020-07-24 14:13:31,728-xiaoyin_log-INFO-70 line-==================接口用例执行开始==================
2020-07-24 14:13:31,728-xiaoyin_log-INFO-53 line-请求头为：{'X-Lemonban-Media-Type': 'lemonban.v2', 'Content-Type': 'application/json', 'Authorization': 'Bearer eyJhbGciOiJIUzUxMiJ9.eyJtZW1iZXJfaWQiOjIwNDk5NjcsImV4cCI6MTU5NTU3MTUwN30.JaEYHt0islG3xQpn8oZRw2BvDWbijjxLFPFOXmEFNCyHCbAG6Dzoks7CurBZFQ7F8QU-TnNzGvjPPHb_WlEj3A'}
2020-07-24 14:13:31,728-xiaoyin_log-INFO-54 line-请求方法为：post
2020-07-24 14:13:31,728-xiaoyin_log-INFO-55 line-请求url为：http://api.lemonban.com/futureloan/member/recharge
2020-07-24 14:13:31,729-xiaoyin_log-INFO-56 line-请求数据为：{'member_id': 2049967, 'amount': 0}
2020-07-24 14:13:31,806-xiaoyin_log-INFO-65 line-响应状态码：200
2020-07-24 14:13:31,806-xiaoyin_log-INFO-66 line-响应数据：{'code': 0, 'msg': 'OK', 'data': {'id': 2049967, 'leave_amount': 11054007.04, 'mobile_phone': '18770915871', 'reg_name': '小柠檬', 'reg_time': '2020-07-22 14:54:27.0', 'type': 1}, 'copyright': 'Copyright 柠檬班 © 2017-2020 湖南省零檬信息技术有限公司 All Rights Reserved'}
2020-07-24 14:13:31,806-xiaoyin_log-INFO-92 line-期望结果为：{'code': 2, 'msg': '金额必须大于0并且小于或者等于500000'}
2020-07-24 14:13:31,807-xiaoyin_log-INFO-106 line-断言失败
2020-07-24 14:13:31,807-xiaoyin_log-INFO-112 line-==================接口用例执行结束==================
2020-07-24 14:13:31,808-xiaoyin_log-INFO-70 line-==================接口用例执行开始==================
2020-07-24 14:13:31,808-xiaoyin_log-INFO-53 line-请求头为：{'X-Lemonban-Media-Type': 'lemonban.v2', 'Content-Type': 'application/json', 'Authorization': 'Bearer eyJhbGciOiJIUzUxMiJ9.eyJtZW1iZXJfaWQiOjIwNDk5NjcsImV4cCI6MTU5NTU3MTUwN30.JaEYHt0islG3xQpn8oZRw2BvDWbijjxLFPFOXmEFNCyHCbAG6Dzoks7CurBZFQ7F8QU-TnNzGvjPPHb_WlEj3A'}
2020-07-24 14:13:31,808-xiaoyin_log-INFO-54 line-请求方法为：post
2020-07-24 14:13:31,808-xiaoyin_log-INFO-55 line-请求url为：http://api.lemonban.com/futureloan/member/recharge
2020-07-24 14:13:31,809-xiaoyin_log-INFO-56 line-请求数据为：{'member_id': 2049967, 'amount': -600}
2020-07-24 14:13:31,873-xiaoyin_log-INFO-65 line-响应状态码：200
2020-07-24 14:13:31,873-xiaoyin_log-INFO-66 line-响应数据：{'code': 2, 'msg': '余额必须大于0并且小于或者等于500000', 'data': None, 'copyright': 'Copyright 柠檬班 © 2017-2020 湖南省零檬信息技术有限公司 All Rights Reserved'}
2020-07-24 14:13:31,873-xiaoyin_log-INFO-92 line-期望结果为：{'code': 2, 'msg': '金额必须大于0并且小于或者等于500000'}
2020-07-24 14:13:31,873-xiaoyin_log-INFO-106 line-断言失败
2020-07-24 14:13:31,874-xiaoyin_log-INFO-112 line-==================接口用例执行结束==================
2020-07-24 14:13:31,875-xiaoyin_log-INFO-70 line-==================接口用例执行开始==================
2020-07-24 14:13:31,875-xiaoyin_log-INFO-53 line-请求头为：{'X-Lemonban-Media-Type': 'lemonban.v2', 'Content-Type': 'application/json', 'Authorization': 'Bearer eyJhbGciOiJIUzUxMiJ9.eyJtZW1iZXJfaWQiOjIwNDk5NjcsImV4cCI6MTU5NTU3MTUwN30.JaEYHt0islG3xQpn8oZRw2BvDWbijjxLFPFOXmEFNCyHCbAG6Dzoks7CurBZFQ7F8QU-TnNzGvjPPHb_WlEj3A'}
2020-07-24 14:13:31,875-xiaoyin_log-INFO-54 line-请求方法为：post
2020-07-24 14:13:31,875-xiaoyin_log-INFO-55 line-请求url为：http://api.lemonban.com/futureloan/member/recharge
2020-07-24 14:13:31,875-xiaoyin_log-INFO-56 line-请求数据为：{'member_id': 2049967}
2020-07-24 14:13:31,946-xiaoyin_log-INFO-65 line-响应状态码：200
2020-07-24 14:13:31,946-xiaoyin_log-INFO-66 line-响应数据：{'code': 2, 'msg': '余额必须为数值型', 'data': None, 'copyright': 'Copyright 柠檬班 © 2017-2020 湖南省零檬信息技术有限公司 All Rights Reserved'}
2020-07-24 14:13:31,946-xiaoyin_log-INFO-92 line-期望结果为：{'code': 1, 'msg': '充值金额为空'}
2020-07-24 14:13:31,946-xiaoyin_log-INFO-106 line-断言失败
2020-07-24 14:13:31,946-xiaoyin_log-INFO-112 line-==================接口用例执行结束==================
2020-07-24 14:13:31,948-xiaoyin_log-INFO-70 line-==================接口用例执行开始==================
2020-07-24 14:13:31,948-xiaoyin_log-INFO-53 line-请求头为：{'X-Lemonban-Media-Type': 'lemonban.v2', 'Content-Type': 'application/json', 'Authorization': 'Bearer eyJhbGciOiJIUzUxMiJ9.eyJtZW1iZXJfaWQiOjIwNDk5NjcsImV4cCI6MTU5NTU3MTUwN30.JaEYHt0islG3xQpn8oZRw2BvDWbijjxLFPFOXmEFNCyHCbAG6Dzoks7CurBZFQ7F8QU-TnNzGvjPPHb_WlEj3A'}
2020-07-24 14:13:31,948-xiaoyin_log-INFO-54 line-请求方法为：post
2020-07-24 14:13:31,948-xiaoyin_log-INFO-55 line-请求url为：http://api.lemonban.com/futureloan/member/recharge
2020-07-24 14:13:31,948-xiaoyin_log-INFO-56 line-请求数据为：{'member_id': 2049967, 'amount': 600.222}
2020-07-24 14:13:32,012-xiaoyin_log-INFO-65 line-响应状态码：200
2020-07-24 14:13:32,012-xiaoyin_log-INFO-66 line-响应数据：{'code': 2, 'msg': '余额小数超过两位', 'data': None, 'copyright': 'Copyright 柠檬班 © 2017-2020 湖南省零檬信息技术有限公司 All Rights Reserved'}
2020-07-24 14:13:32,012-xiaoyin_log-INFO-92 line-期望结果为：{'code': 2, 'msg': '金额小数超过两位'}
2020-07-24 14:13:32,013-xiaoyin_log-INFO-106 line-断言失败
2020-07-24 14:13:32,013-xiaoyin_log-INFO-112 line-==================接口用例执行结束==================
2020-07-24 14:13:32,014-xiaoyin_log-INFO-70 line-==================接口用例执行开始==================
2020-07-24 14:13:32,015-xiaoyin_log-INFO-53 line-请求头为：{'X-Lemonban-Media-Type': 'lemonban.v2', 'Content-Type': 'application/json', 'Authorization': 'Bearer eyJhbGciOiJIUzUxMiJ9.eyJtZW1iZXJfaWQiOjIwNDk5NjcsImV4cCI6MTU5NTU3MTUwN30.JaEYHt0islG3xQpn8oZRw2BvDWbijjxLFPFOXmEFNCyHCbAG6Dzoks7CurBZFQ7F8QU-TnNzGvjPPHb_WlEj3A'}
2020-07-24 14:13:32,015-xiaoyin_log-INFO-54 line-请求方法为：post
2020-07-24 14:13:32,015-xiaoyin_log-INFO-55 line-请求url为：http://api.lemonban.com/futureloan/member/recharge
2020-07-24 14:13:32,015-xiaoyin_log-INFO-56 line-请求数据为：{'member_id': 2049967, 'amount': 500001}
2020-07-24 14:13:32,080-xiaoyin_log-INFO-65 line-响应状态码：200
2020-07-24 14:13:32,080-xiaoyin_log-INFO-66 line-响应数据：{'code': 2, 'msg': '余额必须大于0并且小于或者等于500000', 'data': None, 'copyright': 'Copyright 柠檬班 © 2017-2020 湖南省零檬信息技术有限公司 All Rights Reserved'}
2020-07-24 14:13:32,080-xiaoyin_log-INFO-92 line-期望结果为：{'code': 2, 'msg': '金额必须大于0并且小于或者等于500000'}
2020-07-24 14:13:32,081-xiaoyin_log-INFO-106 line-断言失败
2020-07-24 14:13:32,081-xiaoyin_log-INFO-112 line-==================接口用例执行结束==================
2020-07-24 14:13:32,082-xiaoyin_log-INFO-70 line-==================接口用例执行开始==================
2020-07-24 14:13:32,083-xiaoyin_log-INFO-53 line-请求头为：{'X-Lemonban-Media-Type': 'lemonban.v2', 'Content-Type': 'application/json', 'Authorization': 'Bearer eyJhbGciOiJIUzUxMiJ9.eyJtZW1iZXJfaWQiOjIwNDk5NjcsImV4cCI6MTU5NTU3MTUwN30.JaEYHt0islG3xQpn8oZRw2BvDWbijjxLFPFOXmEFNCyHCbAG6Dzoks7CurBZFQ7F8QU-TnNzGvjPPHb_WlEj3A'}
2020-07-24 14:13:32,083-xiaoyin_log-INFO-54 line-请求方法为：post
2020-07-24 14:13:32,083-xiaoyin_log-INFO-55 line-请求url为：http://api.lemonban.com/futureloan/member/recharge
2020-07-24 14:13:32,083-xiaoyin_log-INFO-56 line-请求数据为：{'member_id': 2049967, 'amount': '5万'}
2020-07-24 14:13:32,158-xiaoyin_log-INFO-65 line-响应状态码：200
2020-07-24 14:13:32,158-xiaoyin_log-INFO-66 line-响应数据：{'code': 2, 'msg': '数字格式化异常', 'data': None, 'copyright': 'Copyright 柠檬班 © 2017-2020 湖南省零檬信息技术有限公司 All Rights Reserved'}
2020-07-24 14:13:32,158-xiaoyin_log-INFO-92 line-期望结果为：{'code': 2, 'msg': '数字格式化异常'}
2020-07-24 14:13:32,159-xiaoyin_log-INFO-112 line-==================接口用例执行结束==================
2020-07-24 14:13:32,159-xiaoyin_log-INFO-116 line-==================充值模块接口测试结束==================
