2020-07-22 17:05:17,302-xiaoyin_log-INFO-58 line-==================充值模块接口测试开始==================
2020-07-22 17:05:17,302-xiaoyin_log-INFO-53 line-请求头为：{'X-Lemonban-Media-Type': 'lemonban.v2', 'Content-Type': 'application/json'}
2020-07-22 17:05:17,302-xiaoyin_log-INFO-54 line-请求方法为：post
2020-07-22 17:05:17,302-xiaoyin_log-INFO-55 line-请求url为：http://api.lemonban.com/futureloan/member/register
2020-07-22 17:05:17,302-xiaoyin_log-INFO-56 line-请求数据为：{'mobile_phone': '18770915871', 'pwd': '19940916'}
2020-07-22 17:05:17,413-xiaoyin_log-INFO-65 line-响应状态码：200
2020-07-22 17:05:17,413-xiaoyin_log-INFO-66 line-响应数据：{'code': 2, 'msg': '账号已存在', 'data': None, 'copyright': 'Copyright 柠檬班 © 2017-2020 湖南省零檬信息技术有限公司 All Rights Reserved'}
2020-07-22 17:05:17,414-xiaoyin_log-INFO-53 line-请求头为：{'X-Lemonban-Media-Type': 'lemonban.v2', 'Content-Type': 'application/json'}
2020-07-22 17:05:17,414-xiaoyin_log-INFO-54 line-请求方法为：post
2020-07-22 17:05:17,414-xiaoyin_log-INFO-55 line-请求url为：http://api.lemonban.com/futureloan/member/login
2020-07-22 17:05:17,414-xiaoyin_log-INFO-56 line-请求数据为：{'mobile_phone': '18770915871', 'pwd': '19940916'}
2020-07-22 17:05:17,517-xiaoyin_log-INFO-65 line-响应状态码：200
2020-07-22 17:05:17,517-xiaoyin_log-INFO-66 line-响应数据：{'code': 0, 'msg': 'OK', 'data': {'id': 2049967, 'leave_amount': 4020402.56, 'mobile_phone': '18770915871', 'reg_name': '小柠檬', 'reg_time': '2020-07-22 14:54:27.0', 'type': 1, 'token_info': {'token_type': 'Bearer', 'expires_in': '2020-07-22 17:10:15', 'token': 'eyJhbGciOiJIUzUxMiJ9.eyJtZW1iZXJfaWQiOjIwNDk5NjcsImV4cCI6MTU5NTQwOTAxNX0.njoNo9wjaogk7npIFlhWXRhhWHviEvm_FnAYuKQsh6CeKSuTXOeAh4V4NZpjBs2I0Pcbdhfic7x-DF69vLhCKw'}}, 'copyright': 'Copyright 柠檬班 © 2017-2020 湖南省零檬信息技术有限公司 All Rights Reserved'}
2020-07-22 17:05:17,517-xiaoyin_log-INFO-61 line-登录的响应数据为：{'code': 0, 'msg': 'OK', 'data': {'id': 2049967, 'leave_amount': 4020402.56, 'mobile_phone': '18770915871', 'reg_name': '小柠檬', 'reg_time': '2020-07-22 14:54:27.0', 'type': 1, 'token_info': {'token_type': 'Bearer', 'expires_in': '2020-07-22 17:10:15', 'token': 'eyJhbGciOiJIUzUxMiJ9.eyJtZW1iZXJfaWQiOjIwNDk5NjcsImV4cCI6MTU5NTQwOTAxNX0.njoNo9wjaogk7npIFlhWXRhhWHviEvm_FnAYuKQsh6CeKSuTXOeAh4V4NZpjBs2I0Pcbdhfic7x-DF69vLhCKw'}}, 'copyright': 'Copyright 柠檬班 © 2017-2020 湖南省零檬信息技术有限公司 All Rights Reserved'}
2020-07-22 17:05:17,519-xiaoyin_log-INFO-66 line-登录用户id:2049967
 token:eyJhbGciOiJIUzUxMiJ9.eyJtZW1iZXJfaWQiOjIwNDk5NjcsImV4cCI6MTU5NTQwOTAxNX0.njoNo9wjaogk7npIFlhWXRhhWHviEvm_FnAYuKQsh6CeKSuTXOeAh4V4NZpjBs2I0Pcbdhfic7x-DF69vLhCKw
2020-07-22 17:05:17,521-xiaoyin_log-INFO-69 line-==================接口用例执行开始==================
2020-07-22 17:05:17,589-xiaoyin_log-INFO-80 line-充值之前用户余额：4020402.56
2020-07-22 17:05:17,589-xiaoyin_log-INFO-82 line-充值金额为：600
2020-07-22 17:05:17,589-xiaoyin_log-INFO-84 line-预期充值之后的金额为：4021002.56
2020-07-22 17:05:17,589-xiaoyin_log-INFO-86 line-----------
2020-07-22 17:05:17,589-xiaoyin_log-INFO-53 line-请求头为：{'X-Lemonban-Media-Type': 'lemonban.v2', 'Content-Type': 'application/json', 'Authorization': 'Bearer eyJhbGciOiJIUzUxMiJ9.eyJtZW1iZXJfaWQiOjIwNDk5NjcsImV4cCI6MTU5NTQwOTAxNX0.njoNo9wjaogk7npIFlhWXRhhWHviEvm_FnAYuKQsh6CeKSuTXOeAh4V4NZpjBs2I0Pcbdhfic7x-DF69vLhCKw'}
2020-07-22 17:05:17,589-xiaoyin_log-INFO-54 line-请求方法为：post
2020-07-22 17:05:17,590-xiaoyin_log-INFO-55 line-请求url为：http://api.lemonban.com/futureloan/member/recharge
2020-07-22 17:05:17,590-xiaoyin_log-INFO-56 line-请求数据为：{'member_id': 2049967, 'amount': 600}
2020-07-22 17:05:17,677-xiaoyin_log-INFO-65 line-响应状态码：200
2020-07-22 17:05:17,678-xiaoyin_log-INFO-66 line-响应数据：{'code': 0, 'msg': 'OK', 'data': {'id': 2049967, 'leave_amount': 4021002.56, 'mobile_phone': '18770915871', 'reg_name': '小柠檬', 'reg_time': '2020-07-22 14:54:27.0', 'type': 1}, 'copyright': 'Copyright 柠檬班 © 2017-2020 湖南省零檬信息技术有限公司 All Rights Reserved'}
2020-07-22 17:05:17,678-xiaoyin_log-INFO-92 line-期望结果为：{'code': 0, 'msg': 'OK', 'data': {'id': 2049967, 'leave_amount': 4021002.56}}
2020-07-22 17:05:17,746-xiaoyin_log-INFO-102 line-充值之后用余额：4021002.56
2020-07-22 17:05:17,746-xiaoyin_log-INFO-110 line-==================接口用例执行结束==================
2020-07-22 17:05:17,747-xiaoyin_log-INFO-69 line-==================接口用例执行开始==================
2020-07-22 17:05:17,813-xiaoyin_log-INFO-80 line-充值之前用户余额：4021002.56
2020-07-22 17:05:17,813-xiaoyin_log-INFO-82 line-充值金额为：600.1
2020-07-22 17:05:17,814-xiaoyin_log-INFO-84 line-预期充值之后的金额为：4021602.66
2020-07-22 17:05:17,814-xiaoyin_log-INFO-86 line-----------
2020-07-22 17:05:17,814-xiaoyin_log-INFO-53 line-请求头为：{'X-Lemonban-Media-Type': 'lemonban.v2', 'Content-Type': 'application/json', 'Authorization': 'Bearer eyJhbGciOiJIUzUxMiJ9.eyJtZW1iZXJfaWQiOjIwNDk5NjcsImV4cCI6MTU5NTQwOTAxNX0.njoNo9wjaogk7npIFlhWXRhhWHviEvm_FnAYuKQsh6CeKSuTXOeAh4V4NZpjBs2I0Pcbdhfic7x-DF69vLhCKw'}
2020-07-22 17:05:17,814-xiaoyin_log-INFO-54 line-请求方法为：post
2020-07-22 17:05:17,814-xiaoyin_log-INFO-55 line-请求url为：http://api.lemonban.com/futureloan/member/recharge
2020-07-22 17:05:17,814-xiaoyin_log-INFO-56 line-请求数据为：{'member_id': 2049967, 'amount': 600.1}
2020-07-22 17:05:17,897-xiaoyin_log-INFO-65 line-响应状态码：200
2020-07-22 17:05:17,898-xiaoyin_log-INFO-66 line-响应数据：{'code': 0, 'msg': 'OK', 'data': {'id': 2049967, 'leave_amount': 4021602.66, 'mobile_phone': '18770915871', 'reg_name': '小柠檬', 'reg_time': '2020-07-22 14:54:27.0', 'type': 1}, 'copyright': 'Copyright 柠檬班 © 2017-2020 湖南省零檬信息技术有限公司 All Rights Reserved'}
2020-07-22 17:05:17,898-xiaoyin_log-INFO-92 line-期望结果为：{'code': 0, 'msg': 'OK', 'data': {'id': 2049967, 'leave_amount': 4021002.56}}
2020-07-22 17:05:17,898-xiaoyin_log-INFO-106 line-断言失败
2020-07-22 17:05:17,898-xiaoyin_log-INFO-110 line-==================接口用例执行结束==================
2020-07-22 17:05:17,900-xiaoyin_log-INFO-69 line-==================接口用例执行开始==================
2020-07-22 17:05:17,969-xiaoyin_log-INFO-80 line-充值之前用户余额：4021602.66
2020-07-22 17:05:17,969-xiaoyin_log-INFO-82 line-充值金额为：600.22
2020-07-22 17:05:17,969-xiaoyin_log-INFO-84 line-预期充值之后的金额为：4022202.88
2020-07-22 17:05:17,969-xiaoyin_log-INFO-86 line-----------
2020-07-22 17:05:17,969-xiaoyin_log-INFO-53 line-请求头为：{'X-Lemonban-Media-Type': 'lemonban.v2', 'Content-Type': 'application/json', 'Authorization': 'Bearer eyJhbGciOiJIUzUxMiJ9.eyJtZW1iZXJfaWQiOjIwNDk5NjcsImV4cCI6MTU5NTQwOTAxNX0.njoNo9wjaogk7npIFlhWXRhhWHviEvm_FnAYuKQsh6CeKSuTXOeAh4V4NZpjBs2I0Pcbdhfic7x-DF69vLhCKw'}
2020-07-22 17:05:17,969-xiaoyin_log-INFO-54 line-请求方法为：post
2020-07-22 17:05:17,970-xiaoyin_log-INFO-55 line-请求url为：http://api.lemonban.com/futureloan/member/recharge
2020-07-22 17:05:17,970-xiaoyin_log-INFO-56 line-请求数据为：{'member_id': 2049967, 'amount': 600.22}
2020-07-22 17:05:18,048-xiaoyin_log-INFO-65 line-响应状态码：200
2020-07-22 17:05:18,048-xiaoyin_log-INFO-66 line-响应数据：{'code': 0, 'msg': 'OK', 'data': {'id': 2049967, 'leave_amount': 4022202.88, 'mobile_phone': '18770915871', 'reg_name': '小柠檬', 'reg_time': '2020-07-22 14:54:27.0', 'type': 1}, 'copyright': 'Copyright 柠檬班 © 2017-2020 湖南省零檬信息技术有限公司 All Rights Reserved'}
2020-07-22 17:05:18,048-xiaoyin_log-INFO-92 line-期望结果为：{'code': 0, 'msg': 'OK', 'data': {'id': 2049967, 'leave_amount': 4021602.66}}
2020-07-22 17:05:18,048-xiaoyin_log-INFO-106 line-断言失败
2020-07-22 17:05:18,049-xiaoyin_log-INFO-110 line-==================接口用例执行结束==================
2020-07-22 17:05:18,051-xiaoyin_log-INFO-69 line-==================接口用例执行开始==================
2020-07-22 17:05:18,121-xiaoyin_log-INFO-80 line-充值之前用户余额：4022202.88
2020-07-22 17:05:18,121-xiaoyin_log-INFO-82 line-充值金额为：500000
2020-07-22 17:05:18,121-xiaoyin_log-INFO-84 line-预期充值之后的金额为：4522202.88
2020-07-22 17:05:18,121-xiaoyin_log-INFO-86 line-----------
2020-07-22 17:05:18,121-xiaoyin_log-INFO-53 line-请求头为：{'X-Lemonban-Media-Type': 'lemonban.v2', 'Content-Type': 'application/json', 'Authorization': 'Bearer eyJhbGciOiJIUzUxMiJ9.eyJtZW1iZXJfaWQiOjIwNDk5NjcsImV4cCI6MTU5NTQwOTAxNX0.njoNo9wjaogk7npIFlhWXRhhWHviEvm_FnAYuKQsh6CeKSuTXOeAh4V4NZpjBs2I0Pcbdhfic7x-DF69vLhCKw'}
2020-07-22 17:05:18,121-xiaoyin_log-INFO-54 line-请求方法为：post
2020-07-22 17:05:18,121-xiaoyin_log-INFO-55 line-请求url为：http://api.lemonban.com/futureloan/member/recharge
2020-07-22 17:05:18,122-xiaoyin_log-INFO-56 line-请求数据为：{'member_id': 2049967, 'amount': 500000}
2020-07-22 17:05:18,203-xiaoyin_log-INFO-65 line-响应状态码：200
2020-07-22 17:05:18,204-xiaoyin_log-INFO-66 line-响应数据：{'code': 0, 'msg': 'OK', 'data': {'id': 2049967, 'leave_amount': 4522202.88, 'mobile_phone': '18770915871', 'reg_name': '小柠檬', 'reg_time': '2020-07-22 14:54:27.0', 'type': 1}, 'copyright': 'Copyright 柠檬班 © 2017-2020 湖南省零檬信息技术有限公司 All Rights Reserved'}
2020-07-22 17:05:18,204-xiaoyin_log-INFO-92 line-期望结果为：{'code': 0, 'msg': 'OK', 'data': {'id': 2049967, 'leave_amount': 4022202.88}}
2020-07-22 17:05:18,205-xiaoyin_log-INFO-106 line-断言失败
2020-07-22 17:05:18,205-xiaoyin_log-INFO-110 line-==================接口用例执行结束==================
2020-07-22 17:05:18,208-xiaoyin_log-INFO-69 line-==================接口用例执行开始==================
2020-07-22 17:05:18,209-xiaoyin_log-INFO-53 line-请求头为：{'X-Lemonban-Media-Type': 'lemonban.v2', 'Content-Type': 'application/json', 'Authorization': 'Bearer eyJhbGciOiJIUzUxMiJ9.eyJtZW1iZXJfaWQiOjIwNDk5NjcsImV4cCI6MTU5NTQwOTAxNX0.njoNo9wjaogk7npIFlhWXRhhWHviEvm_FnAYuKQsh6CeKSuTXOeAh4V4NZpjBs2I0Pcbdhfic7x-DF69vLhCKw'}
2020-07-22 17:05:18,209-xiaoyin_log-INFO-54 line-请求方法为：post
2020-07-22 17:05:18,210-xiaoyin_log-INFO-55 line-请求url为：http://api.lemonban.com/futureloan/member/recharge
2020-07-22 17:05:18,210-xiaoyin_log-INFO-56 line-请求数据为：{'amount': 600}
2020-07-22 17:05:18,282-xiaoyin_log-INFO-65 line-响应状态码：200
2020-07-22 17:05:18,283-xiaoyin_log-INFO-66 line-响应数据：{'code': 1, 'msg': '用户id为空', 'data': None, 'copyright': 'Copyright 柠檬班 © 2017-2020 湖南省零檬信息技术有限公司 All Rights Reserved'}
2020-07-22 17:05:18,283-xiaoyin_log-INFO-92 line-期望结果为：{'code': 1, 'msg': '用户id为空'}
2020-07-22 17:05:18,283-xiaoyin_log-INFO-110 line-==================接口用例执行结束==================
2020-07-22 17:05:18,285-xiaoyin_log-INFO-69 line-==================接口用例执行开始==================
2020-07-22 17:05:18,285-xiaoyin_log-INFO-53 line-请求头为：{'X-Lemonban-Media-Type': 'lemonban.v2', 'Content-Type': 'application/json', 'Authorization': 'Bearer eyJhbGciOiJIUzUxMiJ9.eyJtZW1iZXJfaWQiOjIwNDk5NjcsImV4cCI6MTU5NTQwOTAxNX0.njoNo9wjaogk7npIFlhWXRhhWHviEvm_FnAYuKQsh6CeKSuTXOeAh4V4NZpjBs2I0Pcbdhfic7x-DF69vLhCKw'}
2020-07-22 17:05:18,285-xiaoyin_log-INFO-54 line-请求方法为：post
2020-07-22 17:05:18,285-xiaoyin_log-INFO-55 line-请求url为：http://api.lemonban.com/futureloan/member/recharge
2020-07-22 17:05:18,285-xiaoyin_log-INFO-56 line-请求数据为：{'member_id': 98989898, 'amount': 600}
2020-07-22 17:05:18,354-xiaoyin_log-INFO-65 line-响应状态码：200
2020-07-22 17:05:18,354-xiaoyin_log-INFO-66 line-响应数据：{'code': 1007, 'msg': '无权限访问，请检查参数', 'data': None, 'copyright': 'Copyright 柠檬班 © 2017-2020 湖南省零檬信息技术有限公司 All Rights Reserved'}
2020-07-22 17:05:18,354-xiaoyin_log-INFO-92 line-期望结果为：{'code': 1007, 'msg': '无权限访问，请检查参数'}
2020-07-22 17:05:18,355-xiaoyin_log-INFO-110 line-==================接口用例执行结束==================
2020-07-22 17:05:18,355-xiaoyin_log-INFO-69 line-==================接口用例执行开始==================
2020-07-22 17:05:18,356-xiaoyin_log-INFO-53 line-请求头为：{'X-Lemonban-Media-Type': 'lemonban.v2', 'Content-Type': 'application/json', 'Authorization': 'Bearer eyJhbGciOiJIUzUxMiJ9.eyJtZW1iZXJfaWQiOjIwNDk5NjcsImV4cCI6MTU5NTQwOTAxNX0.njoNo9wjaogk7npIFlhWXRhhWHviEvm_FnAYuKQsh6CeKSuTXOeAh4V4NZpjBs2I0Pcbdhfic7x-DF69vLhCKw'}
2020-07-22 17:05:18,357-xiaoyin_log-INFO-54 line-请求方法为：post
2020-07-22 17:05:18,357-xiaoyin_log-INFO-55 line-请求url为：http://api.lemonban.com/futureloan/member/recharge
2020-07-22 17:05:18,357-xiaoyin_log-INFO-56 line-请求数据为：{'member_id': '2049967', 'amount': 600}
2020-07-22 17:05:18,439-xiaoyin_log-INFO-65 line-响应状态码：200
2020-07-22 17:05:18,439-xiaoyin_log-INFO-66 line-响应数据：{'code': 0, 'msg': 'OK', 'data': {'id': 2049967, 'leave_amount': 4522802.88, 'mobile_phone': '18770915871', 'reg_name': '小柠檬', 'reg_time': '2020-07-22 14:54:27.0', 'type': 1}, 'copyright': 'Copyright 柠檬班 © 2017-2020 湖南省零檬信息技术有限公司 All Rights Reserved'}
2020-07-22 17:05:18,439-xiaoyin_log-INFO-92 line-期望结果为：{'code': 2, 'msg': '数字格式化异常'}
2020-07-22 17:05:18,439-xiaoyin_log-INFO-106 line-断言失败
2020-07-22 17:05:18,439-xiaoyin_log-INFO-110 line-==================接口用例执行结束==================
2020-07-22 17:05:18,441-xiaoyin_log-INFO-69 line-==================接口用例执行开始==================
2020-07-22 17:05:18,441-xiaoyin_log-INFO-53 line-请求头为：{'X-Lemonban-Media-Type': 'lemonban.v2', 'Content-Type': 'application/json', 'Authorization': 'Bearer eyJhbGciOiJIUzUxMiJ9.eyJtZW1iZXJfaWQiOjIwNDk5NjcsImV4cCI6MTU5NTQwOTAxNX0.njoNo9wjaogk7npIFlhWXRhhWHviEvm_FnAYuKQsh6CeKSuTXOeAh4V4NZpjBs2I0Pcbdhfic7x-DF69vLhCKw'}
2020-07-22 17:05:18,441-xiaoyin_log-INFO-54 line-请求方法为：post
2020-07-22 17:05:18,441-xiaoyin_log-INFO-55 line-请求url为：http://api.lemonban.com/futureloan/member/recharge
2020-07-22 17:05:18,441-xiaoyin_log-INFO-56 line-请求数据为：{'member_id': 15.0, 'amount': 600}
2020-07-22 17:05:18,515-xiaoyin_log-INFO-65 line-响应状态码：200
2020-07-22 17:05:18,515-xiaoyin_log-INFO-66 line-响应数据：{'code': 2, 'msg': '数字格式化异常', 'data': None, 'copyright': 'Copyright 柠檬班 © 2017-2020 湖南省零檬信息技术有限公司 All Rights Reserved'}
2020-07-22 17:05:18,515-xiaoyin_log-INFO-92 line-期望结果为：{'code': 2, 'msg': '数字格式化异常'}
2020-07-22 17:05:18,516-xiaoyin_log-INFO-110 line-==================接口用例执行结束==================
2020-07-22 17:05:18,516-xiaoyin_log-INFO-69 line-==================接口用例执行开始==================
2020-07-22 17:05:18,516-xiaoyin_log-INFO-53 line-请求头为：{'X-Lemonban-Media-Type': 'lemonban.v2', 'Content-Type': 'application/json', 'Authorization': 'Bearer eyJhbGciOiJIUzUxMiJ9.eyJtZW1iZXJfaWQiOjIwNDk5NjcsImV4cCI6MTU5NTQwOTAxNX0.njoNo9wjaogk7npIFlhWXRhhWHviEvm_FnAYuKQsh6CeKSuTXOeAh4V4NZpjBs2I0Pcbdhfic7x-DF69vLhCKw'}
2020-07-22 17:05:18,517-xiaoyin_log-INFO-54 line-请求方法为：post
2020-07-22 17:05:18,517-xiaoyin_log-INFO-55 line-请求url为：http://api.lemonban.com/futureloan/member/recharge
2020-07-22 17:05:18,517-xiaoyin_log-INFO-56 line-请求数据为：{'member_id': 2049967, 'amount': 0}
2020-07-22 17:05:18,592-xiaoyin_log-INFO-65 line-响应状态码：200
2020-07-22 17:05:18,593-xiaoyin_log-INFO-66 line-响应数据：{'code': 0, 'msg': 'OK', 'data': {'id': 2049967, 'leave_amount': 4522802.88, 'mobile_phone': '18770915871', 'reg_name': '小柠檬', 'reg_time': '2020-07-22 14:54:27.0', 'type': 1}, 'copyright': 'Copyright 柠檬班 © 2017-2020 湖南省零檬信息技术有限公司 All Rights Reserved'}
2020-07-22 17:05:18,593-xiaoyin_log-INFO-92 line-期望结果为：{'code': 2, 'msg': '金额必须大于0并且小于或者等于500000'}
2020-07-22 17:05:18,593-xiaoyin_log-INFO-106 line-断言失败
2020-07-22 17:05:18,593-xiaoyin_log-INFO-110 line-==================接口用例执行结束==================
2020-07-22 17:05:18,594-xiaoyin_log-INFO-69 line-==================接口用例执行开始==================
2020-07-22 17:05:18,595-xiaoyin_log-INFO-53 line-请求头为：{'X-Lemonban-Media-Type': 'lemonban.v2', 'Content-Type': 'application/json', 'Authorization': 'Bearer eyJhbGciOiJIUzUxMiJ9.eyJtZW1iZXJfaWQiOjIwNDk5NjcsImV4cCI6MTU5NTQwOTAxNX0.njoNo9wjaogk7npIFlhWXRhhWHviEvm_FnAYuKQsh6CeKSuTXOeAh4V4NZpjBs2I0Pcbdhfic7x-DF69vLhCKw'}
2020-07-22 17:05:18,595-xiaoyin_log-INFO-54 line-请求方法为：post
2020-07-22 17:05:18,595-xiaoyin_log-INFO-55 line-请求url为：http://api.lemonban.com/futureloan/member/recharge
2020-07-22 17:05:18,595-xiaoyin_log-INFO-56 line-请求数据为：{'member_id': 2049967, 'amount': -600}
2020-07-22 17:05:18,670-xiaoyin_log-INFO-65 line-响应状态码：200
2020-07-22 17:05:18,670-xiaoyin_log-INFO-66 line-响应数据：{'code': 2, 'msg': '余额必须大于0并且小于或者等于500000', 'data': None, 'copyright': 'Copyright 柠檬班 © 2017-2020 湖南省零檬信息技术有限公司 All Rights Reserved'}
2020-07-22 17:05:18,670-xiaoyin_log-INFO-92 line-期望结果为：{'code': 2, 'msg': '金额必须大于0并且小于或者等于500000'}
2020-07-22 17:05:18,671-xiaoyin_log-INFO-106 line-断言失败
2020-07-22 17:05:18,671-xiaoyin_log-INFO-110 line-==================接口用例执行结束==================
2020-07-22 17:05:18,672-xiaoyin_log-INFO-69 line-==================接口用例执行开始==================
2020-07-22 17:05:18,672-xiaoyin_log-INFO-53 line-请求头为：{'X-Lemonban-Media-Type': 'lemonban.v2', 'Content-Type': 'application/json', 'Authorization': 'Bearer eyJhbGciOiJIUzUxMiJ9.eyJtZW1iZXJfaWQiOjIwNDk5NjcsImV4cCI6MTU5NTQwOTAxNX0.njoNo9wjaogk7npIFlhWXRhhWHviEvm_FnAYuKQsh6CeKSuTXOeAh4V4NZpjBs2I0Pcbdhfic7x-DF69vLhCKw'}
2020-07-22 17:05:18,673-xiaoyin_log-INFO-54 line-请求方法为：post
2020-07-22 17:05:18,673-xiaoyin_log-INFO-55 line-请求url为：http://api.lemonban.com/futureloan/member/recharge
2020-07-22 17:05:18,673-xiaoyin_log-INFO-56 line-请求数据为：{'member_id': 2049967}
2020-07-22 17:05:18,739-xiaoyin_log-INFO-65 line-响应状态码：200
2020-07-22 17:05:18,739-xiaoyin_log-INFO-66 line-响应数据：{'code': 2, 'msg': '余额必须为数值型', 'data': None, 'copyright': 'Copyright 柠檬班 © 2017-2020 湖南省零檬信息技术有限公司 All Rights Reserved'}
2020-07-22 17:05:18,739-xiaoyin_log-INFO-92 line-期望结果为：{'code': 1, 'msg': '充值金额为空'}
2020-07-22 17:05:18,739-xiaoyin_log-INFO-106 line-断言失败
2020-07-22 17:05:18,740-xiaoyin_log-INFO-110 line-==================接口用例执行结束==================
2020-07-22 17:05:18,741-xiaoyin_log-INFO-69 line-==================接口用例执行开始==================
2020-07-22 17:05:18,741-xiaoyin_log-INFO-53 line-请求头为：{'X-Lemonban-Media-Type': 'lemonban.v2', 'Content-Type': 'application/json', 'Authorization': 'Bearer eyJhbGciOiJIUzUxMiJ9.eyJtZW1iZXJfaWQiOjIwNDk5NjcsImV4cCI6MTU5NTQwOTAxNX0.njoNo9wjaogk7npIFlhWXRhhWHviEvm_FnAYuKQsh6CeKSuTXOeAh4V4NZpjBs2I0Pcbdhfic7x-DF69vLhCKw'}
2020-07-22 17:05:18,741-xiaoyin_log-INFO-54 line-请求方法为：post
2020-07-22 17:05:18,742-xiaoyin_log-INFO-55 line-请求url为：http://api.lemonban.com/futureloan/member/recharge
2020-07-22 17:05:18,742-xiaoyin_log-INFO-56 line-请求数据为：{'member_id': 2049967, 'amount': 600.222}
2020-07-22 17:05:18,806-xiaoyin_log-INFO-65 line-响应状态码：200
2020-07-22 17:05:18,807-xiaoyin_log-INFO-66 line-响应数据：{'code': 2, 'msg': '余额小数超过两位', 'data': None, 'copyright': 'Copyright 柠檬班 © 2017-2020 湖南省零檬信息技术有限公司 All Rights Reserved'}
2020-07-22 17:05:18,807-xiaoyin_log-INFO-92 line-期望结果为：{'code': 2, 'msg': '金额小数超过两位'}
2020-07-22 17:05:18,807-xiaoyin_log-INFO-106 line-断言失败
2020-07-22 17:05:18,807-xiaoyin_log-INFO-110 line-==================接口用例执行结束==================
2020-07-22 17:05:18,809-xiaoyin_log-INFO-69 line-==================接口用例执行开始==================
2020-07-22 17:05:18,809-xiaoyin_log-INFO-53 line-请求头为：{'X-Lemonban-Media-Type': 'lemonban.v2', 'Content-Type': 'application/json', 'Authorization': 'Bearer eyJhbGciOiJIUzUxMiJ9.eyJtZW1iZXJfaWQiOjIwNDk5NjcsImV4cCI6MTU5NTQwOTAxNX0.njoNo9wjaogk7npIFlhWXRhhWHviEvm_FnAYuKQsh6CeKSuTXOeAh4V4NZpjBs2I0Pcbdhfic7x-DF69vLhCKw'}
2020-07-22 17:05:18,809-xiaoyin_log-INFO-54 line-请求方法为：post
2020-07-22 17:05:18,810-xiaoyin_log-INFO-55 line-请求url为：http://api.lemonban.com/futureloan/member/recharge
2020-07-22 17:05:18,810-xiaoyin_log-INFO-56 line-请求数据为：{'member_id': 2049967, 'amount': 500001}
2020-07-22 17:05:18,881-xiaoyin_log-INFO-65 line-响应状态码：200
2020-07-22 17:05:18,881-xiaoyin_log-INFO-66 line-响应数据：{'code': 2, 'msg': '余额必须大于0并且小于或者等于500000', 'data': None, 'copyright': 'Copyright 柠檬班 © 2017-2020 湖南省零檬信息技术有限公司 All Rights Reserved'}
2020-07-22 17:05:18,881-xiaoyin_log-INFO-92 line-期望结果为：{'code': 2, 'msg': '金额必须大于0并且小于或者等于500000'}
2020-07-22 17:05:18,881-xiaoyin_log-INFO-106 line-断言失败
2020-07-22 17:05:18,882-xiaoyin_log-INFO-110 line-==================接口用例执行结束==================
2020-07-22 17:05:18,883-xiaoyin_log-INFO-69 line-==================接口用例执行开始==================
2020-07-22 17:05:18,884-xiaoyin_log-INFO-53 line-请求头为：{'X-Lemonban-Media-Type': 'lemonban.v2', 'Content-Type': 'application/json', 'Authorization': 'Bearer eyJhbGciOiJIUzUxMiJ9.eyJtZW1iZXJfaWQiOjIwNDk5NjcsImV4cCI6MTU5NTQwOTAxNX0.njoNo9wjaogk7npIFlhWXRhhWHviEvm_FnAYuKQsh6CeKSuTXOeAh4V4NZpjBs2I0Pcbdhfic7x-DF69vLhCKw'}
2020-07-22 17:05:18,884-xiaoyin_log-INFO-54 line-请求方法为：post
2020-07-22 17:05:18,884-xiaoyin_log-INFO-55 line-请求url为：http://api.lemonban.com/futureloan/member/recharge
2020-07-22 17:05:18,884-xiaoyin_log-INFO-56 line-请求数据为：{'member_id': 2049967, 'amount': '5万'}
2020-07-22 17:05:18,951-xiaoyin_log-INFO-65 line-响应状态码：200
2020-07-22 17:05:18,951-xiaoyin_log-INFO-66 line-响应数据：{'code': 2, 'msg': '数字格式化异常', 'data': None, 'copyright': 'Copyright 柠檬班 © 2017-2020 湖南省零檬信息技术有限公司 All Rights Reserved'}
2020-07-22 17:05:18,951-xiaoyin_log-INFO-92 line-期望结果为：{'code': 2, 'msg': '数字格式化异常'}
2020-07-22 17:05:18,951-xiaoyin_log-INFO-110 line-==================接口用例执行结束==================
2020-07-22 17:05:18,951-xiaoyin_log-INFO-114 line-==================充值模块接口测试结束==================
