2020-07-22 16:06:21,441-xiaoyin_log-INFO-58 line-==================充值模块接口测试开始==================
2020-07-22 16:06:21,441-xiaoyin_log-INFO-53 line-请求头为：{'X-Lemonban-Media-Type': 'lemonban.v2', 'Content-Type': 'application/json'}
2020-07-22 16:06:21,442-xiaoyin_log-INFO-54 line-请求方法为：post
2020-07-22 16:06:21,442-xiaoyin_log-INFO-55 line-请求url为：http://api.lemonban.com/futureloan/member/register
2020-07-22 16:06:21,442-xiaoyin_log-INFO-56 line-请求数据为：{'mobile_phone': '18770915871', 'pwd': '19940916'}
2020-07-22 16:06:21,545-xiaoyin_log-INFO-65 line-响应状态码：200
2020-07-22 16:06:21,545-xiaoyin_log-INFO-66 line-响应数据：{'code': 2, 'msg': '账号已存在', 'data': None, 'copyright': 'Copyright 柠檬班 © 2017-2020 湖南省零檬信息技术有限公司 All Rights Reserved'}
2020-07-22 16:06:21,545-xiaoyin_log-INFO-53 line-请求头为：{'X-Lemonban-Media-Type': 'lemonban.v2', 'Content-Type': 'application/json'}
2020-07-22 16:06:21,545-xiaoyin_log-INFO-54 line-请求方法为：post
2020-07-22 16:06:21,545-xiaoyin_log-INFO-55 line-请求url为：http://api.lemonban.com/futureloan/member/login
2020-07-22 16:06:21,545-xiaoyin_log-INFO-56 line-请求数据为：{'mobile_phone': '18770915871', 'pwd': '19940916'}
2020-07-22 16:06:21,648-xiaoyin_log-INFO-65 line-响应状态码：200
2020-07-22 16:06:21,648-xiaoyin_log-INFO-66 line-响应数据：{'code': 0, 'msg': 'OK', 'data': {'id': 2049967, 'leave_amount': 1507200.96, 'mobile_phone': '18770915871', 'reg_name': '小柠檬', 'reg_time': '2020-07-22 14:54:27.0', 'type': 1, 'token_info': {'token_type': 'Bearer', 'expires_in': '2020-07-22 16:11:19', 'token': 'eyJhbGciOiJIUzUxMiJ9.eyJtZW1iZXJfaWQiOjIwNDk5NjcsImV4cCI6MTU5NTQwNTQ3OX0.8FFgINQy_PRleGUIt4xLiTr-yr8OgcFodtJyjP5mubZskOHtfEJzRn_bGgZMICyvSSpsPHKqEF4WjFpzK6Y4Iw'}}, 'copyright': 'Copyright 柠檬班 © 2017-2020 湖南省零檬信息技术有限公司 All Rights Reserved'}
2020-07-22 16:06:21,649-xiaoyin_log-INFO-61 line-登录的响应数据为：{'code': 0, 'msg': 'OK', 'data': {'id': 2049967, 'leave_amount': 1507200.96, 'mobile_phone': '18770915871', 'reg_name': '小柠檬', 'reg_time': '2020-07-22 14:54:27.0', 'type': 1, 'token_info': {'token_type': 'Bearer', 'expires_in': '2020-07-22 16:11:19', 'token': 'eyJhbGciOiJIUzUxMiJ9.eyJtZW1iZXJfaWQiOjIwNDk5NjcsImV4cCI6MTU5NTQwNTQ3OX0.8FFgINQy_PRleGUIt4xLiTr-yr8OgcFodtJyjP5mubZskOHtfEJzRn_bGgZMICyvSSpsPHKqEF4WjFpzK6Y4Iw'}}, 'copyright': 'Copyright 柠檬班 © 2017-2020 湖南省零檬信息技术有限公司 All Rights Reserved'}
2020-07-22 16:06:21,650-xiaoyin_log-INFO-66 line-登录用户id:2049967
 token:eyJhbGciOiJIUzUxMiJ9.eyJtZW1iZXJfaWQiOjIwNDk5NjcsImV4cCI6MTU5NTQwNTQ3OX0.8FFgINQy_PRleGUIt4xLiTr-yr8OgcFodtJyjP5mubZskOHtfEJzRn_bGgZMICyvSSpsPHKqEF4WjFpzK6Y4Iw
2020-07-22 16:06:21,652-xiaoyin_log-INFO-69 line-==================接口用例执行开始==================
2020-07-22 16:06:21,723-xiaoyin_log-INFO-108 line-==================接口用例执行结束==================
2020-07-22 16:06:21,726-xiaoyin_log-INFO-69 line-==================接口用例执行开始==================
2020-07-22 16:06:21,793-xiaoyin_log-INFO-108 line-==================接口用例执行结束==================
2020-07-22 16:06:21,795-xiaoyin_log-INFO-69 line-==================接口用例执行开始==================
2020-07-22 16:06:21,861-xiaoyin_log-INFO-108 line-==================接口用例执行结束==================
2020-07-22 16:06:21,864-xiaoyin_log-INFO-69 line-==================接口用例执行开始==================
2020-07-22 16:06:21,931-xiaoyin_log-INFO-108 line-==================接口用例执行结束==================
2020-07-22 16:06:21,933-xiaoyin_log-INFO-69 line-==================接口用例执行开始==================
2020-07-22 16:06:21,933-xiaoyin_log-INFO-53 line-请求头为：{'X-Lemonban-Media-Type': 'lemonban.v2', 'Content-Type': 'application/json', 'Authorization': 'Bearer eyJhbGciOiJIUzUxMiJ9.eyJtZW1iZXJfaWQiOjIwNDk5NjcsImV4cCI6MTU5NTQwNTQ3OX0.8FFgINQy_PRleGUIt4xLiTr-yr8OgcFodtJyjP5mubZskOHtfEJzRn_bGgZMICyvSSpsPHKqEF4WjFpzK6Y4Iw'}
2020-07-22 16:06:21,933-xiaoyin_log-INFO-54 line-请求方法为：post
2020-07-22 16:06:21,933-xiaoyin_log-INFO-55 line-请求url为：http://api.lemonban.com/futureloan/member/recharge
2020-07-22 16:06:21,933-xiaoyin_log-INFO-56 line-请求数据为：{'amount': 600}
2020-07-22 16:06:22,004-xiaoyin_log-INFO-65 line-响应状态码：200
2020-07-22 16:06:22,005-xiaoyin_log-INFO-66 line-响应数据：{'code': 1, 'msg': '用户id为空', 'data': None, 'copyright': 'Copyright 柠檬班 © 2017-2020 湖南省零檬信息技术有限公司 All Rights Reserved'}
2020-07-22 16:06:22,005-xiaoyin_log-INFO-90 line-期望结果为：{'code': 1, 'msg': '用户id为空'}
2020-07-22 16:06:22,005-xiaoyin_log-INFO-108 line-==================接口用例执行结束==================
2020-07-22 16:06:22,005-xiaoyin_log-INFO-69 line-==================接口用例执行开始==================
2020-07-22 16:06:22,006-xiaoyin_log-INFO-53 line-请求头为：{'X-Lemonban-Media-Type': 'lemonban.v2', 'Content-Type': 'application/json', 'Authorization': 'Bearer eyJhbGciOiJIUzUxMiJ9.eyJtZW1iZXJfaWQiOjIwNDk5NjcsImV4cCI6MTU5NTQwNTQ3OX0.8FFgINQy_PRleGUIt4xLiTr-yr8OgcFodtJyjP5mubZskOHtfEJzRn_bGgZMICyvSSpsPHKqEF4WjFpzK6Y4Iw'}
2020-07-22 16:06:22,006-xiaoyin_log-INFO-54 line-请求方法为：post
2020-07-22 16:06:22,006-xiaoyin_log-INFO-55 line-请求url为：http://api.lemonban.com/futureloan/member/recharge
2020-07-22 16:06:22,006-xiaoyin_log-INFO-56 line-请求数据为：{'member_id': 98989898, 'amount': 600}
2020-07-22 16:06:22,071-xiaoyin_log-INFO-65 line-响应状态码：200
2020-07-22 16:06:22,071-xiaoyin_log-INFO-66 line-响应数据：{'code': 1007, 'msg': '无权限访问，请检查参数', 'data': None, 'copyright': 'Copyright 柠檬班 © 2017-2020 湖南省零檬信息技术有限公司 All Rights Reserved'}
2020-07-22 16:06:22,071-xiaoyin_log-INFO-90 line-期望结果为：{'code': 1007, 'msg': '无权限访问，请检查参数'}
2020-07-22 16:06:22,072-xiaoyin_log-INFO-108 line-==================接口用例执行结束==================
2020-07-22 16:06:22,072-xiaoyin_log-INFO-69 line-==================接口用例执行开始==================
2020-07-22 16:06:22,072-xiaoyin_log-INFO-53 line-请求头为：{'X-Lemonban-Media-Type': 'lemonban.v2', 'Content-Type': 'application/json', 'Authorization': 'Bearer eyJhbGciOiJIUzUxMiJ9.eyJtZW1iZXJfaWQiOjIwNDk5NjcsImV4cCI6MTU5NTQwNTQ3OX0.8FFgINQy_PRleGUIt4xLiTr-yr8OgcFodtJyjP5mubZskOHtfEJzRn_bGgZMICyvSSpsPHKqEF4WjFpzK6Y4Iw'}
2020-07-22 16:06:22,072-xiaoyin_log-INFO-54 line-请求方法为：post
2020-07-22 16:06:22,072-xiaoyin_log-INFO-55 line-请求url为：http://api.lemonban.com/futureloan/member/recharge
2020-07-22 16:06:22,073-xiaoyin_log-INFO-56 line-请求数据为：{'member_id': '#member_id#', 'amount': 600}
2020-07-22 16:06:22,138-xiaoyin_log-INFO-65 line-响应状态码：200
2020-07-22 16:06:22,138-xiaoyin_log-INFO-66 line-响应数据：{'code': 2, 'msg': '数字格式化异常', 'data': None, 'copyright': 'Copyright 柠檬班 © 2017-2020 湖南省零檬信息技术有限公司 All Rights Reserved'}
2020-07-22 16:06:22,138-xiaoyin_log-INFO-90 line-期望结果为：{'code': 2, 'msg': '数字格式化异常'}
2020-07-22 16:06:22,138-xiaoyin_log-INFO-108 line-==================接口用例执行结束==================
2020-07-22 16:06:22,138-xiaoyin_log-INFO-69 line-==================接口用例执行开始==================
2020-07-22 16:06:22,139-xiaoyin_log-INFO-53 line-请求头为：{'X-Lemonban-Media-Type': 'lemonban.v2', 'Content-Type': 'application/json', 'Authorization': 'Bearer eyJhbGciOiJIUzUxMiJ9.eyJtZW1iZXJfaWQiOjIwNDk5NjcsImV4cCI6MTU5NTQwNTQ3OX0.8FFgINQy_PRleGUIt4xLiTr-yr8OgcFodtJyjP5mubZskOHtfEJzRn_bGgZMICyvSSpsPHKqEF4WjFpzK6Y4Iw'}
2020-07-22 16:06:22,139-xiaoyin_log-INFO-54 line-请求方法为：post
2020-07-22 16:06:22,139-xiaoyin_log-INFO-55 line-请求url为：http://api.lemonban.com/futureloan/member/recharge
2020-07-22 16:06:22,139-xiaoyin_log-INFO-56 line-请求数据为：{'member_id': 15.0, 'amount': 600}
2020-07-22 16:06:22,210-xiaoyin_log-INFO-65 line-响应状态码：200
2020-07-22 16:06:22,210-xiaoyin_log-INFO-66 line-响应数据：{'code': 2, 'msg': '数字格式化异常', 'data': None, 'copyright': 'Copyright 柠檬班 © 2017-2020 湖南省零檬信息技术有限公司 All Rights Reserved'}
2020-07-22 16:06:22,210-xiaoyin_log-INFO-90 line-期望结果为：{'code': 2, 'msg': '数字格式化异常'}
2020-07-22 16:06:22,210-xiaoyin_log-INFO-108 line-==================接口用例执行结束==================
2020-07-22 16:06:22,211-xiaoyin_log-INFO-69 line-==================接口用例执行开始==================
2020-07-22 16:06:22,211-xiaoyin_log-INFO-108 line-==================接口用例执行结束==================
2020-07-22 16:06:22,213-xiaoyin_log-INFO-69 line-==================接口用例执行开始==================
2020-07-22 16:06:22,214-xiaoyin_log-INFO-108 line-==================接口用例执行结束==================
2020-07-22 16:06:22,217-xiaoyin_log-INFO-69 line-==================接口用例执行开始==================
2020-07-22 16:06:22,218-xiaoyin_log-INFO-108 line-==================接口用例执行结束==================
2020-07-22 16:06:22,220-xiaoyin_log-INFO-69 line-==================接口用例执行开始==================
2020-07-22 16:06:22,220-xiaoyin_log-INFO-108 line-==================接口用例执行结束==================
2020-07-22 16:06:22,225-xiaoyin_log-INFO-69 line-==================接口用例执行开始==================
2020-07-22 16:06:22,225-xiaoyin_log-INFO-108 line-==================接口用例执行结束==================
2020-07-22 16:06:22,227-xiaoyin_log-INFO-69 line-==================接口用例执行开始==================
2020-07-22 16:06:22,227-xiaoyin_log-INFO-108 line-==================接口用例执行结束==================
2020-07-22 16:06:22,232-xiaoyin_log-INFO-112 line-==================充值模块接口测试结束==================
