2020-07-22 16:43:56,902-xiaoyin_log-INFO-58 line-==================充值模块接口测试开始==================
2020-07-22 16:43:56,902-xiaoyin_log-INFO-53 line-请求头为：{'X-Lemonban-Media-Type': 'lemonban.v2', 'Content-Type': 'application/json'}
2020-07-22 16:43:56,903-xiaoyin_log-INFO-54 line-请求方法为：post
2020-07-22 16:43:56,903-xiaoyin_log-INFO-55 line-请求url为：http://api.lemonban.com/futureloan/member/register
2020-07-22 16:43:56,903-xiaoyin_log-INFO-56 line-请求数据为：{'mobile_phone': '18770915871', 'pwd': '19940916'}
2020-07-22 16:43:57,006-xiaoyin_log-INFO-65 line-响应状态码：200
2020-07-22 16:43:57,006-xiaoyin_log-INFO-66 line-响应数据：{'code': 2, 'msg': '账号已存在', 'data': None, 'copyright': 'Copyright 柠檬班 © 2017-2020 湖南省零檬信息技术有限公司 All Rights Reserved'}
2020-07-22 16:43:57,006-xiaoyin_log-INFO-53 line-请求头为：{'X-Lemonban-Media-Type': 'lemonban.v2', 'Content-Type': 'application/json'}
2020-07-22 16:43:57,006-xiaoyin_log-INFO-54 line-请求方法为：post
2020-07-22 16:43:57,006-xiaoyin_log-INFO-55 line-请求url为：http://api.lemonban.com/futureloan/member/login
2020-07-22 16:43:57,007-xiaoyin_log-INFO-56 line-请求数据为：{'mobile_phone': '18770915871', 'pwd': '19940916'}
2020-07-22 16:43:57,119-xiaoyin_log-INFO-65 line-响应状态码：200
2020-07-22 16:43:57,120-xiaoyin_log-INFO-66 line-响应数据：{'code': 0, 'msg': 'OK', 'data': {'id': 2049967, 'leave_amount': 1507200.96, 'mobile_phone': '18770915871', 'reg_name': '小柠檬', 'reg_time': '2020-07-22 14:54:27.0', 'type': 1, 'token_info': {'token_type': 'Bearer', 'expires_in': '2020-07-22 16:48:55', 'token': 'eyJhbGciOiJIUzUxMiJ9.eyJtZW1iZXJfaWQiOjIwNDk5NjcsImV4cCI6MTU5NTQwNzczNX0.9UBP8Atz-Ctf1CEBph5O_O17a5pIMSnIv3oznYy9-9CGPo2f_Prp9ZJb-XZmiBe825U8XLdTYFbUgJdhGJ7lmQ'}}, 'copyright': 'Copyright 柠檬班 © 2017-2020 湖南省零檬信息技术有限公司 All Rights Reserved'}
2020-07-22 16:43:57,120-xiaoyin_log-INFO-61 line-登录的响应数据为：{'code': 0, 'msg': 'OK', 'data': {'id': 2049967, 'leave_amount': 1507200.96, 'mobile_phone': '18770915871', 'reg_name': '小柠檬', 'reg_time': '2020-07-22 14:54:27.0', 'type': 1, 'token_info': {'token_type': 'Bearer', 'expires_in': '2020-07-22 16:48:55', 'token': 'eyJhbGciOiJIUzUxMiJ9.eyJtZW1iZXJfaWQiOjIwNDk5NjcsImV4cCI6MTU5NTQwNzczNX0.9UBP8Atz-Ctf1CEBph5O_O17a5pIMSnIv3oznYy9-9CGPo2f_Prp9ZJb-XZmiBe825U8XLdTYFbUgJdhGJ7lmQ'}}, 'copyright': 'Copyright 柠檬班 © 2017-2020 湖南省零檬信息技术有限公司 All Rights Reserved'}
2020-07-22 16:43:57,121-xiaoyin_log-INFO-66 line-登录用户id:2049967
 token:eyJhbGciOiJIUzUxMiJ9.eyJtZW1iZXJfaWQiOjIwNDk5NjcsImV4cCI6MTU5NTQwNzczNX0.9UBP8Atz-Ctf1CEBph5O_O17a5pIMSnIv3oznYy9-9CGPo2f_Prp9ZJb-XZmiBe825U8XLdTYFbUgJdhGJ7lmQ
2020-07-22 16:43:57,124-xiaoyin_log-INFO-69 line-==================接口用例执行开始==================
2020-07-22 16:43:57,194-xiaoyin_log-INFO-80 line-充值之前用户余额：1507200.96
2020-07-22 16:43:57,194-xiaoyin_log-INFO-82 line-充值金额为：600
2020-07-22 16:43:57,194-xiaoyin_log-INFO-84 line-充值之后的金额为：1507800.96
2020-07-22 16:43:57,194-xiaoyin_log-INFO-109 line-==================接口用例执行结束==================
2020-07-22 16:43:57,197-xiaoyin_log-INFO-69 line-==================接口用例执行开始==================
2020-07-22 16:43:57,197-xiaoyin_log-INFO-109 line-==================接口用例执行结束==================
2020-07-22 16:43:57,198-xiaoyin_log-INFO-69 line-==================接口用例执行开始==================
2020-07-22 16:43:57,198-xiaoyin_log-INFO-109 line-==================接口用例执行结束==================
2020-07-22 16:43:57,201-xiaoyin_log-INFO-69 line-==================接口用例执行开始==================
2020-07-22 16:43:57,201-xiaoyin_log-INFO-109 line-==================接口用例执行结束==================
2020-07-22 16:43:57,202-xiaoyin_log-INFO-69 line-==================接口用例执行开始==================
2020-07-22 16:43:57,203-xiaoyin_log-INFO-53 line-请求头为：{'X-Lemonban-Media-Type': 'lemonban.v2', 'Content-Type': 'application/json', 'Authorization': 'Bearer eyJhbGciOiJIUzUxMiJ9.eyJtZW1iZXJfaWQiOjIwNDk5NjcsImV4cCI6MTU5NTQwNzczNX0.9UBP8Atz-Ctf1CEBph5O_O17a5pIMSnIv3oznYy9-9CGPo2f_Prp9ZJb-XZmiBe825U8XLdTYFbUgJdhGJ7lmQ'}
2020-07-22 16:43:57,203-xiaoyin_log-INFO-54 line-请求方法为：post
2020-07-22 16:43:57,203-xiaoyin_log-INFO-55 line-请求url为：http://api.lemonban.com/futureloan/member/recharge
2020-07-22 16:43:57,203-xiaoyin_log-INFO-56 line-请求数据为：{'amount': 600}
2020-07-22 16:43:57,275-xiaoyin_log-INFO-65 line-响应状态码：200
2020-07-22 16:43:57,275-xiaoyin_log-INFO-66 line-响应数据：{'code': 1, 'msg': '用户id为空', 'data': None, 'copyright': 'Copyright 柠檬班 © 2017-2020 湖南省零檬信息技术有限公司 All Rights Reserved'}
2020-07-22 16:43:57,275-xiaoyin_log-INFO-91 line-期望结果为：{'code': 1, 'msg': '用户id为空'}
2020-07-22 16:43:57,276-xiaoyin_log-INFO-109 line-==================接口用例执行结束==================
2020-07-22 16:43:57,276-xiaoyin_log-INFO-69 line-==================接口用例执行开始==================
2020-07-22 16:43:57,276-xiaoyin_log-INFO-53 line-请求头为：{'X-Lemonban-Media-Type': 'lemonban.v2', 'Content-Type': 'application/json', 'Authorization': 'Bearer eyJhbGciOiJIUzUxMiJ9.eyJtZW1iZXJfaWQiOjIwNDk5NjcsImV4cCI6MTU5NTQwNzczNX0.9UBP8Atz-Ctf1CEBph5O_O17a5pIMSnIv3oznYy9-9CGPo2f_Prp9ZJb-XZmiBe825U8XLdTYFbUgJdhGJ7lmQ'}
2020-07-22 16:43:57,276-xiaoyin_log-INFO-54 line-请求方法为：post
2020-07-22 16:43:57,276-xiaoyin_log-INFO-55 line-请求url为：http://api.lemonban.com/futureloan/member/recharge
2020-07-22 16:43:57,276-xiaoyin_log-INFO-56 line-请求数据为：{'member_id': 98989898, 'amount': 600}
2020-07-22 16:43:57,343-xiaoyin_log-INFO-65 line-响应状态码：200
2020-07-22 16:43:57,343-xiaoyin_log-INFO-66 line-响应数据：{'code': 1007, 'msg': '无权限访问，请检查参数', 'data': None, 'copyright': 'Copyright 柠檬班 © 2017-2020 湖南省零檬信息技术有限公司 All Rights Reserved'}
2020-07-22 16:43:57,344-xiaoyin_log-INFO-91 line-期望结果为：{'code': 1007, 'msg': '无权限访问，请检查参数'}
2020-07-22 16:43:57,344-xiaoyin_log-INFO-109 line-==================接口用例执行结束==================
2020-07-22 16:43:57,344-xiaoyin_log-INFO-69 line-==================接口用例执行开始==================
2020-07-22 16:43:57,345-xiaoyin_log-INFO-53 line-请求头为：{'X-Lemonban-Media-Type': 'lemonban.v2', 'Content-Type': 'application/json', 'Authorization': 'Bearer eyJhbGciOiJIUzUxMiJ9.eyJtZW1iZXJfaWQiOjIwNDk5NjcsImV4cCI6MTU5NTQwNzczNX0.9UBP8Atz-Ctf1CEBph5O_O17a5pIMSnIv3oznYy9-9CGPo2f_Prp9ZJb-XZmiBe825U8XLdTYFbUgJdhGJ7lmQ'}
2020-07-22 16:43:57,345-xiaoyin_log-INFO-54 line-请求方法为：post
2020-07-22 16:43:57,345-xiaoyin_log-INFO-55 line-请求url为：http://api.lemonban.com/futureloan/member/recharge
2020-07-22 16:43:57,345-xiaoyin_log-INFO-56 line-请求数据为：{'member_id': '2049967', 'amount': 600}
2020-07-22 16:43:57,423-xiaoyin_log-INFO-65 line-响应状态码：200
2020-07-22 16:43:57,423-xiaoyin_log-INFO-66 line-响应数据：{'code': 0, 'msg': 'OK', 'data': {'id': 2049967, 'leave_amount': 1507800.96, 'mobile_phone': '18770915871', 'reg_name': '小柠檬', 'reg_time': '2020-07-22 14:54:27.0', 'type': 1}, 'copyright': 'Copyright 柠檬班 © 2017-2020 湖南省零檬信息技术有限公司 All Rights Reserved'}
2020-07-22 16:43:57,423-xiaoyin_log-INFO-91 line-期望结果为：{'code': 2, 'msg': '数字格式化异常'}
2020-07-22 16:43:57,424-xiaoyin_log-INFO-105 line-断言失败
2020-07-22 16:43:57,424-xiaoyin_log-INFO-109 line-==================接口用例执行结束==================
2020-07-22 16:43:57,425-xiaoyin_log-INFO-69 line-==================接口用例执行开始==================
2020-07-22 16:43:57,425-xiaoyin_log-INFO-53 line-请求头为：{'X-Lemonban-Media-Type': 'lemonban.v2', 'Content-Type': 'application/json', 'Authorization': 'Bearer eyJhbGciOiJIUzUxMiJ9.eyJtZW1iZXJfaWQiOjIwNDk5NjcsImV4cCI6MTU5NTQwNzczNX0.9UBP8Atz-Ctf1CEBph5O_O17a5pIMSnIv3oznYy9-9CGPo2f_Prp9ZJb-XZmiBe825U8XLdTYFbUgJdhGJ7lmQ'}
2020-07-22 16:43:57,426-xiaoyin_log-INFO-54 line-请求方法为：post
2020-07-22 16:43:57,426-xiaoyin_log-INFO-55 line-请求url为：http://api.lemonban.com/futureloan/member/recharge
2020-07-22 16:43:57,426-xiaoyin_log-INFO-56 line-请求数据为：{'member_id': 15.0, 'amount': 600}
2020-07-22 16:43:57,490-xiaoyin_log-INFO-65 line-响应状态码：200
2020-07-22 16:43:57,490-xiaoyin_log-INFO-66 line-响应数据：{'code': 2, 'msg': '数字格式化异常', 'data': None, 'copyright': 'Copyright 柠檬班 © 2017-2020 湖南省零檬信息技术有限公司 All Rights Reserved'}
2020-07-22 16:43:57,490-xiaoyin_log-INFO-91 line-期望结果为：{'code': 2, 'msg': '数字格式化异常'}
2020-07-22 16:43:57,491-xiaoyin_log-INFO-109 line-==================接口用例执行结束==================
2020-07-22 16:43:57,491-xiaoyin_log-INFO-69 line-==================接口用例执行开始==================
2020-07-22 16:43:57,491-xiaoyin_log-INFO-53 line-请求头为：{'X-Lemonban-Media-Type': 'lemonban.v2', 'Content-Type': 'application/json', 'Authorization': 'Bearer eyJhbGciOiJIUzUxMiJ9.eyJtZW1iZXJfaWQiOjIwNDk5NjcsImV4cCI6MTU5NTQwNzczNX0.9UBP8Atz-Ctf1CEBph5O_O17a5pIMSnIv3oznYy9-9CGPo2f_Prp9ZJb-XZmiBe825U8XLdTYFbUgJdhGJ7lmQ'}
2020-07-22 16:43:57,491-xiaoyin_log-INFO-54 line-请求方法为：post
2020-07-22 16:43:57,492-xiaoyin_log-INFO-55 line-请求url为：http://api.lemonban.com/futureloan/member/recharge
2020-07-22 16:43:57,492-xiaoyin_log-INFO-56 line-请求数据为：{'member_id': 2049967, 'amount': 0}
2020-07-22 16:43:57,566-xiaoyin_log-INFO-65 line-响应状态码：200
2020-07-22 16:43:57,566-xiaoyin_log-INFO-66 line-响应数据：{'code': 0, 'msg': 'OK', 'data': {'id': 2049967, 'leave_amount': 1507800.96, 'mobile_phone': '18770915871', 'reg_name': '小柠檬', 'reg_time': '2020-07-22 14:54:27.0', 'type': 1}, 'copyright': 'Copyright 柠檬班 © 2017-2020 湖南省零檬信息技术有限公司 All Rights Reserved'}
2020-07-22 16:43:57,566-xiaoyin_log-INFO-91 line-期望结果为：{'code': 2, 'msg': '金额必须大于0并且小于或者等于500000'}
2020-07-22 16:43:57,566-xiaoyin_log-INFO-105 line-断言失败
2020-07-22 16:43:57,566-xiaoyin_log-INFO-109 line-==================接口用例执行结束==================
2020-07-22 16:43:57,568-xiaoyin_log-INFO-69 line-==================接口用例执行开始==================
2020-07-22 16:43:57,568-xiaoyin_log-INFO-53 line-请求头为：{'X-Lemonban-Media-Type': 'lemonban.v2', 'Content-Type': 'application/json', 'Authorization': 'Bearer eyJhbGciOiJIUzUxMiJ9.eyJtZW1iZXJfaWQiOjIwNDk5NjcsImV4cCI6MTU5NTQwNzczNX0.9UBP8Atz-Ctf1CEBph5O_O17a5pIMSnIv3oznYy9-9CGPo2f_Prp9ZJb-XZmiBe825U8XLdTYFbUgJdhGJ7lmQ'}
2020-07-22 16:43:57,568-xiaoyin_log-INFO-54 line-请求方法为：post
2020-07-22 16:43:57,568-xiaoyin_log-INFO-55 line-请求url为：http://api.lemonban.com/futureloan/member/recharge
2020-07-22 16:43:57,568-xiaoyin_log-INFO-56 line-请求数据为：{'member_id': 2049967, 'amount': -600}
2020-07-22 16:43:57,633-xiaoyin_log-INFO-65 line-响应状态码：200
2020-07-22 16:43:57,634-xiaoyin_log-INFO-66 line-响应数据：{'code': 2, 'msg': '余额必须大于0并且小于或者等于500000', 'data': None, 'copyright': 'Copyright 柠檬班 © 2017-2020 湖南省零檬信息技术有限公司 All Rights Reserved'}
2020-07-22 16:43:57,634-xiaoyin_log-INFO-91 line-期望结果为：{'code': 2, 'msg': '金额必须大于0并且小于或者等于500000'}
2020-07-22 16:43:57,634-xiaoyin_log-INFO-105 line-断言失败
2020-07-22 16:43:57,634-xiaoyin_log-INFO-109 line-==================接口用例执行结束==================
2020-07-22 16:43:57,636-xiaoyin_log-INFO-69 line-==================接口用例执行开始==================
2020-07-22 16:43:57,636-xiaoyin_log-INFO-53 line-请求头为：{'X-Lemonban-Media-Type': 'lemonban.v2', 'Content-Type': 'application/json', 'Authorization': 'Bearer eyJhbGciOiJIUzUxMiJ9.eyJtZW1iZXJfaWQiOjIwNDk5NjcsImV4cCI6MTU5NTQwNzczNX0.9UBP8Atz-Ctf1CEBph5O_O17a5pIMSnIv3oznYy9-9CGPo2f_Prp9ZJb-XZmiBe825U8XLdTYFbUgJdhGJ7lmQ'}
2020-07-22 16:43:57,637-xiaoyin_log-INFO-54 line-请求方法为：post
2020-07-22 16:43:57,637-xiaoyin_log-INFO-55 line-请求url为：http://api.lemonban.com/futureloan/member/recharge
2020-07-22 16:43:57,637-xiaoyin_log-INFO-56 line-请求数据为：{'member_id': 2049967}
2020-07-22 16:43:57,710-xiaoyin_log-INFO-65 line-响应状态码：200
2020-07-22 16:43:57,711-xiaoyin_log-INFO-66 line-响应数据：{'code': 2, 'msg': '余额必须为数值型', 'data': None, 'copyright': 'Copyright 柠檬班 © 2017-2020 湖南省零檬信息技术有限公司 All Rights Reserved'}
2020-07-22 16:43:57,711-xiaoyin_log-INFO-91 line-期望结果为：{'code': 1, 'msg': '充值金额为空'}
2020-07-22 16:43:57,711-xiaoyin_log-INFO-105 line-断言失败
2020-07-22 16:43:57,711-xiaoyin_log-INFO-109 line-==================接口用例执行结束==================
2020-07-22 16:43:57,712-xiaoyin_log-INFO-69 line-==================接口用例执行开始==================
2020-07-22 16:43:57,713-xiaoyin_log-INFO-53 line-请求头为：{'X-Lemonban-Media-Type': 'lemonban.v2', 'Content-Type': 'application/json', 'Authorization': 'Bearer eyJhbGciOiJIUzUxMiJ9.eyJtZW1iZXJfaWQiOjIwNDk5NjcsImV4cCI6MTU5NTQwNzczNX0.9UBP8Atz-Ctf1CEBph5O_O17a5pIMSnIv3oznYy9-9CGPo2f_Prp9ZJb-XZmiBe825U8XLdTYFbUgJdhGJ7lmQ'}
2020-07-22 16:43:57,713-xiaoyin_log-INFO-54 line-请求方法为：post
2020-07-22 16:43:57,713-xiaoyin_log-INFO-55 line-请求url为：http://api.lemonban.com/futureloan/member/recharge
2020-07-22 16:43:57,713-xiaoyin_log-INFO-56 line-请求数据为：{'member_id': 2049967, 'amount': 600.222}
2020-07-22 16:43:57,783-xiaoyin_log-INFO-65 line-响应状态码：200
2020-07-22 16:43:57,783-xiaoyin_log-INFO-66 line-响应数据：{'code': 2, 'msg': '余额小数超过两位', 'data': None, 'copyright': 'Copyright 柠檬班 © 2017-2020 湖南省零檬信息技术有限公司 All Rights Reserved'}
2020-07-22 16:43:57,784-xiaoyin_log-INFO-91 line-期望结果为：{'code': 2, 'msg': '金额小数超过两位'}
2020-07-22 16:43:57,784-xiaoyin_log-INFO-105 line-断言失败
2020-07-22 16:43:57,784-xiaoyin_log-INFO-109 line-==================接口用例执行结束==================
2020-07-22 16:43:57,785-xiaoyin_log-INFO-69 line-==================接口用例执行开始==================
2020-07-22 16:43:57,786-xiaoyin_log-INFO-53 line-请求头为：{'X-Lemonban-Media-Type': 'lemonban.v2', 'Content-Type': 'application/json', 'Authorization': 'Bearer eyJhbGciOiJIUzUxMiJ9.eyJtZW1iZXJfaWQiOjIwNDk5NjcsImV4cCI6MTU5NTQwNzczNX0.9UBP8Atz-Ctf1CEBph5O_O17a5pIMSnIv3oznYy9-9CGPo2f_Prp9ZJb-XZmiBe825U8XLdTYFbUgJdhGJ7lmQ'}
2020-07-22 16:43:57,786-xiaoyin_log-INFO-54 line-请求方法为：post
2020-07-22 16:43:57,786-xiaoyin_log-INFO-55 line-请求url为：http://api.lemonban.com/futureloan/member/recharge
2020-07-22 16:43:57,786-xiaoyin_log-INFO-56 line-请求数据为：{'member_id': 2049967, 'amount': 500001}
2020-07-22 16:43:57,853-xiaoyin_log-INFO-65 line-响应状态码：200
2020-07-22 16:43:57,853-xiaoyin_log-INFO-66 line-响应数据：{'code': 2, 'msg': '余额必须大于0并且小于或者等于500000', 'data': None, 'copyright': 'Copyright 柠檬班 © 2017-2020 湖南省零檬信息技术有限公司 All Rights Reserved'}
2020-07-22 16:43:57,853-xiaoyin_log-INFO-91 line-期望结果为：{'code': 2, 'msg': '金额必须大于0并且小于或者等于500000'}
2020-07-22 16:43:57,853-xiaoyin_log-INFO-105 line-断言失败
2020-07-22 16:43:57,853-xiaoyin_log-INFO-109 line-==================接口用例执行结束==================
2020-07-22 16:43:57,855-xiaoyin_log-INFO-69 line-==================接口用例执行开始==================
2020-07-22 16:43:57,856-xiaoyin_log-INFO-53 line-请求头为：{'X-Lemonban-Media-Type': 'lemonban.v2', 'Content-Type': 'application/json', 'Authorization': 'Bearer eyJhbGciOiJIUzUxMiJ9.eyJtZW1iZXJfaWQiOjIwNDk5NjcsImV4cCI6MTU5NTQwNzczNX0.9UBP8Atz-Ctf1CEBph5O_O17a5pIMSnIv3oznYy9-9CGPo2f_Prp9ZJb-XZmiBe825U8XLdTYFbUgJdhGJ7lmQ'}
2020-07-22 16:43:57,856-xiaoyin_log-INFO-54 line-请求方法为：post
2020-07-22 16:43:57,856-xiaoyin_log-INFO-55 line-请求url为：http://api.lemonban.com/futureloan/member/recharge
2020-07-22 16:43:57,856-xiaoyin_log-INFO-56 line-请求数据为：{'member_id': 2049967, 'amount': '5万'}
2020-07-22 16:43:57,930-xiaoyin_log-INFO-65 line-响应状态码：200
2020-07-22 16:43:57,930-xiaoyin_log-INFO-66 line-响应数据：{'code': 2, 'msg': '数字格式化异常', 'data': None, 'copyright': 'Copyright 柠檬班 © 2017-2020 湖南省零檬信息技术有限公司 All Rights Reserved'}
2020-07-22 16:43:57,930-xiaoyin_log-INFO-91 line-期望结果为：{'code': 2, 'msg': '数字格式化异常'}
2020-07-22 16:43:57,930-xiaoyin_log-INFO-109 line-==================接口用例执行结束==================
2020-07-22 16:43:57,930-xiaoyin_log-INFO-113 line-==================充值模块接口测试结束==================
