2020-07-14 16:18:36,970-xiaoyin_log-INFO-30 line-==================登录模块接口测试开始==================
2020-07-14 16:18:36,970-xiaoyin_log-INFO-33 line-==================接口用例执行开始==================
2020-07-14 16:18:36,970-xiaoyin_log-INFO-37 line-==================用例1执行开始==================
2020-07-14 16:18:36,971-xiaoyin_log-INFO-53 line-请求头为：{'X-Lemonban-Media-Type': 'lemonban.v2', 'Content-Type': 'application/json'}
2020-07-14 16:18:36,971-xiaoyin_log-INFO-54 line-请求方法为：post
2020-07-14 16:18:36,971-xiaoyin_log-INFO-55 line-请求url为：http://api.lemonban.com/futureloan/member/login
2020-07-14 16:18:36,971-xiaoyin_log-INFO-56 line-请求数据为：{'mobile_phone': '18770915871', 'pwd': '19940916'}
2020-07-14 16:18:37,101-xiaoyin_log-INFO-65 line-响应状态码：200
2020-07-14 16:18:37,101-xiaoyin_log-INFO-66 line-响应数据：{'code': 0, 'msg': 'OK', 'data': {'id': 199785, 'leave_amount': 489895.02, 'mobile_phone': '18770915871', 'reg_name': '小音', 'reg_time': '2020-06-28 11:08:08.0', 'type': 1, 'token_info': {'token_type': 'Bearer', 'expires_in': '2020-07-14 16:23:37', 'token': 'eyJhbGciOiJIUzUxMiJ9.eyJtZW1iZXJfaWQiOjE5OTc4NSwiZXhwIjoxNTk0NzE1MDE3fQ.CG_YBpSJPe5WJ-OgbFk-uBGEvAIRtv7tXO5scpCCwVYhTXa5WYKjzIWMlPtZaAu865So3gZiZ8vO3nsLMCrDkw'}}, 'copyright': 'Copyright 柠檬班 © 2017-2020 湖南省零檬信息技术有限公司 All Rights Reserved'}
2020-07-14 16:18:37,102-xiaoyin_log-INFO-46 line-预期结果为：{'code': 0, 'msg': 'OK', 'data': {'id': 199785, 'leave_amount': 0.0, 'mobile_phone': '18770915871', 'reg_name': '小音', 'reg_time': '2020-06-28 11:08:08.0', 'type': 1, 'token_info': {'token_type': 'Bearer', 'expires_in': '2020-06-28 13:31:16', 'token': 'eyJhbGciOiJIUzUxMiJ9.eyJtZW1iZXJfaWQiOjE5OTc4NSwiZXhwIjoxNTkzMzIyMjc2fQ.PHKGVip5rzziMPEMm8rRecha5vbjXsZdxtDzQetweWJcfMdNinB-hAekn6QzEP7ScboAZoxKg_Ul2bLqxhJt3A'}}, 'copyright': 'Copyright 柠檬班 © 2017-2020 湖南省零檬信息技术有限公司 All Rights Reserved'}
2020-07-14 16:18:37,102-xiaoyin_log-INFO-55 line-==================用例1执行结束==================
2020-07-14 16:18:37,102-xiaoyin_log-INFO-58 line-==================接口用例执行结束==================
2020-07-14 16:18:37,102-xiaoyin_log-INFO-33 line-==================接口用例执行开始==================
2020-07-14 16:18:37,102-xiaoyin_log-INFO-37 line-==================用例2执行开始==================
2020-07-14 16:18:37,102-xiaoyin_log-INFO-53 line-请求头为：{'X-Lemonban-Media-Type': 'lemonban.v2', 'Content-Type': 'application/json'}
2020-07-14 16:18:37,102-xiaoyin_log-INFO-54 line-请求方法为：post
2020-07-14 16:18:37,102-xiaoyin_log-INFO-55 line-请求url为：http://api.lemonban.com/futureloan/member/login
2020-07-14 16:18:37,102-xiaoyin_log-INFO-56 line-请求数据为：{'mobile_phone': '18770915843', 'pwd': '19960325'}
2020-07-14 16:18:37,229-xiaoyin_log-INFO-65 line-响应状态码：200
2020-07-14 16:18:37,229-xiaoyin_log-INFO-66 line-响应数据：{'code': 0, 'msg': 'OK', 'data': {'id': 199803, 'leave_amount': 0.0, 'mobile_phone': '18770915843', 'reg_name': '小柠檬', 'reg_time': '2020-06-28 11:33:20.0', 'type': 0, 'token_info': {'token_type': 'Bearer', 'expires_in': '2020-07-14 16:23:37', 'token': 'eyJhbGciOiJIUzUxMiJ9.eyJtZW1iZXJfaWQiOjE5OTgwMywiZXhwIjoxNTk0NzE1MDE3fQ.ydLbL1iwRvnOB4s1DdFCy9altZrisWePI6E7jnjUVOVAq6eOqFRz498aEmP-E8lqCCTp3GJqmvimo7SYZE2Xww'}}, 'copyright': 'Copyright 柠檬班 © 2017-2020 湖南省零檬信息技术有限公司 All Rights Reserved'}
2020-07-14 16:18:37,229-xiaoyin_log-INFO-46 line-预期结果为：{'code': 0, 'msg': 'OK', 'data': {'id': 199803, 'leave_amount': 0.0, 'mobile_phone': '18770915843', 'reg_name': '小柠檬', 'reg_time': '2020-06-28 11:33:20.0', 'type': 0, 'token_info': {'token_type': 'Bearer', 'expires_in': '2020-06-28 13:45:11', 'token': 'eyJhbGciOiJIUzUxMiJ9.eyJtZW1iZXJfaWQiOjE5OTgwMywiZXhwIjoxNTkzMzIzMTExfQ.bf44X2mfesWLLKr0xPk4NOir03WZRff5OtKc9UBlEAi6TR3Glbr9I4GNK_27I3UxAUEJQ4eFhlBUQN9UiWIN4Q'}}, 'copyright': 'Copyright 柠檬班 © 2017-2020 湖南省零檬信息技术有限公司 All Rights Reserved'}
2020-07-14 16:18:37,229-xiaoyin_log-INFO-55 line-==================用例2执行结束==================
2020-07-14 16:18:37,229-xiaoyin_log-INFO-58 line-==================接口用例执行结束==================
2020-07-14 16:18:37,229-xiaoyin_log-INFO-33 line-==================接口用例执行开始==================
2020-07-14 16:18:37,230-xiaoyin_log-INFO-37 line-==================用例3执行开始==================
2020-07-14 16:18:37,230-xiaoyin_log-INFO-53 line-请求头为：{'X-Lemonban-Media-Type': 'lemonban.v2', 'Content-Type': 'application/json'}
2020-07-14 16:18:37,230-xiaoyin_log-INFO-54 line-请求方法为：post
2020-07-14 16:18:37,230-xiaoyin_log-INFO-55 line-请求url为：http://api.lemonban.com/futureloan/member/login
2020-07-14 16:18:37,230-xiaoyin_log-INFO-56 line-请求数据为：{'mobile_phone': '', 'pwd': '19960325'}
2020-07-14 16:18:37,297-xiaoyin_log-INFO-65 line-响应状态码：200
2020-07-14 16:18:37,297-xiaoyin_log-INFO-66 line-响应数据：{'code': 1, 'msg': '手机号码为空', 'data': None, 'copyright': 'Copyright 柠檬班 © 2017-2020 湖南省零檬信息技术有限公司 All Rights Reserved'}
2020-07-14 16:18:37,297-xiaoyin_log-INFO-46 line-预期结果为：{'code': 1, 'msg': '手机号码为空', 'data': None, 'copyright': 'Copyright 柠檬班 © 2017-2020 湖南省零檬信息技术有限公司 All Rights Reserved'}
2020-07-14 16:18:37,297-xiaoyin_log-INFO-55 line-==================用例3执行结束==================
2020-07-14 16:18:37,297-xiaoyin_log-INFO-58 line-==================接口用例执行结束==================
2020-07-14 16:18:37,297-xiaoyin_log-INFO-33 line-==================接口用例执行开始==================
2020-07-14 16:18:37,298-xiaoyin_log-INFO-37 line-==================用例4执行开始==================
2020-07-14 16:18:37,298-xiaoyin_log-INFO-53 line-请求头为：{'X-Lemonban-Media-Type': 'lemonban.v2', 'Content-Type': 'application/json'}
2020-07-14 16:18:37,298-xiaoyin_log-INFO-54 line-请求方法为：post
2020-07-14 16:18:37,298-xiaoyin_log-INFO-55 line-请求url为：http://api.lemonban.com/futureloan/member/login
2020-07-14 16:18:37,298-xiaoyin_log-INFO-56 line-请求数据为：{'mobile_phone': '18775515843', 'pwd': '19960325'}
2020-07-14 16:18:37,429-xiaoyin_log-INFO-65 line-响应状态码：200
2020-07-14 16:18:37,429-xiaoyin_log-INFO-66 line-响应数据：{'code': 1001, 'msg': '账号信息错误', 'data': None, 'copyright': 'Copyright 柠檬班 © 2017-2020 湖南省零檬信息技术有限公司 All Rights Reserved'}
2020-07-14 16:18:37,429-xiaoyin_log-INFO-46 line-预期结果为：{'code': 1001, 'msg': '账号信息错误', 'data': None, 'copyright': 'Copyright 柠檬班 © 2017-2020 湖南省零檬信息技术有限公司 All Rights Reserved'}
2020-07-14 16:18:37,429-xiaoyin_log-INFO-55 line-==================用例4执行结束==================
2020-07-14 16:18:37,429-xiaoyin_log-INFO-58 line-==================接口用例执行结束==================
2020-07-14 16:18:37,429-xiaoyin_log-INFO-33 line-==================接口用例执行开始==================
2020-07-14 16:18:37,430-xiaoyin_log-INFO-37 line-==================用例5执行开始==================
2020-07-14 16:18:37,430-xiaoyin_log-INFO-53 line-请求头为：{'X-Lemonban-Media-Type': 'lemonban.v2', 'Content-Type': 'application/json'}
2020-07-14 16:18:37,430-xiaoyin_log-INFO-54 line-请求方法为：post
2020-07-14 16:18:37,430-xiaoyin_log-INFO-55 line-请求url为：http://api.lemonban.com/futureloan/member/login
2020-07-14 16:18:37,430-xiaoyin_log-INFO-56 line-请求数据为：{'mobile_phone': '18770915843', 'pwd': ''}
2020-07-14 16:18:37,495-xiaoyin_log-INFO-65 line-响应状态码：200
2020-07-14 16:18:37,495-xiaoyin_log-INFO-66 line-响应数据：{'code': 1, 'msg': '密码为空', 'data': None, 'copyright': 'Copyright 柠檬班 © 2017-2020 湖南省零檬信息技术有限公司 All Rights Reserved'}
2020-07-14 16:18:37,496-xiaoyin_log-INFO-46 line-预期结果为：{'code': 1, 'msg': '密码为空', 'data': None, 'copyright': 'Copyright 柠檬班 © 2017-2020 湖南省零檬信息技术有限公司 All Rights Reserved'}
2020-07-14 16:18:37,496-xiaoyin_log-INFO-55 line-==================用例5执行结束==================
2020-07-14 16:18:37,496-xiaoyin_log-INFO-58 line-==================接口用例执行结束==================
2020-07-14 16:18:37,496-xiaoyin_log-INFO-33 line-==================接口用例执行开始==================
2020-07-14 16:18:37,496-xiaoyin_log-INFO-37 line-==================用例6执行开始==================
2020-07-14 16:18:37,496-xiaoyin_log-INFO-53 line-请求头为：{'X-Lemonban-Media-Type': 'lemonban.v2', 'Content-Type': 'application/json'}
2020-07-14 16:18:37,496-xiaoyin_log-INFO-54 line-请求方法为：post
2020-07-14 16:18:37,496-xiaoyin_log-INFO-55 line-请求url为：http://api.lemonban.com/futureloan/member/login
2020-07-14 16:18:37,496-xiaoyin_log-INFO-56 line-请求数据为：{'mobile_phone': '18770915843', 'pwd': '199605'}
2020-07-14 16:18:37,624-xiaoyin_log-INFO-65 line-响应状态码：200
2020-07-14 16:18:37,625-xiaoyin_log-INFO-66 line-响应数据：{'code': 1001, 'msg': '账号信息错误', 'data': None, 'copyright': 'Copyright 柠檬班 © 2017-2020 湖南省零檬信息技术有限公司 All Rights Reserved'}
2020-07-14 16:18:37,625-xiaoyin_log-INFO-46 line-预期结果为：{'code': 1001, 'msg': '账号信息错误', 'data': None, 'copyright': 'Copyright 柠檬班 © 2017-2020 湖南省零檬信息技术有限公司 All Rights Reserved'}
2020-07-14 16:18:37,625-xiaoyin_log-INFO-55 line-==================用例6执行结束==================
2020-07-14 16:18:37,625-xiaoyin_log-INFO-58 line-==================接口用例执行结束==================
2020-07-14 16:18:37,625-xiaoyin_log-INFO-62 line-==================登录模块接口测试结束==================
2020-07-14 16:18:37,625-xiaoyin_log-INFO-42 line-==================充值模块接口测试开始==================
2020-07-14 16:18:37,625-xiaoyin_log-INFO-53 line-请求头为：{'X-Lemonban-Media-Type': 'lemonban.v2', 'Content-Type': 'application/json'}
2020-07-14 16:18:37,625-xiaoyin_log-INFO-54 line-请求方法为：post
2020-07-14 16:18:37,625-xiaoyin_log-INFO-55 line-请求url为：http://api.lemonban.com/futureloan/member/register
2020-07-14 16:18:37,626-xiaoyin_log-INFO-56 line-请求数据为：{'mobile_phone': '18770915871', 'pwd': '19940916'}
2020-07-14 16:18:37,753-xiaoyin_log-INFO-65 line-响应状态码：200
2020-07-14 16:18:37,753-xiaoyin_log-INFO-66 line-响应数据：{'code': 2, 'msg': '账号已存在', 'data': None, 'copyright': 'Copyright 柠檬班 © 2017-2020 湖南省零檬信息技术有限公司 All Rights Reserved'}
2020-07-14 16:18:37,753-xiaoyin_log-INFO-53 line-请求头为：{'X-Lemonban-Media-Type': 'lemonban.v2', 'Content-Type': 'application/json'}
2020-07-14 16:18:37,753-xiaoyin_log-INFO-54 line-请求方法为：post
2020-07-14 16:18:37,753-xiaoyin_log-INFO-55 line-请求url为：http://api.lemonban.com/futureloan/member/login
2020-07-14 16:18:37,753-xiaoyin_log-INFO-56 line-请求数据为：{'mobile_phone': '18770915871', 'pwd': '19940916'}
2020-07-14 16:18:37,825-xiaoyin_log-INFO-65 line-响应状态码：200
2020-07-14 16:18:37,825-xiaoyin_log-INFO-66 line-响应数据：{'code': 0, 'msg': 'OK', 'data': {'id': 199785, 'leave_amount': 489895.02, 'mobile_phone': '18770915871', 'reg_name': '小音', 'reg_time': '2020-06-28 11:08:08.0', 'type': 1, 'token_info': {'token_type': 'Bearer', 'expires_in': '2020-07-14 16:23:38', 'token': 'eyJhbGciOiJIUzUxMiJ9.eyJtZW1iZXJfaWQiOjE5OTc4NSwiZXhwIjoxNTk0NzE1MDE4fQ.AoWGvnfI0PJC60eCxiAjSxjSrnHZznBDbwUakSgk0X7VZh1_UywdI3BhLSdxx1dW-caoJy9_QvVM40IlErqkcA'}}, 'copyright': 'Copyright 柠檬班 © 2017-2020 湖南省零檬信息技术有限公司 All Rights Reserved'}
2020-07-14 16:18:37,825-xiaoyin_log-INFO-45 line-登录的响应数据为：{'code': 0, 'msg': 'OK', 'data': {'id': 199785, 'leave_amount': 489895.02, 'mobile_phone': '18770915871', 'reg_name': '小音', 'reg_time': '2020-06-28 11:08:08.0', 'type': 1, 'token_info': {'token_type': 'Bearer', 'expires_in': '2020-07-14 16:23:38', 'token': 'eyJhbGciOiJIUzUxMiJ9.eyJtZW1iZXJfaWQiOjE5OTc4NSwiZXhwIjoxNTk0NzE1MDE4fQ.AoWGvnfI0PJC60eCxiAjSxjSrnHZznBDbwUakSgk0X7VZh1_UywdI3BhLSdxx1dW-caoJy9_QvVM40IlErqkcA'}}, 'copyright': 'Copyright 柠檬班 © 2017-2020 湖南省零檬信息技术有限公司 All Rights Reserved'}
2020-07-14 16:18:37,826-xiaoyin_log-INFO-48 line-登录用户id:199785
 token:eyJhbGciOiJIUzUxMiJ9.eyJtZW1iZXJfaWQiOjE5OTc4NSwiZXhwIjoxNTk0NzE1MDE4fQ.AoWGvnfI0PJC60eCxiAjSxjSrnHZznBDbwUakSgk0X7VZh1_UywdI3BhLSdxx1dW-caoJy9_QvVM40IlErqkcA
2020-07-14 16:18:37,826-xiaoyin_log-INFO-51 line-==================接口用例执行开始==================
2020-07-14 16:18:37,892-xiaoyin_log-INFO-61 line-充值之前用户余额：489895.02
2020-07-14 16:18:37,892-xiaoyin_log-INFO-63 line-充值金额为：600
2020-07-14 16:18:37,892-xiaoyin_log-INFO-65 line-充值之后的金额为：490495.02
2020-07-14 16:18:37,892-xiaoyin_log-INFO-53 line-请求头为：{'X-Lemonban-Media-Type': 'lemonban.v2', 'Content-Type': 'application/json', 'Authorization': 'Bearer eyJhbGciOiJIUzUxMiJ9.eyJtZW1iZXJfaWQiOjE5OTc4NSwiZXhwIjoxNTk0NzE1MDE4fQ.AoWGvnfI0PJC60eCxiAjSxjSrnHZznBDbwUakSgk0X7VZh1_UywdI3BhLSdxx1dW-caoJy9_QvVM40IlErqkcA'}
2020-07-14 16:18:37,892-xiaoyin_log-INFO-54 line-请求方法为：post
2020-07-14 16:18:37,893-xiaoyin_log-INFO-55 line-请求url为：http://api.lemonban.com/futureloan/member/recharge
2020-07-14 16:18:37,893-xiaoyin_log-INFO-56 line-请求数据为：{'member_id': 199785, 'amount': 600}
2020-07-14 16:18:37,975-xiaoyin_log-INFO-65 line-响应状态码：200
2020-07-14 16:18:37,976-xiaoyin_log-INFO-66 line-响应数据：{'code': 0, 'msg': 'OK', 'data': {'id': 199785, 'leave_amount': 490495.02, 'mobile_phone': '18770915871', 'reg_name': '小音', 'reg_time': '2020-06-28 11:08:08.0', 'type': 1}, 'copyright': 'Copyright 柠檬班 © 2017-2020 湖南省零檬信息技术有限公司 All Rights Reserved'}
2020-07-14 16:18:37,976-xiaoyin_log-INFO-71 line-期望结果为：{'code': 0, 'msg': 'OK', 'data': {'id': 199785, 'leave_amount': 490495.02}}
2020-07-14 16:18:38,040-xiaoyin_log-INFO-81 line-充值之后用余额：490495.02
2020-07-14 16:18:38,040-xiaoyin_log-INFO-89 line-==================接口用例执行结束==================
2020-07-14 16:18:38,040-xiaoyin_log-INFO-51 line-==================接口用例执行开始==================
2020-07-14 16:18:38,106-xiaoyin_log-INFO-61 line-充值之前用户余额：490495.02
2020-07-14 16:18:38,106-xiaoyin_log-INFO-63 line-充值金额为：600.1
2020-07-14 16:18:38,106-xiaoyin_log-INFO-65 line-充值之后的金额为：491095.12
2020-07-14 16:18:38,106-xiaoyin_log-INFO-53 line-请求头为：{'X-Lemonban-Media-Type': 'lemonban.v2', 'Content-Type': 'application/json', 'Authorization': 'Bearer eyJhbGciOiJIUzUxMiJ9.eyJtZW1iZXJfaWQiOjE5OTc4NSwiZXhwIjoxNTk0NzE1MDE4fQ.AoWGvnfI0PJC60eCxiAjSxjSrnHZznBDbwUakSgk0X7VZh1_UywdI3BhLSdxx1dW-caoJy9_QvVM40IlErqkcA'}
2020-07-14 16:18:38,107-xiaoyin_log-INFO-54 line-请求方法为：post
2020-07-14 16:18:38,107-xiaoyin_log-INFO-55 line-请求url为：http://api.lemonban.com/futureloan/member/recharge
2020-07-14 16:18:38,107-xiaoyin_log-INFO-56 line-请求数据为：{'member_id': 199785, 'amount': 600.1}
2020-07-14 16:18:38,191-xiaoyin_log-INFO-65 line-响应状态码：200
2020-07-14 16:18:38,191-xiaoyin_log-INFO-66 line-响应数据：{'code': 0, 'msg': 'OK', 'data': {'id': 199785, 'leave_amount': 491095.12, 'mobile_phone': '18770915871', 'reg_name': '小音', 'reg_time': '2020-06-28 11:08:08.0', 'type': 1}, 'copyright': 'Copyright 柠檬班 © 2017-2020 湖南省零檬信息技术有限公司 All Rights Reserved'}
2020-07-14 16:18:38,191-xiaoyin_log-INFO-71 line-期望结果为：{'code': 0, 'msg': 'OK', 'data': {'id': 199785, 'leave_amount': 491095.12}}
2020-07-14 16:18:38,256-xiaoyin_log-INFO-81 line-充值之后用余额：491095.12
2020-07-14 16:18:38,256-xiaoyin_log-INFO-89 line-==================接口用例执行结束==================
2020-07-14 16:18:38,257-xiaoyin_log-INFO-51 line-==================接口用例执行开始==================
2020-07-14 16:18:38,321-xiaoyin_log-INFO-61 line-充值之前用户余额：491095.12
2020-07-14 16:18:38,321-xiaoyin_log-INFO-63 line-充值金额为：600.22
2020-07-14 16:18:38,322-xiaoyin_log-INFO-65 line-充值之后的金额为：491695.34
2020-07-14 16:18:38,322-xiaoyin_log-INFO-53 line-请求头为：{'X-Lemonban-Media-Type': 'lemonban.v2', 'Content-Type': 'application/json', 'Authorization': 'Bearer eyJhbGciOiJIUzUxMiJ9.eyJtZW1iZXJfaWQiOjE5OTc4NSwiZXhwIjoxNTk0NzE1MDE4fQ.AoWGvnfI0PJC60eCxiAjSxjSrnHZznBDbwUakSgk0X7VZh1_UywdI3BhLSdxx1dW-caoJy9_QvVM40IlErqkcA'}
2020-07-14 16:18:38,322-xiaoyin_log-INFO-54 line-请求方法为：post
2020-07-14 16:18:38,322-xiaoyin_log-INFO-55 line-请求url为：http://api.lemonban.com/futureloan/member/recharge
2020-07-14 16:18:38,322-xiaoyin_log-INFO-56 line-请求数据为：{'member_id': 199785, 'amount': 600.22}
2020-07-14 16:18:38,400-xiaoyin_log-INFO-65 line-响应状态码：200
2020-07-14 16:18:38,400-xiaoyin_log-INFO-66 line-响应数据：{'code': 0, 'msg': 'OK', 'data': {'id': 199785, 'leave_amount': 491695.34, 'mobile_phone': '18770915871', 'reg_name': '小音', 'reg_time': '2020-06-28 11:08:08.0', 'type': 1}, 'copyright': 'Copyright 柠檬班 © 2017-2020 湖南省零檬信息技术有限公司 All Rights Reserved'}
2020-07-14 16:18:38,401-xiaoyin_log-INFO-71 line-期望结果为：{'code': 0, 'msg': 'OK', 'data': {'id': 199785, 'leave_amount': 491695.34}}
2020-07-14 16:18:38,464-xiaoyin_log-INFO-81 line-充值之后用余额：491695.34
2020-07-14 16:18:38,464-xiaoyin_log-INFO-89 line-==================接口用例执行结束==================
2020-07-14 16:18:38,465-xiaoyin_log-INFO-51 line-==================接口用例执行开始==================
2020-07-14 16:18:38,531-xiaoyin_log-INFO-61 line-充值之前用户余额：491695.34
2020-07-14 16:18:38,531-xiaoyin_log-INFO-63 line-充值金额为：500000
2020-07-14 16:18:38,531-xiaoyin_log-INFO-65 line-充值之后的金额为：991695.34
2020-07-14 16:18:38,531-xiaoyin_log-INFO-53 line-请求头为：{'X-Lemonban-Media-Type': 'lemonban.v2', 'Content-Type': 'application/json', 'Authorization': 'Bearer eyJhbGciOiJIUzUxMiJ9.eyJtZW1iZXJfaWQiOjE5OTc4NSwiZXhwIjoxNTk0NzE1MDE4fQ.AoWGvnfI0PJC60eCxiAjSxjSrnHZznBDbwUakSgk0X7VZh1_UywdI3BhLSdxx1dW-caoJy9_QvVM40IlErqkcA'}
2020-07-14 16:18:38,531-xiaoyin_log-INFO-54 line-请求方法为：post
2020-07-14 16:18:38,531-xiaoyin_log-INFO-55 line-请求url为：http://api.lemonban.com/futureloan/member/recharge
2020-07-14 16:18:38,532-xiaoyin_log-INFO-56 line-请求数据为：{'member_id': 199785, 'amount': 500000}
2020-07-14 16:18:38,611-xiaoyin_log-INFO-65 line-响应状态码：200
2020-07-14 16:18:38,612-xiaoyin_log-INFO-66 line-响应数据：{'code': 0, 'msg': 'OK', 'data': {'id': 199785, 'leave_amount': 991695.34, 'mobile_phone': '18770915871', 'reg_name': '小音', 'reg_time': '2020-06-28 11:08:08.0', 'type': 1}, 'copyright': 'Copyright 柠檬班 © 2017-2020 湖南省零檬信息技术有限公司 All Rights Reserved'}
2020-07-14 16:18:38,612-xiaoyin_log-INFO-71 line-期望结果为：{'code': 0, 'msg': 'OK', 'data': {'id': 199785, 'leave_amount': 991695.34}}
2020-07-14 16:18:38,677-xiaoyin_log-INFO-81 line-充值之后用余额：991695.34
2020-07-14 16:18:38,678-xiaoyin_log-INFO-89 line-==================接口用例执行结束==================
2020-07-14 16:18:38,678-xiaoyin_log-INFO-51 line-==================接口用例执行开始==================
2020-07-14 16:18:38,678-xiaoyin_log-INFO-53 line-请求头为：{'X-Lemonban-Media-Type': 'lemonban.v2', 'Content-Type': 'application/json', 'Authorization': 'Bearer eyJhbGciOiJIUzUxMiJ9.eyJtZW1iZXJfaWQiOjE5OTc4NSwiZXhwIjoxNTk0NzE1MDE4fQ.AoWGvnfI0PJC60eCxiAjSxjSrnHZznBDbwUakSgk0X7VZh1_UywdI3BhLSdxx1dW-caoJy9_QvVM40IlErqkcA'}
2020-07-14 16:18:38,678-xiaoyin_log-INFO-54 line-请求方法为：post
2020-07-14 16:18:38,678-xiaoyin_log-INFO-55 line-请求url为：http://api.lemonban.com/futureloan/member/recharge
2020-07-14 16:18:38,678-xiaoyin_log-INFO-56 line-请求数据为：{'amount': 600}
2020-07-14 16:18:38,747-xiaoyin_log-INFO-65 line-响应状态码：200
2020-07-14 16:18:38,747-xiaoyin_log-INFO-66 line-响应数据：{'code': 1, 'msg': '用户id为空', 'data': None, 'copyright': 'Copyright 柠檬班 © 2017-2020 湖南省零檬信息技术有限公司 All Rights Reserved'}
2020-07-14 16:18:38,747-xiaoyin_log-INFO-71 line-期望结果为：{'code': 1, 'msg': '用户id为空'}
2020-07-14 16:18:38,748-xiaoyin_log-INFO-89 line-==================接口用例执行结束==================
2020-07-14 16:18:38,748-xiaoyin_log-INFO-51 line-==================接口用例执行开始==================
2020-07-14 16:18:38,748-xiaoyin_log-INFO-53 line-请求头为：{'X-Lemonban-Media-Type': 'lemonban.v2', 'Content-Type': 'application/json', 'Authorization': 'Bearer eyJhbGciOiJIUzUxMiJ9.eyJtZW1iZXJfaWQiOjE5OTc4NSwiZXhwIjoxNTk0NzE1MDE4fQ.AoWGvnfI0PJC60eCxiAjSxjSrnHZznBDbwUakSgk0X7VZh1_UywdI3BhLSdxx1dW-caoJy9_QvVM40IlErqkcA'}
2020-07-14 16:18:38,748-xiaoyin_log-INFO-54 line-请求方法为：post
2020-07-14 16:18:38,748-xiaoyin_log-INFO-55 line-请求url为：http://api.lemonban.com/futureloan/member/recharge
2020-07-14 16:18:38,748-xiaoyin_log-INFO-56 line-请求数据为：{'member_id': 98989898, 'amount': 600}
2020-07-14 16:18:38,820-xiaoyin_log-INFO-65 line-响应状态码：200
2020-07-14 16:18:38,820-xiaoyin_log-INFO-66 line-响应数据：{'code': 1007, 'msg': '无权限访问，请检查参数', 'data': None, 'copyright': 'Copyright 柠檬班 © 2017-2020 湖南省零檬信息技术有限公司 All Rights Reserved'}
2020-07-14 16:18:38,820-xiaoyin_log-INFO-71 line-期望结果为：{'code': 1007, 'msg': '无权限访问，请检查参数'}
2020-07-14 16:18:38,820-xiaoyin_log-INFO-89 line-==================接口用例执行结束==================
2020-07-14 16:18:38,820-xiaoyin_log-INFO-51 line-==================接口用例执行开始==================
2020-07-14 16:18:38,820-xiaoyin_log-INFO-53 line-请求头为：{'X-Lemonban-Media-Type': 'lemonban.v2', 'Content-Type': 'application/json', 'Authorization': 'Bearer eyJhbGciOiJIUzUxMiJ9.eyJtZW1iZXJfaWQiOjE5OTc4NSwiZXhwIjoxNTk0NzE1MDE4fQ.AoWGvnfI0PJC60eCxiAjSxjSrnHZznBDbwUakSgk0X7VZh1_UywdI3BhLSdxx1dW-caoJy9_QvVM40IlErqkcA'}
2020-07-14 16:18:38,821-xiaoyin_log-INFO-54 line-请求方法为：post
2020-07-14 16:18:38,821-xiaoyin_log-INFO-55 line-请求url为：http://api.lemonban.com/futureloan/member/recharge
2020-07-14 16:18:38,821-xiaoyin_log-INFO-56 line-请求数据为：{'member_id': '199785', 'amount': 600}
2020-07-14 16:18:38,899-xiaoyin_log-INFO-65 line-响应状态码：200
2020-07-14 16:18:38,899-xiaoyin_log-INFO-66 line-响应数据：{'code': 0, 'msg': 'OK', 'data': {'id': 199785, 'leave_amount': 992295.34, 'mobile_phone': '18770915871', 'reg_name': '小音', 'reg_time': '2020-06-28 11:08:08.0', 'type': 1}, 'copyright': 'Copyright 柠檬班 © 2017-2020 湖南省零檬信息技术有限公司 All Rights Reserved'}
2020-07-14 16:18:38,899-xiaoyin_log-INFO-71 line-期望结果为：{'code': 2, 'msg': '数字格式化异常'}
2020-07-14 16:18:38,899-xiaoyin_log-INFO-85 line-断言失败
2020-07-14 16:18:38,899-xiaoyin_log-INFO-89 line-==================接口用例执行结束==================
2020-07-14 16:18:38,901-xiaoyin_log-INFO-51 line-==================接口用例执行开始==================
2020-07-14 16:18:38,901-xiaoyin_log-INFO-53 line-请求头为：{'X-Lemonban-Media-Type': 'lemonban.v2', 'Content-Type': 'application/json', 'Authorization': 'Bearer eyJhbGciOiJIUzUxMiJ9.eyJtZW1iZXJfaWQiOjE5OTc4NSwiZXhwIjoxNTk0NzE1MDE4fQ.AoWGvnfI0PJC60eCxiAjSxjSrnHZznBDbwUakSgk0X7VZh1_UywdI3BhLSdxx1dW-caoJy9_QvVM40IlErqkcA'}
2020-07-14 16:18:38,901-xiaoyin_log-INFO-54 line-请求方法为：post
2020-07-14 16:18:38,901-xiaoyin_log-INFO-55 line-请求url为：http://api.lemonban.com/futureloan/member/recharge
2020-07-14 16:18:38,901-xiaoyin_log-INFO-56 line-请求数据为：{'member_id': 15.0, 'amount': 600}
2020-07-14 16:18:38,970-xiaoyin_log-INFO-65 line-响应状态码：200
2020-07-14 16:18:38,970-xiaoyin_log-INFO-66 line-响应数据：{'code': 2, 'msg': '数字格式化异常', 'data': None, 'copyright': 'Copyright 柠檬班 © 2017-2020 湖南省零檬信息技术有限公司 All Rights Reserved'}
2020-07-14 16:18:38,970-xiaoyin_log-INFO-71 line-期望结果为：{'code': 2, 'msg': '数字格式化异常'}
2020-07-14 16:18:38,970-xiaoyin_log-INFO-89 line-==================接口用例执行结束==================
2020-07-14 16:18:38,970-xiaoyin_log-INFO-51 line-==================接口用例执行开始==================
2020-07-14 16:18:38,971-xiaoyin_log-INFO-53 line-请求头为：{'X-Lemonban-Media-Type': 'lemonban.v2', 'Content-Type': 'application/json', 'Authorization': 'Bearer eyJhbGciOiJIUzUxMiJ9.eyJtZW1iZXJfaWQiOjE5OTc4NSwiZXhwIjoxNTk0NzE1MDE4fQ.AoWGvnfI0PJC60eCxiAjSxjSrnHZznBDbwUakSgk0X7VZh1_UywdI3BhLSdxx1dW-caoJy9_QvVM40IlErqkcA'}
2020-07-14 16:18:38,971-xiaoyin_log-INFO-54 line-请求方法为：post
2020-07-14 16:18:38,971-xiaoyin_log-INFO-55 line-请求url为：http://api.lemonban.com/futureloan/member/recharge
2020-07-14 16:18:38,971-xiaoyin_log-INFO-56 line-请求数据为：{'member_id': 199785, 'amount': 0}
2020-07-14 16:18:39,051-xiaoyin_log-INFO-65 line-响应状态码：200
2020-07-14 16:18:39,052-xiaoyin_log-INFO-66 line-响应数据：{'code': 0, 'msg': 'OK', 'data': {'id': 199785, 'leave_amount': 992295.34, 'mobile_phone': '18770915871', 'reg_name': '小音', 'reg_time': '2020-06-28 11:08:08.0', 'type': 1}, 'copyright': 'Copyright 柠檬班 © 2017-2020 湖南省零檬信息技术有限公司 All Rights Reserved'}
2020-07-14 16:18:39,052-xiaoyin_log-INFO-71 line-期望结果为：{'code': 2, 'msg': '金额必须大于0并且小于或者等于500000'}
2020-07-14 16:18:39,052-xiaoyin_log-INFO-85 line-断言失败
2020-07-14 16:18:39,052-xiaoyin_log-INFO-89 line-==================接口用例执行结束==================
2020-07-14 16:18:39,052-xiaoyin_log-INFO-51 line-==================接口用例执行开始==================
2020-07-14 16:18:39,053-xiaoyin_log-INFO-53 line-请求头为：{'X-Lemonban-Media-Type': 'lemonban.v2', 'Content-Type': 'application/json', 'Authorization': 'Bearer eyJhbGciOiJIUzUxMiJ9.eyJtZW1iZXJfaWQiOjE5OTc4NSwiZXhwIjoxNTk0NzE1MDE4fQ.AoWGvnfI0PJC60eCxiAjSxjSrnHZznBDbwUakSgk0X7VZh1_UywdI3BhLSdxx1dW-caoJy9_QvVM40IlErqkcA'}
2020-07-14 16:18:39,053-xiaoyin_log-INFO-54 line-请求方法为：post
2020-07-14 16:18:39,053-xiaoyin_log-INFO-55 line-请求url为：http://api.lemonban.com/futureloan/member/recharge
2020-07-14 16:18:39,053-xiaoyin_log-INFO-56 line-请求数据为：{'member_id': 199785, 'amount': -600}
2020-07-14 16:18:39,124-xiaoyin_log-INFO-65 line-响应状态码：200
2020-07-14 16:18:39,125-xiaoyin_log-INFO-66 line-响应数据：{'code': 2, 'msg': '余额必须大于0并且小于或者等于500000', 'data': None, 'copyright': 'Copyright 柠檬班 © 2017-2020 湖南省零檬信息技术有限公司 All Rights Reserved'}
2020-07-14 16:18:39,125-xiaoyin_log-INFO-71 line-期望结果为：{'code': 2, 'msg': '金额必须大于0并且小于或者等于500000'}
2020-07-14 16:18:39,125-xiaoyin_log-INFO-85 line-断言失败
2020-07-14 16:18:39,125-xiaoyin_log-INFO-89 line-==================接口用例执行结束==================
2020-07-14 16:18:39,126-xiaoyin_log-INFO-51 line-==================接口用例执行开始==================
2020-07-14 16:18:39,126-xiaoyin_log-INFO-53 line-请求头为：{'X-Lemonban-Media-Type': 'lemonban.v2', 'Content-Type': 'application/json', 'Authorization': 'Bearer eyJhbGciOiJIUzUxMiJ9.eyJtZW1iZXJfaWQiOjE5OTc4NSwiZXhwIjoxNTk0NzE1MDE4fQ.AoWGvnfI0PJC60eCxiAjSxjSrnHZznBDbwUakSgk0X7VZh1_UywdI3BhLSdxx1dW-caoJy9_QvVM40IlErqkcA'}
2020-07-14 16:18:39,126-xiaoyin_log-INFO-54 line-请求方法为：post
2020-07-14 16:18:39,126-xiaoyin_log-INFO-55 line-请求url为：http://api.lemonban.com/futureloan/member/recharge
2020-07-14 16:18:39,127-xiaoyin_log-INFO-56 line-请求数据为：{'member_id': 199785}
2020-07-14 16:19:00,131-xiaoyin_log-INFO-89 line-==================接口用例执行结束==================
2020-07-14 16:19:00,241-xiaoyin_log-INFO-51 line-==================接口用例执行开始==================
2020-07-14 16:19:00,241-xiaoyin_log-INFO-53 line-请求头为：{'X-Lemonban-Media-Type': 'lemonban.v2', 'Content-Type': 'application/json', 'Authorization': 'Bearer eyJhbGciOiJIUzUxMiJ9.eyJtZW1iZXJfaWQiOjE5OTc4NSwiZXhwIjoxNTk0NzE1MDE4fQ.AoWGvnfI0PJC60eCxiAjSxjSrnHZznBDbwUakSgk0X7VZh1_UywdI3BhLSdxx1dW-caoJy9_QvVM40IlErqkcA'}
2020-07-14 16:19:00,242-xiaoyin_log-INFO-54 line-请求方法为：post
2020-07-14 16:19:00,242-xiaoyin_log-INFO-55 line-请求url为：http://api.lemonban.com/futureloan/member/recharge
2020-07-14 16:19:00,242-xiaoyin_log-INFO-56 line-请求数据为：{'member_id': 199785, 'amount': 600.222}
2020-07-14 16:19:00,308-xiaoyin_log-INFO-65 line-响应状态码：200
2020-07-14 16:19:00,309-xiaoyin_log-INFO-66 line-响应数据：{'code': 2, 'msg': '余额小数超过两位', 'data': None, 'copyright': 'Copyright 柠檬班 © 2017-2020 湖南省零檬信息技术有限公司 All Rights Reserved'}
2020-07-14 16:19:00,309-xiaoyin_log-INFO-71 line-期望结果为：{'code': 2, 'msg': '金额小数超过两位'}
2020-07-14 16:19:00,309-xiaoyin_log-INFO-85 line-断言失败
2020-07-14 16:19:00,309-xiaoyin_log-INFO-89 line-==================接口用例执行结束==================
2020-07-14 16:19:00,310-xiaoyin_log-INFO-51 line-==================接口用例执行开始==================
2020-07-14 16:19:00,310-xiaoyin_log-INFO-53 line-请求头为：{'X-Lemonban-Media-Type': 'lemonban.v2', 'Content-Type': 'application/json', 'Authorization': 'Bearer eyJhbGciOiJIUzUxMiJ9.eyJtZW1iZXJfaWQiOjE5OTc4NSwiZXhwIjoxNTk0NzE1MDE4fQ.AoWGvnfI0PJC60eCxiAjSxjSrnHZznBDbwUakSgk0X7VZh1_UywdI3BhLSdxx1dW-caoJy9_QvVM40IlErqkcA'}
2020-07-14 16:19:00,310-xiaoyin_log-INFO-54 line-请求方法为：post
2020-07-14 16:19:00,310-xiaoyin_log-INFO-55 line-请求url为：http://api.lemonban.com/futureloan/member/recharge
2020-07-14 16:19:00,310-xiaoyin_log-INFO-56 line-请求数据为：{'member_id': 199785, 'amount': 500001}
2020-07-14 16:19:00,381-xiaoyin_log-INFO-65 line-响应状态码：200
2020-07-14 16:19:00,381-xiaoyin_log-INFO-66 line-响应数据：{'code': 2, 'msg': '余额必须大于0并且小于或者等于500000', 'data': None, 'copyright': 'Copyright 柠檬班 © 2017-2020 湖南省零檬信息技术有限公司 All Rights Reserved'}
2020-07-14 16:19:00,381-xiaoyin_log-INFO-71 line-期望结果为：{'code': 2, 'msg': '金额必须大于0并且小于或者等于500000'}
2020-07-14 16:19:00,382-xiaoyin_log-INFO-85 line-断言失败
2020-07-14 16:19:00,382-xiaoyin_log-INFO-89 line-==================接口用例执行结束==================
2020-07-14 16:19:00,382-xiaoyin_log-INFO-51 line-==================接口用例执行开始==================
2020-07-14 16:19:00,382-xiaoyin_log-INFO-53 line-请求头为：{'X-Lemonban-Media-Type': 'lemonban.v2', 'Content-Type': 'application/json', 'Authorization': 'Bearer eyJhbGciOiJIUzUxMiJ9.eyJtZW1iZXJfaWQiOjE5OTc4NSwiZXhwIjoxNTk0NzE1MDE4fQ.AoWGvnfI0PJC60eCxiAjSxjSrnHZznBDbwUakSgk0X7VZh1_UywdI3BhLSdxx1dW-caoJy9_QvVM40IlErqkcA'}
2020-07-14 16:19:00,383-xiaoyin_log-INFO-54 line-请求方法为：post
2020-07-14 16:19:00,383-xiaoyin_log-INFO-55 line-请求url为：http://api.lemonban.com/futureloan/member/recharge
2020-07-14 16:19:00,383-xiaoyin_log-INFO-56 line-请求数据为：{'member_id': 199785, 'amount': '5万'}
2020-07-14 16:19:00,450-xiaoyin_log-INFO-65 line-响应状态码：200
2020-07-14 16:19:00,450-xiaoyin_log-INFO-66 line-响应数据：{'code': 2, 'msg': '数字格式化异常', 'data': None, 'copyright': 'Copyright 柠檬班 © 2017-2020 湖南省零檬信息技术有限公司 All Rights Reserved'}
2020-07-14 16:19:00,450-xiaoyin_log-INFO-71 line-期望结果为：{'code': 2, 'msg': '数字格式化异常'}
2020-07-14 16:19:00,450-xiaoyin_log-INFO-89 line-==================接口用例执行结束==================
2020-07-14 16:19:00,450-xiaoyin_log-INFO-93 line-==================充值模块接口测试结束==================
2020-07-14 16:19:00,451-xiaoyin_log-INFO-34 line-==================注册模块接口测试开始==================
2020-07-14 16:19:00,451-xiaoyin_log-INFO-37 line-==================接口用例执行开始==================
2020-07-14 16:19:00,451-xiaoyin_log-INFO-42 line-==================用例1:新手机号--8位密码--注册成功执行开始==================
2020-07-14 16:19:00,716-xiaoyin_log-INFO-53 line-请求头为：{'X-Lemonban-Media-Type': 'lemonban.v2', 'Content-Type': 'application/json'}
2020-07-14 16:19:00,716-xiaoyin_log-INFO-54 line-请求方法为：post
2020-07-14 16:19:00,716-xiaoyin_log-INFO-55 line-请求url为：http://api.lemonban.com/futureloan/member/register
2020-07-14 16:19:00,717-xiaoyin_log-INFO-56 line-请求数据为：{'mobile_phone': '18120359202', 'pwd': '19960916', 'type': '1', 'reg_name': '小音'}
2020-07-14 16:19:00,851-xiaoyin_log-INFO-65 line-响应状态码：200
2020-07-14 16:19:00,851-xiaoyin_log-INFO-66 line-响应数据：{'code': 0, 'msg': 'OK', 'data': {'id': 1314761, 'reg_name': '小音', 'mobile_phone': '18120359202'}, 'copyright': 'Copyright 柠檬班 © 2017-2020 湖南省零檬信息技术有限公司 All Rights Reserved'}
2020-07-14 16:19:00,851-xiaoyin_log-INFO-50 line-期望结果：{'code': 0, 'msg': 'OK', 'data': {'id': 199785, 'reg_name': '小音', 'mobile_phone': '18120359202'}, 'copyright': 'Copyright 柠檬班 © 2017-2020 湖南省零檬信息技术有限公司 All Rights Reserved'}
2020-07-14 16:19:00,978-xiaoyin_log-INFO-61 line-==================用例结束==================
2020-07-14 16:19:00,979-xiaoyin_log-INFO-64 line-==================接口用例执行结束==================
2020-07-14 16:19:00,979-xiaoyin_log-INFO-37 line-==================接口用例执行开始==================
2020-07-14 16:19:00,979-xiaoyin_log-INFO-42 line-==================用例2:手机号已存在--8位密码--注册失败--执行开始==================
2020-07-14 16:19:00,979-xiaoyin_log-INFO-53 line-请求头为：{'X-Lemonban-Media-Type': 'lemonban.v2', 'Content-Type': 'application/json'}
2020-07-14 16:19:00,979-xiaoyin_log-INFO-54 line-请求方法为：post
2020-07-14 16:19:00,979-xiaoyin_log-INFO-55 line-请求url为：http://api.lemonban.com/futureloan/member/register
2020-07-14 16:19:00,979-xiaoyin_log-INFO-56 line-请求数据为：{'mobile_phone': '18770915871', 'pwd': '19960918', 'type': '1', 'reg_name': '小音'}
2020-07-14 16:19:01,106-xiaoyin_log-INFO-65 line-响应状态码：200
2020-07-14 16:19:01,107-xiaoyin_log-INFO-66 line-响应数据：{'code': 2, 'msg': '账号已存在', 'data': None, 'copyright': 'Copyright 柠檬班 © 2017-2020 湖南省零檬信息技术有限公司 All Rights Reserved'}
2020-07-14 16:19:01,107-xiaoyin_log-INFO-50 line-期望结果：{'code': 2, 'msg': '账号已存在', 'data': None, 'copyright': 'Copyright 柠檬班 © 2017-2020 湖南省零檬信息技术有限公司 All Rights Reserved'}
2020-07-14 16:19:01,235-xiaoyin_log-INFO-61 line-==================用例结束==================
2020-07-14 16:19:01,235-xiaoyin_log-INFO-64 line-==================接口用例执行结束==================
2020-07-14 16:19:01,235-xiaoyin_log-INFO-37 line-==================接口用例执行开始==================
2020-07-14 16:19:01,235-xiaoyin_log-INFO-42 line-==================用例3:空手机号--8位密码--注册失败执行开始==================
2020-07-14 16:19:01,235-xiaoyin_log-INFO-53 line-请求头为：{'X-Lemonban-Media-Type': 'lemonban.v2', 'Content-Type': 'application/json'}
2020-07-14 16:19:01,235-xiaoyin_log-INFO-54 line-请求方法为：post
2020-07-14 16:19:01,236-xiaoyin_log-INFO-55 line-请求url为：http://api.lemonban.com/futureloan/member/register
2020-07-14 16:19:01,236-xiaoyin_log-INFO-56 line-请求数据为：{'mobile_phone': '', 'pwd': '19960918', 'type': '1', 'reg_name': '小音'}
2020-07-14 16:19:01,307-xiaoyin_log-INFO-65 line-响应状态码：200
2020-07-14 16:19:01,307-xiaoyin_log-INFO-66 line-响应数据：{'code': 1, 'msg': '手机号为空', 'data': None, 'copyright': 'Copyright 柠檬班 © 2017-2020 湖南省零檬信息技术有限公司 All Rights Reserved'}
2020-07-14 16:19:01,307-xiaoyin_log-INFO-50 line-期望结果：{'code': 1, 'msg': '手机号为空', 'data': None, 'copyright': 'Copyright 柠檬班 © 2017-2020 湖南省零檬信息技术有限公司 All Rights Reserved'}
2020-07-14 16:19:01,307-xiaoyin_log-INFO-61 line-==================用例结束==================
2020-07-14 16:19:01,307-xiaoyin_log-INFO-64 line-==================接口用例执行结束==================
2020-07-14 16:19:01,307-xiaoyin_log-INFO-37 line-==================接口用例执行开始==================
2020-07-14 16:19:01,307-xiaoyin_log-INFO-42 line-==================用例4:手机格式无效--8位密码--注册失败执行开始==================
2020-07-14 16:19:01,307-xiaoyin_log-INFO-53 line-请求头为：{'X-Lemonban-Media-Type': 'lemonban.v2', 'Content-Type': 'application/json'}
2020-07-14 16:19:01,308-xiaoyin_log-INFO-54 line-请求方法为：post
2020-07-14 16:19:01,308-xiaoyin_log-INFO-55 line-请求url为：http://api.lemonban.com/futureloan/member/register
2020-07-14 16:19:01,308-xiaoyin_log-INFO-56 line-请求数据为：{'mobile_phone': '00000', 'pwd': '19960918', 'type': '1', 'reg_name': '小音'}
2020-07-14 16:19:01,373-xiaoyin_log-INFO-65 line-响应状态码：200
2020-07-14 16:19:01,373-xiaoyin_log-INFO-66 line-响应数据：{'code': 2, 'msg': '无效的手机格式', 'data': None, 'copyright': 'Copyright 柠檬班 © 2017-2020 湖南省零檬信息技术有限公司 All Rights Reserved'}
2020-07-14 16:19:01,373-xiaoyin_log-INFO-50 line-期望结果：{'code': 2, 'msg': '无效的手机格式', 'data': None, 'copyright': 'Copyright 柠檬班 © 2017-2020 湖南省零檬信息技术有限公司 All Rights Reserved'}
2020-07-14 16:19:01,373-xiaoyin_log-INFO-61 line-==================用例结束==================
2020-07-14 16:19:01,373-xiaoyin_log-INFO-64 line-==================接口用例执行结束==================
2020-07-14 16:19:01,374-xiaoyin_log-INFO-37 line-==================接口用例执行开始==================
2020-07-14 16:19:01,374-xiaoyin_log-INFO-42 line-==================用例5:新手机号--7位密码--注册失败执行开始==================
2020-07-14 16:19:01,374-xiaoyin_log-INFO-53 line-请求头为：{'X-Lemonban-Media-Type': 'lemonban.v2', 'Content-Type': 'application/json'}
2020-07-14 16:19:01,374-xiaoyin_log-INFO-54 line-请求方法为：post
2020-07-14 16:19:01,374-xiaoyin_log-INFO-55 line-请求url为：http://api.lemonban.com/futureloan/member/register
2020-07-14 16:19:01,374-xiaoyin_log-INFO-56 line-请求数据为：{'mobile_phone': '18770915899', 'pwd': '1996091', 'type': '1', 'reg_name': '小音_ing'}
2020-07-14 16:19:01,447-xiaoyin_log-INFO-65 line-响应状态码：200
2020-07-14 16:19:01,447-xiaoyin_log-INFO-66 line-响应数据：{'code': 2, 'msg': '密码格式为8到16位', 'data': None, 'copyright': 'Copyright 柠檬班 © 2017-2020 湖南省零檬信息技术有限公司 All Rights Reserved'}
2020-07-14 16:19:01,447-xiaoyin_log-INFO-50 line-期望结果：{'code': 2, 'msg': '密码格式为8到16位', 'data': None, 'copyright': 'Copyright 柠檬班 © 2017-2020 湖南省零檬信息技术有限公司 All Rights Reserved'}
2020-07-14 16:19:01,448-xiaoyin_log-INFO-61 line-==================用例结束==================
2020-07-14 16:19:01,448-xiaoyin_log-INFO-64 line-==================接口用例执行结束==================
2020-07-14 16:19:01,448-xiaoyin_log-INFO-37 line-==================接口用例执行开始==================
2020-07-14 16:19:01,448-xiaoyin_log-INFO-42 line-==================用例6:新手机号--15位密码--注册成功执行开始==================
2020-07-14 16:19:01,700-xiaoyin_log-INFO-53 line-请求头为：{'X-Lemonban-Media-Type': 'lemonban.v2', 'Content-Type': 'application/json'}
2020-07-14 16:19:01,700-xiaoyin_log-INFO-54 line-请求方法为：post
2020-07-14 16:19:01,700-xiaoyin_log-INFO-55 line-请求url为：http://api.lemonban.com/futureloan/member/register
2020-07-14 16:19:01,700-xiaoyin_log-INFO-56 line-请求数据为：{'mobile_phone': '18891908969', 'pwd': '199609102369852', 'type': '1', 'reg_name': '小音_inging'}
2020-07-14 16:19:01,849-xiaoyin_log-INFO-65 line-响应状态码：200
2020-07-14 16:19:01,849-xiaoyin_log-INFO-66 line-响应数据：{'code': 0, 'msg': 'OK', 'data': {'id': 1314762, 'reg_name': '小音_inging', 'mobile_phone': '18891908969'}, 'copyright': 'Copyright 柠檬班 © 2017-2020 湖南省零檬信息技术有限公司 All Rights Reserved'}
2020-07-14 16:19:01,849-xiaoyin_log-INFO-50 line-期望结果：{'code': 0, 'msg': 'OK', 'data': {'id': 199792, 'reg_name': '小音_inging', 'mobile_phone': '18891908969'}, 'copyright': 'Copyright 柠檬班 © 2017-2020 湖南省零檬信息技术有限公司 All Rights Reserved'}
2020-07-14 16:19:01,976-xiaoyin_log-INFO-61 line-==================用例结束==================
2020-07-14 16:19:01,977-xiaoyin_log-INFO-64 line-==================接口用例执行结束==================
2020-07-14 16:19:01,977-xiaoyin_log-INFO-37 line-==================接口用例执行开始==================
2020-07-14 16:19:01,977-xiaoyin_log-INFO-42 line-==================用例7:新手机号--16位密码--注册成功执行开始==================
2020-07-14 16:19:02,264-xiaoyin_log-INFO-53 line-请求头为：{'X-Lemonban-Media-Type': 'lemonban.v2', 'Content-Type': 'application/json'}
2020-07-14 16:19:02,264-xiaoyin_log-INFO-54 line-请求方法为：post
2020-07-14 16:19:02,264-xiaoyin_log-INFO-55 line-请求url为：http://api.lemonban.com/futureloan/member/register
2020-07-14 16:19:02,264-xiaoyin_log-INFO-56 line-请求数据为：{'mobile_phone': '18649656929', 'pwd': '1996091023698520', 'type': '1', 'reg_name': '小音_ingi'}
2020-07-14 16:19:02,429-xiaoyin_log-INFO-65 line-响应状态码：200
2020-07-14 16:19:02,430-xiaoyin_log-INFO-66 line-响应数据：{'code': 0, 'msg': 'OK', 'data': {'id': 1314763, 'reg_name': '小音_ingi', 'mobile_phone': '18649656929'}, 'copyright': 'Copyright 柠檬班 © 2017-2020 湖南省零檬信息技术有限公司 All Rights Reserved'}
2020-07-14 16:19:02,430-xiaoyin_log-INFO-50 line-期望结果：{'code': 0, 'msg': 'OK', 'data': {'id': 199793, 'reg_name': '小音_ingi', 'mobile_phone': '18649656929'}, 'copyright': 'Copyright 柠檬班 © 2017-2020 湖南省零檬信息技术有限公司 All Rights Reserved'}
2020-07-14 16:19:02,592-xiaoyin_log-INFO-61 line-==================用例结束==================
2020-07-14 16:19:02,593-xiaoyin_log-INFO-64 line-==================接口用例执行结束==================
2020-07-14 16:19:02,593-xiaoyin_log-INFO-37 line-==================接口用例执行开始==================
2020-07-14 16:19:02,593-xiaoyin_log-INFO-42 line-==================用例8:新手机号--17位密码--注册失败执行开始==================
2020-07-14 16:19:02,593-xiaoyin_log-INFO-53 line-请求头为：{'X-Lemonban-Media-Type': 'lemonban.v2', 'Content-Type': 'application/json'}
2020-07-14 16:19:02,593-xiaoyin_log-INFO-54 line-请求方法为：post
2020-07-14 16:19:02,593-xiaoyin_log-INFO-55 line-请求url为：http://api.lemonban.com/futureloan/member/register
2020-07-14 16:19:02,593-xiaoyin_log-INFO-56 line-请求数据为：{'mobile_phone': '18770915855', 'pwd': '19960910236985203', 'type': '1', 'reg_name': '小音_in'}
2020-07-14 16:19:02,664-xiaoyin_log-INFO-65 line-响应状态码：200
2020-07-14 16:19:02,664-xiaoyin_log-INFO-66 line-响应数据：{'code': 2, 'msg': '密码格式为8到16位', 'data': None, 'copyright': 'Copyright 柠檬班 © 2017-2020 湖南省零檬信息技术有限公司 All Rights Reserved'}
2020-07-14 16:19:02,664-xiaoyin_log-INFO-50 line-期望结果：{'code': 2, 'msg': '密码格式为8到16位', 'data': None, 'copyright': 'Copyright 柠檬班 © 2017-2020 湖南省零檬信息技术有限公司 All Rights Reserved'}
2020-07-14 16:19:02,664-xiaoyin_log-INFO-61 line-==================用例结束==================
2020-07-14 16:19:02,664-xiaoyin_log-INFO-64 line-==================接口用例执行结束==================
2020-07-14 16:19:02,665-xiaoyin_log-INFO-37 line-==================接口用例执行开始==================
2020-07-14 16:19:02,665-xiaoyin_log-INFO-42 line-==================用例9:新手机号--8位密码--type为空--reg_name为空--生成普通用户--reg_name缺省值返回“小柠檬儿”--执行开始==================
2020-07-14 16:19:02,957-xiaoyin_log-INFO-53 line-请求头为：{'X-Lemonban-Media-Type': 'lemonban.v2', 'Content-Type': 'application/json'}
2020-07-14 16:19:02,958-xiaoyin_log-INFO-54 line-请求方法为：post
2020-07-14 16:19:02,958-xiaoyin_log-INFO-55 line-请求url为：http://api.lemonban.com/futureloan/member/register
2020-07-14 16:19:02,958-xiaoyin_log-INFO-56 line-请求数据为：{'mobile_phone': '18156376999', 'pwd': '19960325'}
2020-07-14 16:19:03,130-xiaoyin_log-INFO-65 line-响应状态码：200
2020-07-14 16:19:03,130-xiaoyin_log-INFO-66 line-响应数据：{'code': 0, 'msg': 'OK', 'data': {'id': 1314764, 'reg_name': '小柠檬', 'mobile_phone': '18156376999'}, 'copyright': 'Copyright 柠檬班 © 2017-2020 湖南省零檬信息技术有限公司 All Rights Reserved'}
2020-07-14 16:19:03,130-xiaoyin_log-INFO-50 line-期望结果：{'code': 0, 'msg': 'OK', 'data': {'id': 199795, 'reg_name': '小柠檬儿', 'mobile_phone': '18156376999'}, 'copyright': 'Copyright 柠檬班 © 2017-2020 湖南省零檬信息技术有限公司 All Rights Reserved'}
2020-07-14 16:19:03,291-xiaoyin_log-INFO-61 line-==================用例结束==================
2020-07-14 16:19:03,291-xiaoyin_log-INFO-64 line-==================接口用例执行结束==================
2020-07-14 16:19:03,291-xiaoyin_log-INFO-37 line-==================接口用例执行开始==================
2020-07-14 16:19:03,291-xiaoyin_log-INFO-42 line-==================用例10:新手机号--8位密码--type为0--reg_name为空--生成管理员账户--reg_name缺省值返回“小柠檬儿”--执行开始==================
2020-07-14 16:19:03,567-xiaoyin_log-INFO-53 line-请求头为：{'X-Lemonban-Media-Type': 'lemonban.v2', 'Content-Type': 'application/json'}
2020-07-14 16:19:03,567-xiaoyin_log-INFO-54 line-请求方法为：post
2020-07-14 16:19:03,568-xiaoyin_log-INFO-55 line-请求url为：http://api.lemonban.com/futureloan/member/register
2020-07-14 16:19:03,568-xiaoyin_log-INFO-56 line-请求数据为：{'mobile_phone': '18922686840', 'pwd': '19960325', 'type': '0'}
2020-07-14 16:19:03,739-xiaoyin_log-INFO-65 line-响应状态码：200
2020-07-14 16:19:03,739-xiaoyin_log-INFO-66 line-响应数据：{'code': 0, 'msg': 'OK', 'data': {'id': 1314766, 'reg_name': '小柠檬', 'mobile_phone': '18922686840'}, 'copyright': 'Copyright 柠檬班 © 2017-2020 湖南省零檬信息技术有限公司 All Rights Reserved'}
2020-07-14 16:19:03,739-xiaoyin_log-INFO-50 line-期望结果：{'code': 0, 'msg': 'OK', 'data': {'id': 199803, 'reg_name': '小柠檬儿', 'mobile_phone': '18922686840'}, 'copyright': 'Copyright 柠檬班 © 2017-2020 湖南省零檬信息技术有限公司 All Rights Reserved'}
2020-07-14 16:19:03,900-xiaoyin_log-INFO-61 line-==================用例结束==================
2020-07-14 16:19:03,901-xiaoyin_log-INFO-64 line-==================接口用例执行结束==================
2020-07-14 16:19:03,901-xiaoyin_log-INFO-37 line-==================接口用例执行开始==================
2020-07-14 16:19:03,901-xiaoyin_log-INFO-42 line-==================用例11:新手机号--8位密码--id超出10位--注册失败--执行开始==================
2020-07-14 16:19:03,901-xiaoyin_log-INFO-53 line-请求头为：{'X-Lemonban-Media-Type': 'lemonban.v2', 'Content-Type': 'application/json'}
2020-07-14 16:19:03,901-xiaoyin_log-INFO-54 line-请求方法为：post
2020-07-14 16:19:03,901-xiaoyin_log-INFO-55 line-请求url为：http://api.lemonban.com/futureloan/member/register
2020-07-14 16:19:03,901-xiaoyin_log-INFO-56 line-请求数据为：{'mobile_phone': '18770915875', 'pwd': '19960910', 'type': '1', 'reg_name': '小音_inging_ing'}
2020-07-14 16:19:03,967-xiaoyin_log-INFO-65 line-响应状态码：200
2020-07-14 16:19:03,968-xiaoyin_log-INFO-66 line-响应数据：{'code': 2, 'msg': '用户昵称长度超过10位', 'data': None, 'copyright': 'Copyright 柠檬班 © 2017-2020 湖南省零檬信息技术有限公司 All Rights Reserved'}
2020-07-14 16:19:03,968-xiaoyin_log-INFO-50 line-期望结果：{'code': 2, 'msg': '用户昵称长度超过10位', 'data': None, 'copyright': 'Copyright 柠檬班 © 2017-2020 湖南省零檬信息技术有限公司 All Rights Reserved'}
2020-07-14 16:19:03,968-xiaoyin_log-INFO-61 line-==================用例结束==================
2020-07-14 16:19:03,968-xiaoyin_log-INFO-64 line-==================接口用例执行结束==================
2020-07-14 16:19:03,968-xiaoyin_log-INFO-68 line-==================注册模块接口测试结束==================
2020-07-14 16:19:03,968-xiaoyin_log-INFO-34 line-==================提现模块接口测试开始==================
2020-07-14 16:19:03,968-xiaoyin_log-INFO-53 line-请求头为：{'X-Lemonban-Media-Type': 'lemonban.v2', 'Content-Type': 'application/json'}
2020-07-14 16:19:03,968-xiaoyin_log-INFO-54 line-请求方法为：post
2020-07-14 16:19:03,968-xiaoyin_log-INFO-55 line-请求url为：http://api.lemonban.com/futureloan/member/register
2020-07-14 16:19:03,968-xiaoyin_log-INFO-56 line-请求数据为：{'mobile_phone': '18770915871', 'pwd': '19940916'}
2020-07-14 16:19:04,129-xiaoyin_log-INFO-65 line-响应状态码：200
2020-07-14 16:19:04,129-xiaoyin_log-INFO-66 line-响应数据：{'code': 2, 'msg': '账号已存在', 'data': None, 'copyright': 'Copyright 柠檬班 © 2017-2020 湖南省零檬信息技术有限公司 All Rights Reserved'}
2020-07-14 16:19:04,130-xiaoyin_log-INFO-53 line-请求头为：{'X-Lemonban-Media-Type': 'lemonban.v2', 'Content-Type': 'application/json'}
2020-07-14 16:19:04,130-xiaoyin_log-INFO-54 line-请求方法为：post
2020-07-14 16:19:04,130-xiaoyin_log-INFO-55 line-请求url为：http://api.lemonban.com/futureloan/member/login
2020-07-14 16:19:04,130-xiaoyin_log-INFO-56 line-请求数据为：{'mobile_phone': '18770915871', 'pwd': '19940916'}
2020-07-14 16:19:04,295-xiaoyin_log-INFO-65 line-响应状态码：200
2020-07-14 16:19:04,295-xiaoyin_log-INFO-66 line-响应数据：{'code': 0, 'msg': 'OK', 'data': {'id': 199785, 'leave_amount': 992295.34, 'mobile_phone': '18770915871', 'reg_name': '小音', 'reg_time': '2020-06-28 11:08:08.0', 'type': 1, 'token_info': {'token_type': 'Bearer', 'expires_in': '2020-07-14 16:24:04', 'token': 'eyJhbGciOiJIUzUxMiJ9.eyJtZW1iZXJfaWQiOjE5OTc4NSwiZXhwIjoxNTk0NzE1MDQ0fQ.uitpx1aM4z2imsTDQY2JwCv9KYk4KpCtVJb3IpQAq1Co30R_ot4xVCBn0-gvwP_5MDHJVHm5PsJeBY6ULbGbqA'}}, 'copyright': 'Copyright 柠檬班 © 2017-2020 湖南省零檬信息技术有限公司 All Rights Reserved'}
2020-07-14 16:19:04,295-xiaoyin_log-INFO-37 line-登录的响应数据为：{'code': 0, 'msg': 'OK', 'data': {'id': 199785, 'leave_amount': 992295.34, 'mobile_phone': '18770915871', 'reg_name': '小音', 'reg_time': '2020-06-28 11:08:08.0', 'type': 1, 'token_info': {'token_type': 'Bearer', 'expires_in': '2020-07-14 16:24:04', 'token': 'eyJhbGciOiJIUzUxMiJ9.eyJtZW1iZXJfaWQiOjE5OTc4NSwiZXhwIjoxNTk0NzE1MDQ0fQ.uitpx1aM4z2imsTDQY2JwCv9KYk4KpCtVJb3IpQAq1Co30R_ot4xVCBn0-gvwP_5MDHJVHm5PsJeBY6ULbGbqA'}}, 'copyright': 'Copyright 柠檬班 © 2017-2020 湖南省零檬信息技术有限公司 All Rights Reserved'}
2020-07-14 16:19:04,296-xiaoyin_log-INFO-42 line-登录用户id:199785
 token:eyJhbGciOiJIUzUxMiJ9.eyJtZW1iZXJfaWQiOjE5OTc4NSwiZXhwIjoxNTk0NzE1MDQ0fQ.uitpx1aM4z2imsTDQY2JwCv9KYk4KpCtVJb3IpQAq1Co30R_ot4xVCBn0-gvwP_5MDHJVHm5PsJeBY6ULbGbqA
2020-07-14 16:19:04,296-xiaoyin_log-INFO-45 line-==================接口用例执行开始==================
2020-07-14 16:19:04,359-xiaoyin_log-INFO-55 line-用户提现之前的余额为：992295.34
2020-07-14 16:19:04,359-xiaoyin_log-INFO-57 line-提现的金额：700
2020-07-14 16:19:04,359-xiaoyin_log-INFO-59 line-用户提现后所剩余额：991595.34
2020-07-14 16:19:04,359-xiaoyin_log-INFO-53 line-请求头为：{'X-Lemonban-Media-Type': 'lemonban.v2', 'Content-Type': 'application/json', 'Authorization': 'Bearer eyJhbGciOiJIUzUxMiJ9.eyJtZW1iZXJfaWQiOjE5OTc4NSwiZXhwIjoxNTk0NzE1MDQ0fQ.uitpx1aM4z2imsTDQY2JwCv9KYk4KpCtVJb3IpQAq1Co30R_ot4xVCBn0-gvwP_5MDHJVHm5PsJeBY6ULbGbqA'}
2020-07-14 16:19:04,360-xiaoyin_log-INFO-54 line-请求方法为：post
2020-07-14 16:19:04,360-xiaoyin_log-INFO-55 line-请求url为：http://api.lemonban.com/futureloan/member/withdraw
2020-07-14 16:19:04,360-xiaoyin_log-INFO-56 line-请求数据为：{'member_id': 199785, 'amount': 700}
2020-07-14 16:19:04,441-xiaoyin_log-INFO-65 line-响应状态码：200
2020-07-14 16:19:04,442-xiaoyin_log-INFO-66 line-响应数据：{'code': 0, 'msg': 'OK', 'data': {'id': 199785, 'leave_amount': 991595.34, 'mobile_phone': '18770915871', 'reg_name': '小音', 'reg_time': '2020-06-28 11:08:08.0', 'type': 1}, 'copyright': 'Copyright 柠檬班 © 2017-2020 湖南省零檬信息技术有限公司 All Rights Reserved'}
2020-07-14 16:19:04,442-xiaoyin_log-INFO-64 line-期望结果：{'code': 0, 'msg': 'OK', 'data': {'id': 199785, 'leave_amount': 991595.34}}
2020-07-14 16:19:04,504-xiaoyin_log-INFO-75 line-数据库中用户余额显示:991595.34
2020-07-14 16:19:04,505-xiaoyin_log-INFO-84 line-==================接口用例执行结束==================
2020-07-14 16:19:04,505-xiaoyin_log-INFO-45 line-==================接口用例执行开始==================
2020-07-14 16:19:04,568-xiaoyin_log-INFO-55 line-用户提现之前的余额为：991595.34
2020-07-14 16:19:04,568-xiaoyin_log-INFO-57 line-提现的金额：700.5
2020-07-14 16:19:04,568-xiaoyin_log-INFO-59 line-用户提现后所剩余额：990894.84
2020-07-14 16:19:04,568-xiaoyin_log-INFO-53 line-请求头为：{'X-Lemonban-Media-Type': 'lemonban.v2', 'Content-Type': 'application/json', 'Authorization': 'Bearer eyJhbGciOiJIUzUxMiJ9.eyJtZW1iZXJfaWQiOjE5OTc4NSwiZXhwIjoxNTk0NzE1MDQ0fQ.uitpx1aM4z2imsTDQY2JwCv9KYk4KpCtVJb3IpQAq1Co30R_ot4xVCBn0-gvwP_5MDHJVHm5PsJeBY6ULbGbqA'}
2020-07-14 16:19:04,568-xiaoyin_log-INFO-54 line-请求方法为：post
2020-07-14 16:19:04,568-xiaoyin_log-INFO-55 line-请求url为：http://api.lemonban.com/futureloan/member/withdraw
2020-07-14 16:19:04,569-xiaoyin_log-INFO-56 line-请求数据为：{'member_id': 199785, 'amount': 700.5}
2020-07-14 16:19:04,651-xiaoyin_log-INFO-65 line-响应状态码：200
2020-07-14 16:19:04,651-xiaoyin_log-INFO-66 line-响应数据：{'code': 0, 'msg': 'OK', 'data': {'id': 199785, 'leave_amount': 990894.84, 'mobile_phone': '18770915871', 'reg_name': '小音', 'reg_time': '2020-06-28 11:08:08.0', 'type': 1}, 'copyright': 'Copyright 柠檬班 © 2017-2020 湖南省零檬信息技术有限公司 All Rights Reserved'}
2020-07-14 16:19:04,651-xiaoyin_log-INFO-64 line-期望结果：{'code': 0, 'msg': 'OK', 'data': {'id': 199785, 'leave_amount': 990894.84}}
2020-07-14 16:19:04,713-xiaoyin_log-INFO-75 line-数据库中用户余额显示:990894.84
2020-07-14 16:19:04,713-xiaoyin_log-INFO-84 line-==================接口用例执行结束==================
2020-07-14 16:19:04,714-xiaoyin_log-INFO-45 line-==================接口用例执行开始==================
2020-07-14 16:19:04,776-xiaoyin_log-INFO-55 line-用户提现之前的余额为：990894.84
2020-07-14 16:19:04,777-xiaoyin_log-INFO-57 line-提现的金额：700.22
2020-07-14 16:19:04,777-xiaoyin_log-INFO-59 line-用户提现后所剩余额：990194.62
2020-07-14 16:19:04,777-xiaoyin_log-INFO-53 line-请求头为：{'X-Lemonban-Media-Type': 'lemonban.v2', 'Content-Type': 'application/json', 'Authorization': 'Bearer eyJhbGciOiJIUzUxMiJ9.eyJtZW1iZXJfaWQiOjE5OTc4NSwiZXhwIjoxNTk0NzE1MDQ0fQ.uitpx1aM4z2imsTDQY2JwCv9KYk4KpCtVJb3IpQAq1Co30R_ot4xVCBn0-gvwP_5MDHJVHm5PsJeBY6ULbGbqA'}
2020-07-14 16:19:04,777-xiaoyin_log-INFO-54 line-请求方法为：post
2020-07-14 16:19:04,777-xiaoyin_log-INFO-55 line-请求url为：http://api.lemonban.com/futureloan/member/withdraw
2020-07-14 16:19:04,777-xiaoyin_log-INFO-56 line-请求数据为：{'member_id': 199785, 'amount': 700.22}
2020-07-14 16:19:04,857-xiaoyin_log-INFO-65 line-响应状态码：200
2020-07-14 16:19:04,858-xiaoyin_log-INFO-66 line-响应数据：{'code': 0, 'msg': 'OK', 'data': {'id': 199785, 'leave_amount': 990194.62, 'mobile_phone': '18770915871', 'reg_name': '小音', 'reg_time': '2020-06-28 11:08:08.0', 'type': 1}, 'copyright': 'Copyright 柠檬班 © 2017-2020 湖南省零檬信息技术有限公司 All Rights Reserved'}
2020-07-14 16:19:04,858-xiaoyin_log-INFO-64 line-期望结果：{'code': 0, 'msg': 'OK', 'data': {'id': 199785, 'leave_amount': 990194.62}}
2020-07-14 16:19:04,921-xiaoyin_log-INFO-75 line-数据库中用户余额显示:990194.62
2020-07-14 16:19:04,922-xiaoyin_log-INFO-84 line-==================接口用例执行结束==================
2020-07-14 16:19:04,922-xiaoyin_log-INFO-45 line-==================接口用例执行开始==================
2020-07-14 16:19:04,985-xiaoyin_log-INFO-55 line-用户提现之前的余额为：990194.62
2020-07-14 16:19:04,985-xiaoyin_log-INFO-57 line-提现的金额：500000
2020-07-14 16:19:04,985-xiaoyin_log-INFO-59 line-用户提现后所剩余额：490194.62
2020-07-14 16:19:04,985-xiaoyin_log-INFO-53 line-请求头为：{'X-Lemonban-Media-Type': 'lemonban.v2', 'Content-Type': 'application/json', 'Authorization': 'Bearer eyJhbGciOiJIUzUxMiJ9.eyJtZW1iZXJfaWQiOjE5OTc4NSwiZXhwIjoxNTk0NzE1MDQ0fQ.uitpx1aM4z2imsTDQY2JwCv9KYk4KpCtVJb3IpQAq1Co30R_ot4xVCBn0-gvwP_5MDHJVHm5PsJeBY6ULbGbqA'}
2020-07-14 16:19:04,985-xiaoyin_log-INFO-54 line-请求方法为：post
2020-07-14 16:19:04,985-xiaoyin_log-INFO-55 line-请求url为：http://api.lemonban.com/futureloan/member/withdraw
2020-07-14 16:19:04,986-xiaoyin_log-INFO-56 line-请求数据为：{'member_id': 199785, 'amount': 500000}
2020-07-14 16:19:05,065-xiaoyin_log-INFO-65 line-响应状态码：200
2020-07-14 16:19:05,065-xiaoyin_log-INFO-66 line-响应数据：{'code': 0, 'msg': 'OK', 'data': {'id': 199785, 'leave_amount': 490194.62, 'mobile_phone': '18770915871', 'reg_name': '小音', 'reg_time': '2020-06-28 11:08:08.0', 'type': 1}, 'copyright': 'Copyright 柠檬班 © 2017-2020 湖南省零檬信息技术有限公司 All Rights Reserved'}
2020-07-14 16:19:05,065-xiaoyin_log-INFO-64 line-期望结果：{'code': 0, 'msg': 'OK', 'data': {'id': 199785, 'leave_amount': 490194.62}}
2020-07-14 16:19:05,127-xiaoyin_log-INFO-75 line-数据库中用户余额显示:490194.62
2020-07-14 16:19:05,127-xiaoyin_log-INFO-84 line-==================接口用例执行结束==================
2020-07-14 16:19:05,128-xiaoyin_log-INFO-45 line-==================接口用例执行开始==================
2020-07-14 16:19:05,128-xiaoyin_log-INFO-53 line-请求头为：{'X-Lemonban-Media-Type': 'lemonban.v2', 'Content-Type': 'application/json', 'Authorization': 'Bearer eyJhbGciOiJIUzUxMiJ9.eyJtZW1iZXJfaWQiOjE5OTc4NSwiZXhwIjoxNTk0NzE1MDQ0fQ.uitpx1aM4z2imsTDQY2JwCv9KYk4KpCtVJb3IpQAq1Co30R_ot4xVCBn0-gvwP_5MDHJVHm5PsJeBY6ULbGbqA'}
2020-07-14 16:19:05,128-xiaoyin_log-INFO-54 line-请求方法为：post
2020-07-14 16:19:05,128-xiaoyin_log-INFO-55 line-请求url为：http://api.lemonban.com/futureloan/member/withdraw
2020-07-14 16:19:05,128-xiaoyin_log-INFO-56 line-请求数据为：{'amount': 600}
2020-07-14 16:19:05,201-xiaoyin_log-INFO-65 line-响应状态码：200
2020-07-14 16:19:05,201-xiaoyin_log-INFO-66 line-响应数据：{'code': 1, 'msg': '会员id为空', 'data': None, 'copyright': 'Copyright 柠檬班 © 2017-2020 湖南省零檬信息技术有限公司 All Rights Reserved'}
2020-07-14 16:19:05,201-xiaoyin_log-INFO-64 line-期望结果：{'code': 1, 'msg': '会员id为空', 'data': None}
2020-07-14 16:19:05,201-xiaoyin_log-INFO-84 line-==================接口用例执行结束==================
2020-07-14 16:19:05,201-xiaoyin_log-INFO-45 line-==================接口用例执行开始==================
2020-07-14 16:19:05,202-xiaoyin_log-INFO-53 line-请求头为：{'X-Lemonban-Media-Type': 'lemonban.v2', 'Content-Type': 'application/json', 'Authorization': 'Bearer eyJhbGciOiJIUzUxMiJ9.eyJtZW1iZXJfaWQiOjE5OTc4NSwiZXhwIjoxNTk0NzE1MDQ0fQ.uitpx1aM4z2imsTDQY2JwCv9KYk4KpCtVJb3IpQAq1Co30R_ot4xVCBn0-gvwP_5MDHJVHm5PsJeBY6ULbGbqA'}
2020-07-14 16:19:05,202-xiaoyin_log-INFO-54 line-请求方法为：post
2020-07-14 16:19:05,202-xiaoyin_log-INFO-55 line-请求url为：http://api.lemonban.com/futureloan/member/withdraw
2020-07-14 16:19:05,202-xiaoyin_log-INFO-56 line-请求数据为：{'member_id': 98989898, 'amount': 600}
2020-07-14 16:19:05,276-xiaoyin_log-INFO-65 line-响应状态码：200
2020-07-14 16:19:05,276-xiaoyin_log-INFO-66 line-响应数据：{'code': 2, 'msg': '会员不存在', 'data': None, 'copyright': 'Copyright 柠檬班 © 2017-2020 湖南省零檬信息技术有限公司 All Rights Reserved'}
2020-07-14 16:19:05,276-xiaoyin_log-INFO-64 line-期望结果：{'code': 2, 'msg': '会员不存在', 'data': None}
2020-07-14 16:19:05,277-xiaoyin_log-INFO-84 line-==================接口用例执行结束==================
2020-07-14 16:19:05,277-xiaoyin_log-INFO-45 line-==================接口用例执行开始==================
2020-07-14 16:19:05,277-xiaoyin_log-INFO-53 line-请求头为：{'X-Lemonban-Media-Type': 'lemonban.v2', 'Content-Type': 'application/json', 'Authorization': 'Bearer eyJhbGciOiJIUzUxMiJ9.eyJtZW1iZXJfaWQiOjE5OTc4NSwiZXhwIjoxNTk0NzE1MDQ0fQ.uitpx1aM4z2imsTDQY2JwCv9KYk4KpCtVJb3IpQAq1Co30R_ot4xVCBn0-gvwP_5MDHJVHm5PsJeBY6ULbGbqA'}
2020-07-14 16:19:05,277-xiaoyin_log-INFO-54 line-请求方法为：post
2020-07-14 16:19:05,277-xiaoyin_log-INFO-55 line-请求url为：http://api.lemonban.com/futureloan/member/withdraw
2020-07-14 16:19:05,277-xiaoyin_log-INFO-56 line-请求数据为：{'member_id': '199785', 'amount': 600}
2020-07-14 16:19:05,362-xiaoyin_log-INFO-65 line-响应状态码：200
2020-07-14 16:19:05,362-xiaoyin_log-INFO-66 line-响应数据：{'code': 0, 'msg': 'OK', 'data': {'id': 199785, 'leave_amount': 489594.62, 'mobile_phone': '18770915871', 'reg_name': '小音', 'reg_time': '2020-06-28 11:08:08.0', 'type': 1}, 'copyright': 'Copyright 柠檬班 © 2017-2020 湖南省零檬信息技术有限公司 All Rights Reserved'}
2020-07-14 16:19:05,362-xiaoyin_log-INFO-64 line-期望结果：{'code': 2, 'msg': '数值参数格式不正确', 'data': None}
2020-07-14 16:19:05,362-xiaoyin_log-INFO-80 line-断言失败
2020-07-14 16:19:05,362-xiaoyin_log-INFO-84 line-==================接口用例执行结束==================
2020-07-14 16:19:05,363-xiaoyin_log-INFO-45 line-==================接口用例执行开始==================
2020-07-14 16:19:05,363-xiaoyin_log-INFO-53 line-请求头为：{'X-Lemonban-Media-Type': 'lemonban.v2', 'Content-Type': 'application/json', 'Authorization': 'Bearer eyJhbGciOiJIUzUxMiJ9.eyJtZW1iZXJfaWQiOjE5OTc4NSwiZXhwIjoxNTk0NzE1MDQ0fQ.uitpx1aM4z2imsTDQY2JwCv9KYk4KpCtVJb3IpQAq1Co30R_ot4xVCBn0-gvwP_5MDHJVHm5PsJeBY6ULbGbqA'}
2020-07-14 16:19:05,363-xiaoyin_log-INFO-54 line-请求方法为：post
2020-07-14 16:19:05,363-xiaoyin_log-INFO-55 line-请求url为：http://api.lemonban.com/futureloan/member/withdraw
2020-07-14 16:19:05,363-xiaoyin_log-INFO-56 line-请求数据为：{'member_id': 15.0, 'amount': 600}
2020-07-14 16:19:05,435-xiaoyin_log-INFO-65 line-响应状态码：200
2020-07-14 16:19:05,435-xiaoyin_log-INFO-66 line-响应数据：{'code': 2, 'msg': '数值参数格式不正确', 'data': None, 'copyright': 'Copyright 柠檬班 © 2017-2020 湖南省零檬信息技术有限公司 All Rights Reserved'}
2020-07-14 16:19:05,435-xiaoyin_log-INFO-64 line-期望结果：{'code': 2, 'msg': '数值参数格式不正确', 'data': None}
2020-07-14 16:19:05,436-xiaoyin_log-INFO-84 line-==================接口用例执行结束==================
2020-07-14 16:19:05,436-xiaoyin_log-INFO-45 line-==================接口用例执行开始==================
2020-07-14 16:19:05,436-xiaoyin_log-INFO-53 line-请求头为：{'X-Lemonban-Media-Type': 'lemonban.v2', 'Content-Type': 'application/json', 'Authorization': 'Bearer eyJhbGciOiJIUzUxMiJ9.eyJtZW1iZXJfaWQiOjE5OTc4NSwiZXhwIjoxNTk0NzE1MDQ0fQ.uitpx1aM4z2imsTDQY2JwCv9KYk4KpCtVJb3IpQAq1Co30R_ot4xVCBn0-gvwP_5MDHJVHm5PsJeBY6ULbGbqA'}
2020-07-14 16:19:05,436-xiaoyin_log-INFO-54 line-请求方法为：post
2020-07-14 16:19:05,436-xiaoyin_log-INFO-55 line-请求url为：http://api.lemonban.com/futureloan/member/withdraw
2020-07-14 16:19:05,436-xiaoyin_log-INFO-56 line-请求数据为：{'member_id': 199785, 'amount': 0}
2020-07-14 16:19:05,524-xiaoyin_log-INFO-65 line-响应状态码：200
2020-07-14 16:19:05,524-xiaoyin_log-INFO-66 line-响应数据：{'code': 0, 'msg': 'OK', 'data': {'id': 199785, 'leave_amount': 489594.62, 'mobile_phone': '18770915871', 'reg_name': '小音', 'reg_time': '2020-06-28 11:08:08.0', 'type': 1}, 'copyright': 'Copyright 柠檬班 © 2017-2020 湖南省零檬信息技术有限公司 All Rights Reserved'}
2020-07-14 16:19:05,524-xiaoyin_log-INFO-64 line-期望结果：{'code': 2, 'msg': '金额必须大于0并且小于或者等于500000'}
2020-07-14 16:19:05,524-xiaoyin_log-INFO-80 line-断言失败
2020-07-14 16:19:05,524-xiaoyin_log-INFO-84 line-==================接口用例执行结束==================
2020-07-14 16:19:05,525-xiaoyin_log-INFO-45 line-==================接口用例执行开始==================
2020-07-14 16:19:05,525-xiaoyin_log-INFO-53 line-请求头为：{'X-Lemonban-Media-Type': 'lemonban.v2', 'Content-Type': 'application/json', 'Authorization': 'Bearer eyJhbGciOiJIUzUxMiJ9.eyJtZW1iZXJfaWQiOjE5OTc4NSwiZXhwIjoxNTk0NzE1MDQ0fQ.uitpx1aM4z2imsTDQY2JwCv9KYk4KpCtVJb3IpQAq1Co30R_ot4xVCBn0-gvwP_5MDHJVHm5PsJeBY6ULbGbqA'}
2020-07-14 16:19:05,525-xiaoyin_log-INFO-54 line-请求方法为：post
2020-07-14 16:19:05,525-xiaoyin_log-INFO-55 line-请求url为：http://api.lemonban.com/futureloan/member/withdraw
2020-07-14 16:19:05,525-xiaoyin_log-INFO-56 line-请求数据为：{'member_id': 199785, 'amount': -700}
2020-07-14 16:19:05,594-xiaoyin_log-INFO-65 line-响应状态码：200
2020-07-14 16:19:05,594-xiaoyin_log-INFO-66 line-响应数据：{'code': 2, 'msg': '余额必须大于0并且小于或者等于5000000', 'data': None, 'copyright': 'Copyright 柠檬班 © 2017-2020 湖南省零檬信息技术有限公司 All Rights Reserved'}
2020-07-14 16:19:05,594-xiaoyin_log-INFO-64 line-期望结果：{'code': 2, 'msg': '金额必须大于0并且小于或者等于500000'}
2020-07-14 16:19:05,594-xiaoyin_log-INFO-80 line-断言失败
2020-07-14 16:19:05,594-xiaoyin_log-INFO-84 line-==================接口用例执行结束==================
2020-07-14 16:19:05,595-xiaoyin_log-INFO-45 line-==================接口用例执行开始==================
2020-07-14 16:19:05,595-xiaoyin_log-INFO-53 line-请求头为：{'X-Lemonban-Media-Type': 'lemonban.v2', 'Content-Type': 'application/json', 'Authorization': 'Bearer eyJhbGciOiJIUzUxMiJ9.eyJtZW1iZXJfaWQiOjE5OTc4NSwiZXhwIjoxNTk0NzE1MDQ0fQ.uitpx1aM4z2imsTDQY2JwCv9KYk4KpCtVJb3IpQAq1Co30R_ot4xVCBn0-gvwP_5MDHJVHm5PsJeBY6ULbGbqA'}
2020-07-14 16:19:05,595-xiaoyin_log-INFO-54 line-请求方法为：post
2020-07-14 16:19:05,595-xiaoyin_log-INFO-55 line-请求url为：http://api.lemonban.com/futureloan/member/withdraw
2020-07-14 16:19:05,595-xiaoyin_log-INFO-56 line-请求数据为：{'member_id': 199785}
2020-07-14 16:19:05,663-xiaoyin_log-INFO-65 line-响应状态码：200
2020-07-14 16:19:05,663-xiaoyin_log-INFO-66 line-响应数据：{'code': 1, 'msg': '余额为空', 'data': None, 'copyright': 'Copyright 柠檬班 © 2017-2020 湖南省零檬信息技术有限公司 All Rights Reserved'}
2020-07-14 16:19:05,663-xiaoyin_log-INFO-64 line-期望结果：{'code': 1, 'msg': '金额为空'}
2020-07-14 16:19:05,663-xiaoyin_log-INFO-80 line-断言失败
2020-07-14 16:19:05,663-xiaoyin_log-INFO-84 line-==================接口用例执行结束==================
2020-07-14 16:19:05,664-xiaoyin_log-INFO-45 line-==================接口用例执行开始==================
2020-07-14 16:19:05,664-xiaoyin_log-INFO-53 line-请求头为：{'X-Lemonban-Media-Type': 'lemonban.v2', 'Content-Type': 'application/json', 'Authorization': 'Bearer eyJhbGciOiJIUzUxMiJ9.eyJtZW1iZXJfaWQiOjE5OTc4NSwiZXhwIjoxNTk0NzE1MDQ0fQ.uitpx1aM4z2imsTDQY2JwCv9KYk4KpCtVJb3IpQAq1Co30R_ot4xVCBn0-gvwP_5MDHJVHm5PsJeBY6ULbGbqA'}
2020-07-14 16:19:05,664-xiaoyin_log-INFO-54 line-请求方法为：post
2020-07-14 16:19:05,664-xiaoyin_log-INFO-55 line-请求url为：http://api.lemonban.com/futureloan/member/withdraw
2020-07-14 16:19:05,664-xiaoyin_log-INFO-56 line-请求数据为：{'member_id': 199785, 'amount': 700.222}
2020-07-14 16:19:05,739-xiaoyin_log-INFO-65 line-响应状态码：200
2020-07-14 16:19:05,739-xiaoyin_log-INFO-66 line-响应数据：{'code': 2, 'msg': '余额小数超过两位', 'data': None, 'copyright': 'Copyright 柠檬班 © 2017-2020 湖南省零檬信息技术有限公司 All Rights Reserved'}
2020-07-14 16:19:05,739-xiaoyin_log-INFO-64 line-期望结果：{'code': 2, 'msg': '金额小数超过两位', 'data': None}
2020-07-14 16:19:05,739-xiaoyin_log-INFO-80 line-断言失败
2020-07-14 16:19:05,739-xiaoyin_log-INFO-84 line-==================接口用例执行结束==================
2020-07-14 16:19:05,740-xiaoyin_log-INFO-45 line-==================接口用例执行开始==================
2020-07-14 16:19:05,740-xiaoyin_log-INFO-53 line-请求头为：{'X-Lemonban-Media-Type': 'lemonban.v2', 'Content-Type': 'application/json', 'Authorization': 'Bearer eyJhbGciOiJIUzUxMiJ9.eyJtZW1iZXJfaWQiOjE5OTc4NSwiZXhwIjoxNTk0NzE1MDQ0fQ.uitpx1aM4z2imsTDQY2JwCv9KYk4KpCtVJb3IpQAq1Co30R_ot4xVCBn0-gvwP_5MDHJVHm5PsJeBY6ULbGbqA'}
2020-07-14 16:19:05,740-xiaoyin_log-INFO-54 line-请求方法为：post
2020-07-14 16:19:05,740-xiaoyin_log-INFO-55 line-请求url为：http://api.lemonban.com/futureloan/member/withdraw
2020-07-14 16:19:05,740-xiaoyin_log-INFO-56 line-请求数据为：{'member_id': 199785, 'amount': 500001}
2020-07-14 16:19:05,816-xiaoyin_log-INFO-65 line-响应状态码：200
2020-07-14 16:19:05,817-xiaoyin_log-INFO-66 line-响应数据：{'code': 2, 'msg': '余额必须大于0并且小于或者等于5000000', 'data': None, 'copyright': 'Copyright 柠檬班 © 2017-2020 湖南省零檬信息技术有限公司 All Rights Reserved'}
2020-07-14 16:19:05,817-xiaoyin_log-INFO-64 line-期望结果：{'code': 2, 'msg': '金额必须大于0并且小于或者等于500000', 'data': None}
2020-07-14 16:19:05,817-xiaoyin_log-INFO-80 line-断言失败
2020-07-14 16:19:05,818-xiaoyin_log-INFO-84 line-==================接口用例执行结束==================
2020-07-14 16:19:05,818-xiaoyin_log-INFO-45 line-==================接口用例执行开始==================
2020-07-14 16:19:05,818-xiaoyin_log-INFO-53 line-请求头为：{'X-Lemonban-Media-Type': 'lemonban.v2', 'Content-Type': 'application/json', 'Authorization': 'Bearer eyJhbGciOiJIUzUxMiJ9.eyJtZW1iZXJfaWQiOjE5OTc4NSwiZXhwIjoxNTk0NzE1MDQ0fQ.uitpx1aM4z2imsTDQY2JwCv9KYk4KpCtVJb3IpQAq1Co30R_ot4xVCBn0-gvwP_5MDHJVHm5PsJeBY6ULbGbqA'}
2020-07-14 16:19:05,818-xiaoyin_log-INFO-54 line-请求方法为：post
2020-07-14 16:19:05,818-xiaoyin_log-INFO-55 line-请求url为：http://api.lemonban.com/futureloan/member/withdraw
2020-07-14 16:19:05,819-xiaoyin_log-INFO-56 line-请求数据为：{'member_id': 199785, 'amount': '5万'}
2020-07-14 16:19:05,889-xiaoyin_log-INFO-65 line-响应状态码：200
2020-07-14 16:19:05,889-xiaoyin_log-INFO-66 line-响应数据：{'code': 2, 'msg': '数值参数格式不正确', 'data': None, 'copyright': 'Copyright 柠檬班 © 2017-2020 湖南省零檬信息技术有限公司 All Rights Reserved'}
2020-07-14 16:19:05,890-xiaoyin_log-INFO-64 line-期望结果：{'code': 2, 'msg': '数值参数格式不正确', 'data': None}
2020-07-14 16:19:05,890-xiaoyin_log-INFO-84 line-==================接口用例执行结束==================
2020-07-14 16:19:05,890-xiaoyin_log-INFO-88 line-==================提现模块接口测试结束==================
