2020-07-22 16:42:28,796-xiaoyin_log-INFO-58 line-==================充值模块接口测试开始==================
2020-07-22 16:42:28,797-xiaoyin_log-INFO-53 line-请求头为：{'X-Lemonban-Media-Type': 'lemonban.v2', 'Content-Type': 'application/json'}
2020-07-22 16:42:28,797-xiaoyin_log-INFO-54 line-请求方法为：post
2020-07-22 16:42:28,797-xiaoyin_log-INFO-55 line-请求url为：http://api.lemonban.com/futureloan/member/register
2020-07-22 16:42:28,797-xiaoyin_log-INFO-56 line-请求数据为：{'mobile_phone': '18770915871', 'pwd': '19940916'}
2020-07-22 16:42:28,904-xiaoyin_log-INFO-65 line-响应状态码：200
2020-07-22 16:42:28,904-xiaoyin_log-INFO-66 line-响应数据：{'code': 2, 'msg': '账号已存在', 'data': None, 'copyright': 'Copyright 柠檬班 © 2017-2020 湖南省零檬信息技术有限公司 All Rights Reserved'}
2020-07-22 16:42:28,904-xiaoyin_log-INFO-53 line-请求头为：{'X-Lemonban-Media-Type': 'lemonban.v2', 'Content-Type': 'application/json'}
2020-07-22 16:42:28,904-xiaoyin_log-INFO-54 line-请求方法为：post
2020-07-22 16:42:28,905-xiaoyin_log-INFO-55 line-请求url为：http://api.lemonban.com/futureloan/member/login
2020-07-22 16:42:28,905-xiaoyin_log-INFO-56 line-请求数据为：{'mobile_phone': '18770915871', 'pwd': '19940916'}
2020-07-22 16:42:29,005-xiaoyin_log-INFO-65 line-响应状态码：200
2020-07-22 16:42:29,005-xiaoyin_log-INFO-66 line-响应数据：{'code': 0, 'msg': 'OK', 'data': {'id': 2049967, 'leave_amount': 1507200.96, 'mobile_phone': '18770915871', 'reg_name': '小柠檬', 'reg_time': '2020-07-22 14:54:27.0', 'type': 1, 'token_info': {'token_type': 'Bearer', 'expires_in': '2020-07-22 16:47:26', 'token': 'eyJhbGciOiJIUzUxMiJ9.eyJtZW1iZXJfaWQiOjIwNDk5NjcsImV4cCI6MTU5NTQwNzY0Nn0.Jx2FMLc8-uRuoxX1VNHU-kdXVWY0z7UnBHjI83ufCA_cpODe5Jax5oCa_pciF4ejr76UJLoHdFiCMFnAuMTYdg'}}, 'copyright': 'Copyright 柠檬班 © 2017-2020 湖南省零檬信息技术有限公司 All Rights Reserved'}
2020-07-22 16:42:29,005-xiaoyin_log-INFO-61 line-登录的响应数据为：{'code': 0, 'msg': 'OK', 'data': {'id': 2049967, 'leave_amount': 1507200.96, 'mobile_phone': '18770915871', 'reg_name': '小柠檬', 'reg_time': '2020-07-22 14:54:27.0', 'type': 1, 'token_info': {'token_type': 'Bearer', 'expires_in': '2020-07-22 16:47:26', 'token': 'eyJhbGciOiJIUzUxMiJ9.eyJtZW1iZXJfaWQiOjIwNDk5NjcsImV4cCI6MTU5NTQwNzY0Nn0.Jx2FMLc8-uRuoxX1VNHU-kdXVWY0z7UnBHjI83ufCA_cpODe5Jax5oCa_pciF4ejr76UJLoHdFiCMFnAuMTYdg'}}, 'copyright': 'Copyright 柠檬班 © 2017-2020 湖南省零檬信息技术有限公司 All Rights Reserved'}
2020-07-22 16:42:29,007-xiaoyin_log-INFO-66 line-登录用户id:2049967
 token:eyJhbGciOiJIUzUxMiJ9.eyJtZW1iZXJfaWQiOjIwNDk5NjcsImV4cCI6MTU5NTQwNzY0Nn0.Jx2FMLc8-uRuoxX1VNHU-kdXVWY0z7UnBHjI83ufCA_cpODe5Jax5oCa_pciF4ejr76UJLoHdFiCMFnAuMTYdg
2020-07-22 16:42:29,009-xiaoyin_log-INFO-69 line-==================接口用例执行开始==================
2020-07-22 16:42:29,075-xiaoyin_log-INFO-109 line-==================接口用例执行结束==================
2020-07-22 16:42:29,079-xiaoyin_log-INFO-69 line-==================接口用例执行开始==================
2020-07-22 16:42:29,143-xiaoyin_log-INFO-109 line-==================接口用例执行结束==================
2020-07-22 16:42:29,145-xiaoyin_log-INFO-69 line-==================接口用例执行开始==================
2020-07-22 16:42:29,209-xiaoyin_log-INFO-109 line-==================接口用例执行结束==================
2020-07-22 16:42:29,211-xiaoyin_log-INFO-69 line-==================接口用例执行开始==================
2020-07-22 16:42:29,280-xiaoyin_log-INFO-109 line-==================接口用例执行结束==================
2020-07-22 16:42:29,282-xiaoyin_log-INFO-69 line-==================接口用例执行开始==================
2020-07-22 16:42:29,282-xiaoyin_log-INFO-53 line-请求头为：{'X-Lemonban-Media-Type': 'lemonban.v2', 'Content-Type': 'application/json', 'Authorization': 'Bearer eyJhbGciOiJIUzUxMiJ9.eyJtZW1iZXJfaWQiOjIwNDk5NjcsImV4cCI6MTU5NTQwNzY0Nn0.Jx2FMLc8-uRuoxX1VNHU-kdXVWY0z7UnBHjI83ufCA_cpODe5Jax5oCa_pciF4ejr76UJLoHdFiCMFnAuMTYdg'}
2020-07-22 16:42:29,282-xiaoyin_log-INFO-54 line-请求方法为：post
2020-07-22 16:42:29,283-xiaoyin_log-INFO-55 line-请求url为：http://api.lemonban.com/futureloan/member/recharge
2020-07-22 16:42:29,283-xiaoyin_log-INFO-56 line-请求数据为：{'amount': 600}
2020-07-22 16:42:29,354-xiaoyin_log-INFO-65 line-响应状态码：200
2020-07-22 16:42:29,354-xiaoyin_log-INFO-66 line-响应数据：{'code': 1, 'msg': '用户id为空', 'data': None, 'copyright': 'Copyright 柠檬班 © 2017-2020 湖南省零檬信息技术有限公司 All Rights Reserved'}
2020-07-22 16:42:29,355-xiaoyin_log-INFO-91 line-期望结果为：{'code': 1, 'msg': '用户id为空'}
2020-07-22 16:42:29,355-xiaoyin_log-INFO-109 line-==================接口用例执行结束==================
2020-07-22 16:42:29,355-xiaoyin_log-INFO-69 line-==================接口用例执行开始==================
2020-07-22 16:42:29,355-xiaoyin_log-INFO-53 line-请求头为：{'X-Lemonban-Media-Type': 'lemonban.v2', 'Content-Type': 'application/json', 'Authorization': 'Bearer eyJhbGciOiJIUzUxMiJ9.eyJtZW1iZXJfaWQiOjIwNDk5NjcsImV4cCI6MTU5NTQwNzY0Nn0.Jx2FMLc8-uRuoxX1VNHU-kdXVWY0z7UnBHjI83ufCA_cpODe5Jax5oCa_pciF4ejr76UJLoHdFiCMFnAuMTYdg'}
2020-07-22 16:42:29,356-xiaoyin_log-INFO-54 line-请求方法为：post
2020-07-22 16:42:29,356-xiaoyin_log-INFO-55 line-请求url为：http://api.lemonban.com/futureloan/member/recharge
2020-07-22 16:42:29,356-xiaoyin_log-INFO-56 line-请求数据为：{'member_id': 98989898, 'amount': 600}
2020-07-22 16:42:29,428-xiaoyin_log-INFO-65 line-响应状态码：200
2020-07-22 16:42:29,428-xiaoyin_log-INFO-66 line-响应数据：{'code': 1007, 'msg': '无权限访问，请检查参数', 'data': None, 'copyright': 'Copyright 柠檬班 © 2017-2020 湖南省零檬信息技术有限公司 All Rights Reserved'}
2020-07-22 16:42:29,428-xiaoyin_log-INFO-91 line-期望结果为：{'code': 1007, 'msg': '无权限访问，请检查参数'}
2020-07-22 16:42:29,428-xiaoyin_log-INFO-109 line-==================接口用例执行结束==================
2020-07-22 16:42:29,429-xiaoyin_log-INFO-69 line-==================接口用例执行开始==================
2020-07-22 16:42:29,429-xiaoyin_log-INFO-53 line-请求头为：{'X-Lemonban-Media-Type': 'lemonban.v2', 'Content-Type': 'application/json', 'Authorization': 'Bearer eyJhbGciOiJIUzUxMiJ9.eyJtZW1iZXJfaWQiOjIwNDk5NjcsImV4cCI6MTU5NTQwNzY0Nn0.Jx2FMLc8-uRuoxX1VNHU-kdXVWY0z7UnBHjI83ufCA_cpODe5Jax5oCa_pciF4ejr76UJLoHdFiCMFnAuMTYdg'}
2020-07-22 16:42:29,429-xiaoyin_log-INFO-54 line-请求方法为：post
2020-07-22 16:42:29,429-xiaoyin_log-INFO-55 line-请求url为：http://api.lemonban.com/futureloan/member/recharge
2020-07-22 16:42:29,429-xiaoyin_log-INFO-56 line-请求数据为：{'member_id': '#member_id#', 'amount': 600}
2020-07-22 16:42:29,506-xiaoyin_log-INFO-65 line-响应状态码：200
2020-07-22 16:42:29,507-xiaoyin_log-INFO-66 line-响应数据：{'code': 2, 'msg': '数字格式化异常', 'data': None, 'copyright': 'Copyright 柠檬班 © 2017-2020 湖南省零檬信息技术有限公司 All Rights Reserved'}
2020-07-22 16:42:29,507-xiaoyin_log-INFO-91 line-期望结果为：{'code': 2, 'msg': '数字格式化异常'}
2020-07-22 16:42:29,507-xiaoyin_log-INFO-109 line-==================接口用例执行结束==================
2020-07-22 16:42:29,507-xiaoyin_log-INFO-69 line-==================接口用例执行开始==================
2020-07-22 16:42:29,508-xiaoyin_log-INFO-53 line-请求头为：{'X-Lemonban-Media-Type': 'lemonban.v2', 'Content-Type': 'application/json', 'Authorization': 'Bearer eyJhbGciOiJIUzUxMiJ9.eyJtZW1iZXJfaWQiOjIwNDk5NjcsImV4cCI6MTU5NTQwNzY0Nn0.Jx2FMLc8-uRuoxX1VNHU-kdXVWY0z7UnBHjI83ufCA_cpODe5Jax5oCa_pciF4ejr76UJLoHdFiCMFnAuMTYdg'}
2020-07-22 16:42:29,508-xiaoyin_log-INFO-54 line-请求方法为：post
2020-07-22 16:42:29,508-xiaoyin_log-INFO-55 line-请求url为：http://api.lemonban.com/futureloan/member/recharge
2020-07-22 16:42:29,508-xiaoyin_log-INFO-56 line-请求数据为：{'member_id': 15.0, 'amount': 600}
2020-07-22 16:42:29,580-xiaoyin_log-INFO-65 line-响应状态码：200
2020-07-22 16:42:29,580-xiaoyin_log-INFO-66 line-响应数据：{'code': 2, 'msg': '数字格式化异常', 'data': None, 'copyright': 'Copyright 柠檬班 © 2017-2020 湖南省零檬信息技术有限公司 All Rights Reserved'}
2020-07-22 16:42:29,580-xiaoyin_log-INFO-91 line-期望结果为：{'code': 2, 'msg': '数字格式化异常'}
2020-07-22 16:42:29,580-xiaoyin_log-INFO-109 line-==================接口用例执行结束==================
2020-07-22 16:42:29,581-xiaoyin_log-INFO-69 line-==================接口用例执行开始==================
2020-07-22 16:42:29,581-xiaoyin_log-INFO-109 line-==================接口用例执行结束==================
2020-07-22 16:42:29,583-xiaoyin_log-INFO-69 line-==================接口用例执行开始==================
2020-07-22 16:42:29,584-xiaoyin_log-INFO-109 line-==================接口用例执行结束==================
2020-07-22 16:42:29,588-xiaoyin_log-INFO-69 line-==================接口用例执行开始==================
2020-07-22 16:42:29,588-xiaoyin_log-INFO-109 line-==================接口用例执行结束==================
2020-07-22 16:42:29,590-xiaoyin_log-INFO-69 line-==================接口用例执行开始==================
2020-07-22 16:42:29,591-xiaoyin_log-INFO-109 line-==================接口用例执行结束==================
2020-07-22 16:42:29,597-xiaoyin_log-INFO-69 line-==================接口用例执行开始==================
2020-07-22 16:42:29,597-xiaoyin_log-INFO-109 line-==================接口用例执行结束==================
2020-07-22 16:42:29,599-xiaoyin_log-INFO-69 line-==================接口用例执行开始==================
2020-07-22 16:42:29,600-xiaoyin_log-INFO-109 line-==================接口用例执行结束==================
2020-07-22 16:42:29,604-xiaoyin_log-INFO-113 line-==================充值模块接口测试结束==================
