2020-07-22 17:06:25,804-xiaoyin_log-INFO-58 line-==================充值模块接口测试开始==================
2020-07-22 17:06:25,804-xiaoyin_log-INFO-53 line-请求头为：{'X-Lemonban-Media-Type': 'lemonban.v2', 'Content-Type': 'application/json'}
2020-07-22 17:06:25,805-xiaoyin_log-INFO-54 line-请求方法为：post
2020-07-22 17:06:25,805-xiaoyin_log-INFO-55 line-请求url为：http://api.lemonban.com/futureloan/member/register
2020-07-22 17:06:25,805-xiaoyin_log-INFO-56 line-请求数据为：{'mobile_phone': '18770915871', 'pwd': '19940916'}
2020-07-22 17:06:25,918-xiaoyin_log-INFO-65 line-响应状态码：200
2020-07-22 17:06:25,918-xiaoyin_log-INFO-66 line-响应数据：{'code': 2, 'msg': '账号已存在', 'data': None, 'copyright': 'Copyright 柠檬班 © 2017-2020 湖南省零檬信息技术有限公司 All Rights Reserved'}
2020-07-22 17:06:25,918-xiaoyin_log-INFO-53 line-请求头为：{'X-Lemonban-Media-Type': 'lemonban.v2', 'Content-Type': 'application/json'}
2020-07-22 17:06:25,918-xiaoyin_log-INFO-54 line-请求方法为：post
2020-07-22 17:06:25,918-xiaoyin_log-INFO-55 line-请求url为：http://api.lemonban.com/futureloan/member/login
2020-07-22 17:06:25,918-xiaoyin_log-INFO-56 line-请求数据为：{'mobile_phone': '18770915871', 'pwd': '19940916'}
2020-07-22 17:06:26,021-xiaoyin_log-INFO-65 line-响应状态码：200
2020-07-22 17:06:26,021-xiaoyin_log-INFO-66 line-响应数据：{'code': 0, 'msg': 'OK', 'data': {'id': 2049967, 'leave_amount': 4522802.88, 'mobile_phone': '18770915871', 'reg_name': '小柠檬', 'reg_time': '2020-07-22 14:54:27.0', 'type': 1, 'token_info': {'token_type': 'Bearer', 'expires_in': '2020-07-22 17:11:23', 'token': 'eyJhbGciOiJIUzUxMiJ9.eyJtZW1iZXJfaWQiOjIwNDk5NjcsImV4cCI6MTU5NTQwOTA4M30.9gbRaUMgBCfZ-nx8c28K4l0ISpk32sJPsrlq6fQ1zqK6Jkq2YrhlI3zNoFI4sq7Y5oT6JwCebfrwAJGWh9H7sw'}}, 'copyright': 'Copyright 柠檬班 © 2017-2020 湖南省零檬信息技术有限公司 All Rights Reserved'}
2020-07-22 17:06:26,021-xiaoyin_log-INFO-61 line-登录的响应数据为：{'code': 0, 'msg': 'OK', 'data': {'id': 2049967, 'leave_amount': 4522802.88, 'mobile_phone': '18770915871', 'reg_name': '小柠檬', 'reg_time': '2020-07-22 14:54:27.0', 'type': 1, 'token_info': {'token_type': 'Bearer', 'expires_in': '2020-07-22 17:11:23', 'token': 'eyJhbGciOiJIUzUxMiJ9.eyJtZW1iZXJfaWQiOjIwNDk5NjcsImV4cCI6MTU5NTQwOTA4M30.9gbRaUMgBCfZ-nx8c28K4l0ISpk32sJPsrlq6fQ1zqK6Jkq2YrhlI3zNoFI4sq7Y5oT6JwCebfrwAJGWh9H7sw'}}, 'copyright': 'Copyright 柠檬班 © 2017-2020 湖南省零檬信息技术有限公司 All Rights Reserved'}
2020-07-22 17:06:26,023-xiaoyin_log-INFO-66 line-登录用户id:2049967
 token:eyJhbGciOiJIUzUxMiJ9.eyJtZW1iZXJfaWQiOjIwNDk5NjcsImV4cCI6MTU5NTQwOTA4M30.9gbRaUMgBCfZ-nx8c28K4l0ISpk32sJPsrlq6fQ1zqK6Jkq2YrhlI3zNoFI4sq7Y5oT6JwCebfrwAJGWh9H7sw
2020-07-22 17:06:26,026-xiaoyin_log-INFO-69 line-==================接口用例执行开始==================
2020-07-22 17:06:26,089-xiaoyin_log-INFO-80 line-充值之前用户余额：4522802.88
2020-07-22 17:06:26,089-xiaoyin_log-INFO-82 line-充值金额为：600
2020-07-22 17:06:26,089-xiaoyin_log-INFO-84 line-预期充值之后的金额为：4523402.88
2020-07-22 17:06:26,090-xiaoyin_log-INFO-53 line-请求头为：{'X-Lemonban-Media-Type': 'lemonban.v2', 'Content-Type': 'application/json', 'Authorization': 'Bearer eyJhbGciOiJIUzUxMiJ9.eyJtZW1iZXJfaWQiOjIwNDk5NjcsImV4cCI6MTU5NTQwOTA4M30.9gbRaUMgBCfZ-nx8c28K4l0ISpk32sJPsrlq6fQ1zqK6Jkq2YrhlI3zNoFI4sq7Y5oT6JwCebfrwAJGWh9H7sw'}
2020-07-22 17:06:26,090-xiaoyin_log-INFO-54 line-请求方法为：post
2020-07-22 17:06:26,090-xiaoyin_log-INFO-55 line-请求url为：http://api.lemonban.com/futureloan/member/recharge
2020-07-22 17:06:26,090-xiaoyin_log-INFO-56 line-请求数据为：{'member_id': 2049967, 'amount': 600}
2020-07-22 17:06:26,177-xiaoyin_log-INFO-65 line-响应状态码：200
2020-07-22 17:06:26,178-xiaoyin_log-INFO-66 line-响应数据：{'code': 0, 'msg': 'OK', 'data': {'id': 2049967, 'leave_amount': 4523402.88, 'mobile_phone': '18770915871', 'reg_name': '小柠檬', 'reg_time': '2020-07-22 14:54:27.0', 'type': 1}, 'copyright': 'Copyright 柠檬班 © 2017-2020 湖南省零檬信息技术有限公司 All Rights Reserved'}
2020-07-22 17:06:26,178-xiaoyin_log-INFO-91 line-期望结果为：{'code': 0, 'msg': 'OK', 'data': {'id': 2049967, 'leave_amount': 4523402.88}}
2020-07-22 17:06:26,240-xiaoyin_log-INFO-101 line-充值之后用余额：4523402.88
2020-07-22 17:06:26,240-xiaoyin_log-INFO-109 line-==================接口用例执行结束==================
2020-07-22 17:06:26,241-xiaoyin_log-INFO-69 line-==================接口用例执行开始==================
2020-07-22 17:06:26,304-xiaoyin_log-INFO-80 line-充值之前用户余额：4523402.88
2020-07-22 17:06:26,304-xiaoyin_log-INFO-82 line-充值金额为：600.1
2020-07-22 17:06:26,304-xiaoyin_log-INFO-84 line-预期充值之后的金额为：4524002.98
2020-07-22 17:06:26,304-xiaoyin_log-INFO-53 line-请求头为：{'X-Lemonban-Media-Type': 'lemonban.v2', 'Content-Type': 'application/json', 'Authorization': 'Bearer eyJhbGciOiJIUzUxMiJ9.eyJtZW1iZXJfaWQiOjIwNDk5NjcsImV4cCI6MTU5NTQwOTA4M30.9gbRaUMgBCfZ-nx8c28K4l0ISpk32sJPsrlq6fQ1zqK6Jkq2YrhlI3zNoFI4sq7Y5oT6JwCebfrwAJGWh9H7sw'}
2020-07-22 17:06:26,304-xiaoyin_log-INFO-54 line-请求方法为：post
2020-07-22 17:06:26,305-xiaoyin_log-INFO-55 line-请求url为：http://api.lemonban.com/futureloan/member/recharge
2020-07-22 17:06:26,305-xiaoyin_log-INFO-56 line-请求数据为：{'member_id': 2049967, 'amount': 600.1}
2020-07-22 17:06:26,388-xiaoyin_log-INFO-65 line-响应状态码：200
2020-07-22 17:06:26,388-xiaoyin_log-INFO-66 line-响应数据：{'code': 0, 'msg': 'OK', 'data': {'id': 2049967, 'leave_amount': 4524002.98, 'mobile_phone': '18770915871', 'reg_name': '小柠檬', 'reg_time': '2020-07-22 14:54:27.0', 'type': 1}, 'copyright': 'Copyright 柠檬班 © 2017-2020 湖南省零檬信息技术有限公司 All Rights Reserved'}
2020-07-22 17:06:26,388-xiaoyin_log-INFO-91 line-期望结果为：{'code': 0, 'msg': 'OK', 'data': {'id': 2049967, 'leave_amount': 4523402.88}}
2020-07-22 17:06:26,388-xiaoyin_log-INFO-105 line-断言失败
2020-07-22 17:06:26,389-xiaoyin_log-INFO-109 line-==================接口用例执行结束==================
2020-07-22 17:06:26,391-xiaoyin_log-INFO-69 line-==================接口用例执行开始==================
2020-07-22 17:06:26,453-xiaoyin_log-INFO-80 line-充值之前用户余额：4524002.98
2020-07-22 17:06:26,454-xiaoyin_log-INFO-82 line-充值金额为：600.22
2020-07-22 17:06:26,454-xiaoyin_log-INFO-84 line-预期充值之后的金额为：4524603.2
2020-07-22 17:06:26,454-xiaoyin_log-INFO-53 line-请求头为：{'X-Lemonban-Media-Type': 'lemonban.v2', 'Content-Type': 'application/json', 'Authorization': 'Bearer eyJhbGciOiJIUzUxMiJ9.eyJtZW1iZXJfaWQiOjIwNDk5NjcsImV4cCI6MTU5NTQwOTA4M30.9gbRaUMgBCfZ-nx8c28K4l0ISpk32sJPsrlq6fQ1zqK6Jkq2YrhlI3zNoFI4sq7Y5oT6JwCebfrwAJGWh9H7sw'}
2020-07-22 17:06:26,454-xiaoyin_log-INFO-54 line-请求方法为：post
2020-07-22 17:06:26,454-xiaoyin_log-INFO-55 line-请求url为：http://api.lemonban.com/futureloan/member/recharge
2020-07-22 17:06:26,454-xiaoyin_log-INFO-56 line-请求数据为：{'member_id': 2049967, 'amount': 600.22}
2020-07-22 17:06:26,534-xiaoyin_log-INFO-65 line-响应状态码：200
2020-07-22 17:06:26,535-xiaoyin_log-INFO-66 line-响应数据：{'code': 0, 'msg': 'OK', 'data': {'id': 2049967, 'leave_amount': 4524603.2, 'mobile_phone': '18770915871', 'reg_name': '小柠檬', 'reg_time': '2020-07-22 14:54:27.0', 'type': 1}, 'copyright': 'Copyright 柠檬班 © 2017-2020 湖南省零檬信息技术有限公司 All Rights Reserved'}
2020-07-22 17:06:26,535-xiaoyin_log-INFO-91 line-期望结果为：{'code': 0, 'msg': 'OK', 'data': {'id': 2049967, 'leave_amount': 4524002.98}}
2020-07-22 17:06:26,535-xiaoyin_log-INFO-105 line-断言失败
2020-07-22 17:06:26,535-xiaoyin_log-INFO-109 line-==================接口用例执行结束==================
2020-07-22 17:06:26,537-xiaoyin_log-INFO-69 line-==================接口用例执行开始==================
2020-07-22 17:06:26,599-xiaoyin_log-INFO-80 line-充值之前用户余额：4524603.20
2020-07-22 17:06:26,599-xiaoyin_log-INFO-82 line-充值金额为：500000
2020-07-22 17:06:26,599-xiaoyin_log-INFO-84 line-预期充值之后的金额为：5024603.2
2020-07-22 17:06:26,599-xiaoyin_log-INFO-53 line-请求头为：{'X-Lemonban-Media-Type': 'lemonban.v2', 'Content-Type': 'application/json', 'Authorization': 'Bearer eyJhbGciOiJIUzUxMiJ9.eyJtZW1iZXJfaWQiOjIwNDk5NjcsImV4cCI6MTU5NTQwOTA4M30.9gbRaUMgBCfZ-nx8c28K4l0ISpk32sJPsrlq6fQ1zqK6Jkq2YrhlI3zNoFI4sq7Y5oT6JwCebfrwAJGWh9H7sw'}
2020-07-22 17:06:26,599-xiaoyin_log-INFO-54 line-请求方法为：post
2020-07-22 17:06:26,599-xiaoyin_log-INFO-55 line-请求url为：http://api.lemonban.com/futureloan/member/recharge
2020-07-22 17:06:26,599-xiaoyin_log-INFO-56 line-请求数据为：{'member_id': 2049967, 'amount': 500000}
2020-07-22 17:06:26,677-xiaoyin_log-INFO-65 line-响应状态码：200
2020-07-22 17:06:26,677-xiaoyin_log-INFO-66 line-响应数据：{'code': 0, 'msg': 'OK', 'data': {'id': 2049967, 'leave_amount': 5024603.2, 'mobile_phone': '18770915871', 'reg_name': '小柠檬', 'reg_time': '2020-07-22 14:54:27.0', 'type': 1}, 'copyright': 'Copyright 柠檬班 © 2017-2020 湖南省零檬信息技术有限公司 All Rights Reserved'}
2020-07-22 17:06:26,678-xiaoyin_log-INFO-91 line-期望结果为：{'code': 0, 'msg': 'OK', 'data': {'id': 2049967, 'leave_amount': 4524603.2}}
2020-07-22 17:06:26,678-xiaoyin_log-INFO-105 line-断言失败
2020-07-22 17:06:26,678-xiaoyin_log-INFO-109 line-==================接口用例执行结束==================
2020-07-22 17:06:26,679-xiaoyin_log-INFO-69 line-==================接口用例执行开始==================
2020-07-22 17:06:26,679-xiaoyin_log-INFO-53 line-请求头为：{'X-Lemonban-Media-Type': 'lemonban.v2', 'Content-Type': 'application/json', 'Authorization': 'Bearer eyJhbGciOiJIUzUxMiJ9.eyJtZW1iZXJfaWQiOjIwNDk5NjcsImV4cCI6MTU5NTQwOTA4M30.9gbRaUMgBCfZ-nx8c28K4l0ISpk32sJPsrlq6fQ1zqK6Jkq2YrhlI3zNoFI4sq7Y5oT6JwCebfrwAJGWh9H7sw'}
2020-07-22 17:06:26,680-xiaoyin_log-INFO-54 line-请求方法为：post
2020-07-22 17:06:26,680-xiaoyin_log-INFO-55 line-请求url为：http://api.lemonban.com/futureloan/member/recharge
2020-07-22 17:06:26,680-xiaoyin_log-INFO-56 line-请求数据为：{'amount': 600}
2020-07-22 17:06:26,743-xiaoyin_log-INFO-65 line-响应状态码：200
2020-07-22 17:06:26,743-xiaoyin_log-INFO-66 line-响应数据：{'code': 1, 'msg': '用户id为空', 'data': None, 'copyright': 'Copyright 柠檬班 © 2017-2020 湖南省零檬信息技术有限公司 All Rights Reserved'}
2020-07-22 17:06:26,743-xiaoyin_log-INFO-91 line-期望结果为：{'code': 1, 'msg': '用户id为空'}
2020-07-22 17:06:26,743-xiaoyin_log-INFO-109 line-==================接口用例执行结束==================
2020-07-22 17:06:26,744-xiaoyin_log-INFO-69 line-==================接口用例执行开始==================
2020-07-22 17:06:26,744-xiaoyin_log-INFO-53 line-请求头为：{'X-Lemonban-Media-Type': 'lemonban.v2', 'Content-Type': 'application/json', 'Authorization': 'Bearer eyJhbGciOiJIUzUxMiJ9.eyJtZW1iZXJfaWQiOjIwNDk5NjcsImV4cCI6MTU5NTQwOTA4M30.9gbRaUMgBCfZ-nx8c28K4l0ISpk32sJPsrlq6fQ1zqK6Jkq2YrhlI3zNoFI4sq7Y5oT6JwCebfrwAJGWh9H7sw'}
2020-07-22 17:06:26,744-xiaoyin_log-INFO-54 line-请求方法为：post
2020-07-22 17:06:26,744-xiaoyin_log-INFO-55 line-请求url为：http://api.lemonban.com/futureloan/member/recharge
2020-07-22 17:06:26,744-xiaoyin_log-INFO-56 line-请求数据为：{'member_id': 98989898, 'amount': 600}
2020-07-22 17:06:26,814-xiaoyin_log-INFO-65 line-响应状态码：200
2020-07-22 17:06:26,814-xiaoyin_log-INFO-66 line-响应数据：{'code': 1007, 'msg': '无权限访问，请检查参数', 'data': None, 'copyright': 'Copyright 柠檬班 © 2017-2020 湖南省零檬信息技术有限公司 All Rights Reserved'}
2020-07-22 17:06:26,814-xiaoyin_log-INFO-91 line-期望结果为：{'code': 1007, 'msg': '无权限访问，请检查参数'}
2020-07-22 17:06:26,814-xiaoyin_log-INFO-109 line-==================接口用例执行结束==================
2020-07-22 17:06:26,815-xiaoyin_log-INFO-69 line-==================接口用例执行开始==================
2020-07-22 17:06:26,815-xiaoyin_log-INFO-53 line-请求头为：{'X-Lemonban-Media-Type': 'lemonban.v2', 'Content-Type': 'application/json', 'Authorization': 'Bearer eyJhbGciOiJIUzUxMiJ9.eyJtZW1iZXJfaWQiOjIwNDk5NjcsImV4cCI6MTU5NTQwOTA4M30.9gbRaUMgBCfZ-nx8c28K4l0ISpk32sJPsrlq6fQ1zqK6Jkq2YrhlI3zNoFI4sq7Y5oT6JwCebfrwAJGWh9H7sw'}
2020-07-22 17:06:26,815-xiaoyin_log-INFO-54 line-请求方法为：post
2020-07-22 17:06:26,815-xiaoyin_log-INFO-55 line-请求url为：http://api.lemonban.com/futureloan/member/recharge
2020-07-22 17:06:26,816-xiaoyin_log-INFO-56 line-请求数据为：{'member_id': '2049967', 'amount': 600}
2020-07-22 17:06:26,889-xiaoyin_log-INFO-65 line-响应状态码：200
2020-07-22 17:06:26,889-xiaoyin_log-INFO-66 line-响应数据：{'code': 0, 'msg': 'OK', 'data': {'id': 2049967, 'leave_amount': 5025203.2, 'mobile_phone': '18770915871', 'reg_name': '小柠檬', 'reg_time': '2020-07-22 14:54:27.0', 'type': 1}, 'copyright': 'Copyright 柠檬班 © 2017-2020 湖南省零檬信息技术有限公司 All Rights Reserved'}
2020-07-22 17:06:26,890-xiaoyin_log-INFO-91 line-期望结果为：{'code': 2, 'msg': '数字格式化异常'}
2020-07-22 17:06:26,890-xiaoyin_log-INFO-105 line-断言失败
2020-07-22 17:06:26,890-xiaoyin_log-INFO-109 line-==================接口用例执行结束==================
2020-07-22 17:06:26,891-xiaoyin_log-INFO-69 line-==================接口用例执行开始==================
2020-07-22 17:06:26,892-xiaoyin_log-INFO-53 line-请求头为：{'X-Lemonban-Media-Type': 'lemonban.v2', 'Content-Type': 'application/json', 'Authorization': 'Bearer eyJhbGciOiJIUzUxMiJ9.eyJtZW1iZXJfaWQiOjIwNDk5NjcsImV4cCI6MTU5NTQwOTA4M30.9gbRaUMgBCfZ-nx8c28K4l0ISpk32sJPsrlq6fQ1zqK6Jkq2YrhlI3zNoFI4sq7Y5oT6JwCebfrwAJGWh9H7sw'}
2020-07-22 17:06:26,892-xiaoyin_log-INFO-54 line-请求方法为：post
2020-07-22 17:06:26,892-xiaoyin_log-INFO-55 line-请求url为：http://api.lemonban.com/futureloan/member/recharge
2020-07-22 17:06:26,892-xiaoyin_log-INFO-56 line-请求数据为：{'member_id': 15.0, 'amount': 600}
2020-07-22 17:06:26,961-xiaoyin_log-INFO-65 line-响应状态码：200
2020-07-22 17:06:26,961-xiaoyin_log-INFO-66 line-响应数据：{'code': 2, 'msg': '数字格式化异常', 'data': None, 'copyright': 'Copyright 柠檬班 © 2017-2020 湖南省零檬信息技术有限公司 All Rights Reserved'}
2020-07-22 17:06:26,962-xiaoyin_log-INFO-91 line-期望结果为：{'code': 2, 'msg': '数字格式化异常'}
2020-07-22 17:06:26,962-xiaoyin_log-INFO-109 line-==================接口用例执行结束==================
2020-07-22 17:06:26,962-xiaoyin_log-INFO-69 line-==================接口用例执行开始==================
2020-07-22 17:06:26,963-xiaoyin_log-INFO-53 line-请求头为：{'X-Lemonban-Media-Type': 'lemonban.v2', 'Content-Type': 'application/json', 'Authorization': 'Bearer eyJhbGciOiJIUzUxMiJ9.eyJtZW1iZXJfaWQiOjIwNDk5NjcsImV4cCI6MTU5NTQwOTA4M30.9gbRaUMgBCfZ-nx8c28K4l0ISpk32sJPsrlq6fQ1zqK6Jkq2YrhlI3zNoFI4sq7Y5oT6JwCebfrwAJGWh9H7sw'}
2020-07-22 17:06:26,963-xiaoyin_log-INFO-54 line-请求方法为：post
2020-07-22 17:06:26,963-xiaoyin_log-INFO-55 line-请求url为：http://api.lemonban.com/futureloan/member/recharge
2020-07-22 17:06:26,963-xiaoyin_log-INFO-56 line-请求数据为：{'member_id': 2049967, 'amount': 0}
2020-07-22 17:06:27,040-xiaoyin_log-INFO-65 line-响应状态码：200
2020-07-22 17:06:27,040-xiaoyin_log-INFO-66 line-响应数据：{'code': 0, 'msg': 'OK', 'data': {'id': 2049967, 'leave_amount': 5025203.2, 'mobile_phone': '18770915871', 'reg_name': '小柠檬', 'reg_time': '2020-07-22 14:54:27.0', 'type': 1}, 'copyright': 'Copyright 柠檬班 © 2017-2020 湖南省零檬信息技术有限公司 All Rights Reserved'}
2020-07-22 17:06:27,040-xiaoyin_log-INFO-91 line-期望结果为：{'code': 2, 'msg': '金额必须大于0并且小于或者等于500000'}
2020-07-22 17:06:27,040-xiaoyin_log-INFO-105 line-断言失败
2020-07-22 17:06:27,040-xiaoyin_log-INFO-109 line-==================接口用例执行结束==================
2020-07-22 17:06:27,042-xiaoyin_log-INFO-69 line-==================接口用例执行开始==================
2020-07-22 17:06:27,042-xiaoyin_log-INFO-53 line-请求头为：{'X-Lemonban-Media-Type': 'lemonban.v2', 'Content-Type': 'application/json', 'Authorization': 'Bearer eyJhbGciOiJIUzUxMiJ9.eyJtZW1iZXJfaWQiOjIwNDk5NjcsImV4cCI6MTU5NTQwOTA4M30.9gbRaUMgBCfZ-nx8c28K4l0ISpk32sJPsrlq6fQ1zqK6Jkq2YrhlI3zNoFI4sq7Y5oT6JwCebfrwAJGWh9H7sw'}
2020-07-22 17:06:27,042-xiaoyin_log-INFO-54 line-请求方法为：post
2020-07-22 17:06:27,042-xiaoyin_log-INFO-55 line-请求url为：http://api.lemonban.com/futureloan/member/recharge
2020-07-22 17:06:27,042-xiaoyin_log-INFO-56 line-请求数据为：{'member_id': 2049967, 'amount': -600}
2020-07-22 17:06:27,107-xiaoyin_log-INFO-65 line-响应状态码：200
2020-07-22 17:06:27,107-xiaoyin_log-INFO-66 line-响应数据：{'code': 2, 'msg': '余额必须大于0并且小于或者等于500000', 'data': None, 'copyright': 'Copyright 柠檬班 © 2017-2020 湖南省零檬信息技术有限公司 All Rights Reserved'}
2020-07-22 17:06:27,107-xiaoyin_log-INFO-91 line-期望结果为：{'code': 2, 'msg': '金额必须大于0并且小于或者等于500000'}
2020-07-22 17:06:27,107-xiaoyin_log-INFO-105 line-断言失败
2020-07-22 17:06:27,108-xiaoyin_log-INFO-109 line-==================接口用例执行结束==================
2020-07-22 17:06:27,109-xiaoyin_log-INFO-69 line-==================接口用例执行开始==================
2020-07-22 17:06:27,109-xiaoyin_log-INFO-53 line-请求头为：{'X-Lemonban-Media-Type': 'lemonban.v2', 'Content-Type': 'application/json', 'Authorization': 'Bearer eyJhbGciOiJIUzUxMiJ9.eyJtZW1iZXJfaWQiOjIwNDk5NjcsImV4cCI6MTU5NTQwOTA4M30.9gbRaUMgBCfZ-nx8c28K4l0ISpk32sJPsrlq6fQ1zqK6Jkq2YrhlI3zNoFI4sq7Y5oT6JwCebfrwAJGWh9H7sw'}
2020-07-22 17:06:27,110-xiaoyin_log-INFO-54 line-请求方法为：post
2020-07-22 17:06:27,110-xiaoyin_log-INFO-55 line-请求url为：http://api.lemonban.com/futureloan/member/recharge
2020-07-22 17:06:27,110-xiaoyin_log-INFO-56 line-请求数据为：{'member_id': 2049967}
2020-07-22 17:06:27,182-xiaoyin_log-INFO-65 line-响应状态码：200
2020-07-22 17:06:27,182-xiaoyin_log-INFO-66 line-响应数据：{'code': 2, 'msg': '余额必须为数值型', 'data': None, 'copyright': 'Copyright 柠檬班 © 2017-2020 湖南省零檬信息技术有限公司 All Rights Reserved'}
2020-07-22 17:06:27,182-xiaoyin_log-INFO-91 line-期望结果为：{'code': 1, 'msg': '充值金额为空'}
2020-07-22 17:06:27,182-xiaoyin_log-INFO-105 line-断言失败
2020-07-22 17:06:27,182-xiaoyin_log-INFO-109 line-==================接口用例执行结束==================
2020-07-22 17:06:27,184-xiaoyin_log-INFO-69 line-==================接口用例执行开始==================
2020-07-22 17:06:27,184-xiaoyin_log-INFO-53 line-请求头为：{'X-Lemonban-Media-Type': 'lemonban.v2', 'Content-Type': 'application/json', 'Authorization': 'Bearer eyJhbGciOiJIUzUxMiJ9.eyJtZW1iZXJfaWQiOjIwNDk5NjcsImV4cCI6MTU5NTQwOTA4M30.9gbRaUMgBCfZ-nx8c28K4l0ISpk32sJPsrlq6fQ1zqK6Jkq2YrhlI3zNoFI4sq7Y5oT6JwCebfrwAJGWh9H7sw'}
2020-07-22 17:06:27,184-xiaoyin_log-INFO-54 line-请求方法为：post
2020-07-22 17:06:27,184-xiaoyin_log-INFO-55 line-请求url为：http://api.lemonban.com/futureloan/member/recharge
2020-07-22 17:06:27,184-xiaoyin_log-INFO-56 line-请求数据为：{'member_id': 2049967, 'amount': 600.222}
2020-07-22 17:06:27,257-xiaoyin_log-INFO-65 line-响应状态码：200
2020-07-22 17:06:27,257-xiaoyin_log-INFO-66 line-响应数据：{'code': 2, 'msg': '余额小数超过两位', 'data': None, 'copyright': 'Copyright 柠檬班 © 2017-2020 湖南省零檬信息技术有限公司 All Rights Reserved'}
2020-07-22 17:06:27,257-xiaoyin_log-INFO-91 line-期望结果为：{'code': 2, 'msg': '金额小数超过两位'}
2020-07-22 17:06:27,258-xiaoyin_log-INFO-105 line-断言失败
2020-07-22 17:06:27,258-xiaoyin_log-INFO-109 line-==================接口用例执行结束==================
2020-07-22 17:06:27,259-xiaoyin_log-INFO-69 line-==================接口用例执行开始==================
2020-07-22 17:06:27,260-xiaoyin_log-INFO-53 line-请求头为：{'X-Lemonban-Media-Type': 'lemonban.v2', 'Content-Type': 'application/json', 'Authorization': 'Bearer eyJhbGciOiJIUzUxMiJ9.eyJtZW1iZXJfaWQiOjIwNDk5NjcsImV4cCI6MTU5NTQwOTA4M30.9gbRaUMgBCfZ-nx8c28K4l0ISpk32sJPsrlq6fQ1zqK6Jkq2YrhlI3zNoFI4sq7Y5oT6JwCebfrwAJGWh9H7sw'}
2020-07-22 17:06:27,260-xiaoyin_log-INFO-54 line-请求方法为：post
2020-07-22 17:06:27,260-xiaoyin_log-INFO-55 line-请求url为：http://api.lemonban.com/futureloan/member/recharge
2020-07-22 17:06:27,260-xiaoyin_log-INFO-56 line-请求数据为：{'member_id': 2049967, 'amount': 500001}
2020-07-22 17:06:27,324-xiaoyin_log-INFO-65 line-响应状态码：200
2020-07-22 17:06:27,325-xiaoyin_log-INFO-66 line-响应数据：{'code': 2, 'msg': '余额必须大于0并且小于或者等于500000', 'data': None, 'copyright': 'Copyright 柠檬班 © 2017-2020 湖南省零檬信息技术有限公司 All Rights Reserved'}
2020-07-22 17:06:27,325-xiaoyin_log-INFO-91 line-期望结果为：{'code': 2, 'msg': '金额必须大于0并且小于或者等于500000'}
2020-07-22 17:06:27,325-xiaoyin_log-INFO-105 line-断言失败
2020-07-22 17:06:27,325-xiaoyin_log-INFO-109 line-==================接口用例执行结束==================
2020-07-22 17:06:27,326-xiaoyin_log-INFO-69 line-==================接口用例执行开始==================
2020-07-22 17:06:27,327-xiaoyin_log-INFO-53 line-请求头为：{'X-Lemonban-Media-Type': 'lemonban.v2', 'Content-Type': 'application/json', 'Authorization': 'Bearer eyJhbGciOiJIUzUxMiJ9.eyJtZW1iZXJfaWQiOjIwNDk5NjcsImV4cCI6MTU5NTQwOTA4M30.9gbRaUMgBCfZ-nx8c28K4l0ISpk32sJPsrlq6fQ1zqK6Jkq2YrhlI3zNoFI4sq7Y5oT6JwCebfrwAJGWh9H7sw'}
2020-07-22 17:06:27,327-xiaoyin_log-INFO-54 line-请求方法为：post
2020-07-22 17:06:27,327-xiaoyin_log-INFO-55 line-请求url为：http://api.lemonban.com/futureloan/member/recharge
2020-07-22 17:06:27,327-xiaoyin_log-INFO-56 line-请求数据为：{'member_id': 2049967, 'amount': '5万'}
2020-07-22 17:06:27,391-xiaoyin_log-INFO-65 line-响应状态码：200
2020-07-22 17:06:27,392-xiaoyin_log-INFO-66 line-响应数据：{'code': 2, 'msg': '数字格式化异常', 'data': None, 'copyright': 'Copyright 柠檬班 © 2017-2020 湖南省零檬信息技术有限公司 All Rights Reserved'}
2020-07-22 17:06:27,392-xiaoyin_log-INFO-91 line-期望结果为：{'code': 2, 'msg': '数字格式化异常'}
2020-07-22 17:06:27,392-xiaoyin_log-INFO-109 line-==================接口用例执行结束==================
2020-07-22 17:06:27,392-xiaoyin_log-INFO-113 line-==================充值模块接口测试结束==================
