2020-07-22 16:55:47,116-xiaoyin_log-INFO-58 line-==================充值模块接口测试开始==================
2020-07-22 16:55:47,116-xiaoyin_log-INFO-53 line-请求头为：{'X-Lemonban-Media-Type': 'lemonban.v2', 'Content-Type': 'application/json'}
2020-07-22 16:55:47,116-xiaoyin_log-INFO-54 line-请求方法为：post
2020-07-22 16:55:47,117-xiaoyin_log-INFO-55 line-请求url为：http://api.lemonban.com/futureloan/member/register
2020-07-22 16:55:47,117-xiaoyin_log-INFO-56 line-请求数据为：{'mobile_phone': '18770915871', 'pwd': '19940916'}
2020-07-22 16:55:47,217-xiaoyin_log-INFO-65 line-响应状态码：200
2020-07-22 16:55:47,218-xiaoyin_log-INFO-66 line-响应数据：{'code': 2, 'msg': '账号已存在', 'data': None, 'copyright': 'Copyright 柠檬班 © 2017-2020 湖南省零檬信息技术有限公司 All Rights Reserved'}
2020-07-22 16:55:47,218-xiaoyin_log-INFO-53 line-请求头为：{'X-Lemonban-Media-Type': 'lemonban.v2', 'Content-Type': 'application/json'}
2020-07-22 16:55:47,218-xiaoyin_log-INFO-54 line-请求方法为：post
2020-07-22 16:55:47,218-xiaoyin_log-INFO-55 line-请求url为：http://api.lemonban.com/futureloan/member/login
2020-07-22 16:55:47,218-xiaoyin_log-INFO-56 line-请求数据为：{'mobile_phone': '18770915871', 'pwd': '19940916'}
2020-07-22 16:55:47,325-xiaoyin_log-INFO-65 line-响应状态码：200
2020-07-22 16:55:47,325-xiaoyin_log-INFO-66 line-响应数据：{'code': 0, 'msg': 'OK', 'data': {'id': 2049967, 'leave_amount': 2010201.28, 'mobile_phone': '18770915871', 'reg_name': '小柠檬', 'reg_time': '2020-07-22 14:54:27.0', 'type': 1, 'token_info': {'token_type': 'Bearer', 'expires_in': '2020-07-22 17:00:45', 'token': 'eyJhbGciOiJIUzUxMiJ9.eyJtZW1iZXJfaWQiOjIwNDk5NjcsImV4cCI6MTU5NTQwODQ0NX0.YiUf1CSmyI399-NaWUV-tpxopi1ebiXcRDnPnBbY-5fqzrXVIy_CRZBh3fJvFMwxAWNAd_kobO04AqJBc4CRRw'}}, 'copyright': 'Copyright 柠檬班 © 2017-2020 湖南省零檬信息技术有限公司 All Rights Reserved'}
2020-07-22 16:55:47,325-xiaoyin_log-INFO-61 line-登录的响应数据为：{'code': 0, 'msg': 'OK', 'data': {'id': 2049967, 'leave_amount': 2010201.28, 'mobile_phone': '18770915871', 'reg_name': '小柠檬', 'reg_time': '2020-07-22 14:54:27.0', 'type': 1, 'token_info': {'token_type': 'Bearer', 'expires_in': '2020-07-22 17:00:45', 'token': 'eyJhbGciOiJIUzUxMiJ9.eyJtZW1iZXJfaWQiOjIwNDk5NjcsImV4cCI6MTU5NTQwODQ0NX0.YiUf1CSmyI399-NaWUV-tpxopi1ebiXcRDnPnBbY-5fqzrXVIy_CRZBh3fJvFMwxAWNAd_kobO04AqJBc4CRRw'}}, 'copyright': 'Copyright 柠檬班 © 2017-2020 湖南省零檬信息技术有限公司 All Rights Reserved'}
2020-07-22 16:55:47,327-xiaoyin_log-INFO-66 line-登录用户id:2049967
 token:eyJhbGciOiJIUzUxMiJ9.eyJtZW1iZXJfaWQiOjIwNDk5NjcsImV4cCI6MTU5NTQwODQ0NX0.YiUf1CSmyI399-NaWUV-tpxopi1ebiXcRDnPnBbY-5fqzrXVIy_CRZBh3fJvFMwxAWNAd_kobO04AqJBc4CRRw
2020-07-22 16:55:47,329-xiaoyin_log-INFO-69 line-==================接口用例执行开始==================
2020-07-22 16:55:47,400-xiaoyin_log-INFO-80 line-充值之前用户余额：2010201.28
2020-07-22 16:55:47,401-xiaoyin_log-INFO-82 line-充值金额为：600
2020-07-22 16:55:47,401-xiaoyin_log-INFO-84 line-预期充值之后的金额为：2010801.28
2020-07-22 16:55:47,401-xiaoyin_log-INFO-53 line-请求头为：{'X-Lemonban-Media-Type': 'lemonban.v2', 'Content-Type': 'application/json', 'Authorization': 'Bearer eyJhbGciOiJIUzUxMiJ9.eyJtZW1iZXJfaWQiOjIwNDk5NjcsImV4cCI6MTU5NTQwODQ0NX0.YiUf1CSmyI399-NaWUV-tpxopi1ebiXcRDnPnBbY-5fqzrXVIy_CRZBh3fJvFMwxAWNAd_kobO04AqJBc4CRRw'}
2020-07-22 16:55:47,401-xiaoyin_log-INFO-54 line-请求方法为：post
2020-07-22 16:55:47,401-xiaoyin_log-INFO-55 line-请求url为：http://api.lemonban.com/futureloan/member/recharge
2020-07-22 16:55:47,401-xiaoyin_log-INFO-56 line-请求数据为：{'member_id': 2049967, 'amount': 600}
2020-07-22 16:55:47,486-xiaoyin_log-INFO-65 line-响应状态码：200
2020-07-22 16:55:47,487-xiaoyin_log-INFO-66 line-响应数据：{'code': 0, 'msg': 'OK', 'data': {'id': 2049967, 'leave_amount': 2010801.28, 'mobile_phone': '18770915871', 'reg_name': '小柠檬', 'reg_time': '2020-07-22 14:54:27.0', 'type': 1}, 'copyright': 'Copyright 柠檬班 © 2017-2020 湖南省零檬信息技术有限公司 All Rights Reserved'}
2020-07-22 16:55:47,487-xiaoyin_log-INFO-91 line-期望结果为：{'code': 0, 'msg': 'OK', 'data': {'id': 2049967, 'leave_amount': 2010801.28}}
2020-07-22 16:55:47,554-xiaoyin_log-INFO-101 line-充值之后用余额：2010801.28
2020-07-22 16:55:47,555-xiaoyin_log-INFO-109 line-==================接口用例执行结束==================
2020-07-22 16:55:47,555-xiaoyin_log-INFO-69 line-==================接口用例执行开始==================
2020-07-22 16:55:47,623-xiaoyin_log-INFO-80 line-充值之前用户余额：2010801.28
2020-07-22 16:55:47,623-xiaoyin_log-INFO-82 line-充值金额为：600.1
2020-07-22 16:55:47,624-xiaoyin_log-INFO-84 line-预期充值之后的金额为：2011401.38
2020-07-22 16:55:47,624-xiaoyin_log-INFO-53 line-请求头为：{'X-Lemonban-Media-Type': 'lemonban.v2', 'Content-Type': 'application/json', 'Authorization': 'Bearer eyJhbGciOiJIUzUxMiJ9.eyJtZW1iZXJfaWQiOjIwNDk5NjcsImV4cCI6MTU5NTQwODQ0NX0.YiUf1CSmyI399-NaWUV-tpxopi1ebiXcRDnPnBbY-5fqzrXVIy_CRZBh3fJvFMwxAWNAd_kobO04AqJBc4CRRw'}
2020-07-22 16:55:47,624-xiaoyin_log-INFO-54 line-请求方法为：post
2020-07-22 16:55:47,624-xiaoyin_log-INFO-55 line-请求url为：http://api.lemonban.com/futureloan/member/recharge
2020-07-22 16:55:47,624-xiaoyin_log-INFO-56 line-请求数据为：{'member_id': 2049967, 'amount': 600.1}
2020-07-22 16:55:47,708-xiaoyin_log-INFO-65 line-响应状态码：200
2020-07-22 16:55:47,709-xiaoyin_log-INFO-66 line-响应数据：{'code': 0, 'msg': 'OK', 'data': {'id': 2049967, 'leave_amount': 2011401.38, 'mobile_phone': '18770915871', 'reg_name': '小柠檬', 'reg_time': '2020-07-22 14:54:27.0', 'type': 1}, 'copyright': 'Copyright 柠檬班 © 2017-2020 湖南省零檬信息技术有限公司 All Rights Reserved'}
2020-07-22 16:55:47,709-xiaoyin_log-INFO-91 line-期望结果为：{'code': 0, 'msg': 'OK', 'data': {'id': 2049967, 'leave_amount': 2010801.28}}
2020-07-22 16:55:47,709-xiaoyin_log-INFO-105 line-断言失败
2020-07-22 16:55:47,709-xiaoyin_log-INFO-109 line-==================接口用例执行结束==================
2020-07-22 16:55:47,712-xiaoyin_log-INFO-69 line-==================接口用例执行开始==================
2020-07-22 16:55:47,778-xiaoyin_log-INFO-80 line-充值之前用户余额：2011401.38
2020-07-22 16:55:47,778-xiaoyin_log-INFO-82 line-充值金额为：600.22
2020-07-22 16:55:47,779-xiaoyin_log-INFO-84 line-预期充值之后的金额为：2012001.6
2020-07-22 16:55:47,779-xiaoyin_log-INFO-53 line-请求头为：{'X-Lemonban-Media-Type': 'lemonban.v2', 'Content-Type': 'application/json', 'Authorization': 'Bearer eyJhbGciOiJIUzUxMiJ9.eyJtZW1iZXJfaWQiOjIwNDk5NjcsImV4cCI6MTU5NTQwODQ0NX0.YiUf1CSmyI399-NaWUV-tpxopi1ebiXcRDnPnBbY-5fqzrXVIy_CRZBh3fJvFMwxAWNAd_kobO04AqJBc4CRRw'}
2020-07-22 16:55:47,779-xiaoyin_log-INFO-54 line-请求方法为：post
2020-07-22 16:55:47,779-xiaoyin_log-INFO-55 line-请求url为：http://api.lemonban.com/futureloan/member/recharge
2020-07-22 16:55:47,779-xiaoyin_log-INFO-56 line-请求数据为：{'member_id': 2049967, 'amount': 600.22}
2020-07-22 16:55:47,863-xiaoyin_log-INFO-65 line-响应状态码：200
2020-07-22 16:55:47,863-xiaoyin_log-INFO-66 line-响应数据：{'code': 0, 'msg': 'OK', 'data': {'id': 2049967, 'leave_amount': 2012001.6, 'mobile_phone': '18770915871', 'reg_name': '小柠檬', 'reg_time': '2020-07-22 14:54:27.0', 'type': 1}, 'copyright': 'Copyright 柠檬班 © 2017-2020 湖南省零檬信息技术有限公司 All Rights Reserved'}
2020-07-22 16:55:47,863-xiaoyin_log-INFO-91 line-期望结果为：{'code': 0, 'msg': 'OK', 'data': {'id': 2049967, 'leave_amount': 2011401.38}}
2020-07-22 16:55:47,863-xiaoyin_log-INFO-105 line-断言失败
2020-07-22 16:55:47,864-xiaoyin_log-INFO-109 line-==================接口用例执行结束==================
2020-07-22 16:55:47,865-xiaoyin_log-INFO-69 line-==================接口用例执行开始==================
2020-07-22 16:55:47,935-xiaoyin_log-INFO-80 line-充值之前用户余额：2012001.60
2020-07-22 16:55:47,935-xiaoyin_log-INFO-82 line-充值金额为：500000
2020-07-22 16:55:47,935-xiaoyin_log-INFO-84 line-预期充值之后的金额为：2512001.6
2020-07-22 16:55:47,935-xiaoyin_log-INFO-53 line-请求头为：{'X-Lemonban-Media-Type': 'lemonban.v2', 'Content-Type': 'application/json', 'Authorization': 'Bearer eyJhbGciOiJIUzUxMiJ9.eyJtZW1iZXJfaWQiOjIwNDk5NjcsImV4cCI6MTU5NTQwODQ0NX0.YiUf1CSmyI399-NaWUV-tpxopi1ebiXcRDnPnBbY-5fqzrXVIy_CRZBh3fJvFMwxAWNAd_kobO04AqJBc4CRRw'}
2020-07-22 16:55:47,935-xiaoyin_log-INFO-54 line-请求方法为：post
2020-07-22 16:55:47,935-xiaoyin_log-INFO-55 line-请求url为：http://api.lemonban.com/futureloan/member/recharge
2020-07-22 16:55:47,936-xiaoyin_log-INFO-56 line-请求数据为：{'member_id': 2049967, 'amount': 500000}
2020-07-22 16:55:48,017-xiaoyin_log-INFO-65 line-响应状态码：200
2020-07-22 16:55:48,017-xiaoyin_log-INFO-66 line-响应数据：{'code': 0, 'msg': 'OK', 'data': {'id': 2049967, 'leave_amount': 2512001.6, 'mobile_phone': '18770915871', 'reg_name': '小柠檬', 'reg_time': '2020-07-22 14:54:27.0', 'type': 1}, 'copyright': 'Copyright 柠檬班 © 2017-2020 湖南省零檬信息技术有限公司 All Rights Reserved'}
2020-07-22 16:55:48,017-xiaoyin_log-INFO-91 line-期望结果为：{'code': 0, 'msg': 'OK', 'data': {'id': 2049967, 'leave_amount': 2012001.6}}
2020-07-22 16:55:48,017-xiaoyin_log-INFO-105 line-断言失败
2020-07-22 16:55:48,018-xiaoyin_log-INFO-109 line-==================接口用例执行结束==================
2020-07-22 16:55:48,019-xiaoyin_log-INFO-69 line-==================接口用例执行开始==================
2020-07-22 16:55:48,019-xiaoyin_log-INFO-53 line-请求头为：{'X-Lemonban-Media-Type': 'lemonban.v2', 'Content-Type': 'application/json', 'Authorization': 'Bearer eyJhbGciOiJIUzUxMiJ9.eyJtZW1iZXJfaWQiOjIwNDk5NjcsImV4cCI6MTU5NTQwODQ0NX0.YiUf1CSmyI399-NaWUV-tpxopi1ebiXcRDnPnBbY-5fqzrXVIy_CRZBh3fJvFMwxAWNAd_kobO04AqJBc4CRRw'}
2020-07-22 16:55:48,019-xiaoyin_log-INFO-54 line-请求方法为：post
2020-07-22 16:55:48,020-xiaoyin_log-INFO-55 line-请求url为：http://api.lemonban.com/futureloan/member/recharge
2020-07-22 16:55:48,020-xiaoyin_log-INFO-56 line-请求数据为：{'amount': 600}
2020-07-22 16:55:48,092-xiaoyin_log-INFO-65 line-响应状态码：200
2020-07-22 16:55:48,092-xiaoyin_log-INFO-66 line-响应数据：{'code': 1, 'msg': '用户id为空', 'data': None, 'copyright': 'Copyright 柠檬班 © 2017-2020 湖南省零檬信息技术有限公司 All Rights Reserved'}
2020-07-22 16:55:48,092-xiaoyin_log-INFO-91 line-期望结果为：{'code': 1, 'msg': '用户id为空'}
2020-07-22 16:55:48,092-xiaoyin_log-INFO-109 line-==================接口用例执行结束==================
2020-07-22 16:55:48,093-xiaoyin_log-INFO-69 line-==================接口用例执行开始==================
2020-07-22 16:55:48,093-xiaoyin_log-INFO-53 line-请求头为：{'X-Lemonban-Media-Type': 'lemonban.v2', 'Content-Type': 'application/json', 'Authorization': 'Bearer eyJhbGciOiJIUzUxMiJ9.eyJtZW1iZXJfaWQiOjIwNDk5NjcsImV4cCI6MTU5NTQwODQ0NX0.YiUf1CSmyI399-NaWUV-tpxopi1ebiXcRDnPnBbY-5fqzrXVIy_CRZBh3fJvFMwxAWNAd_kobO04AqJBc4CRRw'}
2020-07-22 16:55:48,093-xiaoyin_log-INFO-54 line-请求方法为：post
2020-07-22 16:55:48,093-xiaoyin_log-INFO-55 line-请求url为：http://api.lemonban.com/futureloan/member/recharge
2020-07-22 16:55:48,093-xiaoyin_log-INFO-56 line-请求数据为：{'member_id': 98989898, 'amount': 600}
2020-07-22 16:55:48,165-xiaoyin_log-INFO-65 line-响应状态码：200
2020-07-22 16:55:48,165-xiaoyin_log-INFO-66 line-响应数据：{'code': 1007, 'msg': '无权限访问，请检查参数', 'data': None, 'copyright': 'Copyright 柠檬班 © 2017-2020 湖南省零檬信息技术有限公司 All Rights Reserved'}
2020-07-22 16:55:48,165-xiaoyin_log-INFO-91 line-期望结果为：{'code': 1007, 'msg': '无权限访问，请检查参数'}
2020-07-22 16:55:48,165-xiaoyin_log-INFO-109 line-==================接口用例执行结束==================
2020-07-22 16:55:48,166-xiaoyin_log-INFO-69 line-==================接口用例执行开始==================
2020-07-22 16:55:48,166-xiaoyin_log-INFO-53 line-请求头为：{'X-Lemonban-Media-Type': 'lemonban.v2', 'Content-Type': 'application/json', 'Authorization': 'Bearer eyJhbGciOiJIUzUxMiJ9.eyJtZW1iZXJfaWQiOjIwNDk5NjcsImV4cCI6MTU5NTQwODQ0NX0.YiUf1CSmyI399-NaWUV-tpxopi1ebiXcRDnPnBbY-5fqzrXVIy_CRZBh3fJvFMwxAWNAd_kobO04AqJBc4CRRw'}
2020-07-22 16:55:48,166-xiaoyin_log-INFO-54 line-请求方法为：post
2020-07-22 16:55:48,166-xiaoyin_log-INFO-55 line-请求url为：http://api.lemonban.com/futureloan/member/recharge
2020-07-22 16:55:48,166-xiaoyin_log-INFO-56 line-请求数据为：{'member_id': '2049967', 'amount': 600}
2020-07-22 16:55:48,242-xiaoyin_log-INFO-65 line-响应状态码：200
2020-07-22 16:55:48,242-xiaoyin_log-INFO-66 line-响应数据：{'code': 0, 'msg': 'OK', 'data': {'id': 2049967, 'leave_amount': 2512601.6, 'mobile_phone': '18770915871', 'reg_name': '小柠檬', 'reg_time': '2020-07-22 14:54:27.0', 'type': 1}, 'copyright': 'Copyright 柠檬班 © 2017-2020 湖南省零檬信息技术有限公司 All Rights Reserved'}
2020-07-22 16:55:48,242-xiaoyin_log-INFO-91 line-期望结果为：{'code': 2, 'msg': '数字格式化异常'}
2020-07-22 16:55:48,242-xiaoyin_log-INFO-105 line-断言失败
2020-07-22 16:55:48,242-xiaoyin_log-INFO-109 line-==================接口用例执行结束==================
2020-07-22 16:55:48,244-xiaoyin_log-INFO-69 line-==================接口用例执行开始==================
2020-07-22 16:55:48,244-xiaoyin_log-INFO-53 line-请求头为：{'X-Lemonban-Media-Type': 'lemonban.v2', 'Content-Type': 'application/json', 'Authorization': 'Bearer eyJhbGciOiJIUzUxMiJ9.eyJtZW1iZXJfaWQiOjIwNDk5NjcsImV4cCI6MTU5NTQwODQ0NX0.YiUf1CSmyI399-NaWUV-tpxopi1ebiXcRDnPnBbY-5fqzrXVIy_CRZBh3fJvFMwxAWNAd_kobO04AqJBc4CRRw'}
2020-07-22 16:55:48,244-xiaoyin_log-INFO-54 line-请求方法为：post
2020-07-22 16:55:48,244-xiaoyin_log-INFO-55 line-请求url为：http://api.lemonban.com/futureloan/member/recharge
2020-07-22 16:55:48,244-xiaoyin_log-INFO-56 line-请求数据为：{'member_id': 15.0, 'amount': 600}
2020-07-22 16:55:48,315-xiaoyin_log-INFO-65 line-响应状态码：200
2020-07-22 16:55:48,315-xiaoyin_log-INFO-66 line-响应数据：{'code': 2, 'msg': '数字格式化异常', 'data': None, 'copyright': 'Copyright 柠檬班 © 2017-2020 湖南省零檬信息技术有限公司 All Rights Reserved'}
2020-07-22 16:55:48,316-xiaoyin_log-INFO-91 line-期望结果为：{'code': 2, 'msg': '数字格式化异常'}
2020-07-22 16:55:48,316-xiaoyin_log-INFO-109 line-==================接口用例执行结束==================
2020-07-22 16:55:48,317-xiaoyin_log-INFO-69 line-==================接口用例执行开始==================
2020-07-22 16:55:48,317-xiaoyin_log-INFO-53 line-请求头为：{'X-Lemonban-Media-Type': 'lemonban.v2', 'Content-Type': 'application/json', 'Authorization': 'Bearer eyJhbGciOiJIUzUxMiJ9.eyJtZW1iZXJfaWQiOjIwNDk5NjcsImV4cCI6MTU5NTQwODQ0NX0.YiUf1CSmyI399-NaWUV-tpxopi1ebiXcRDnPnBbY-5fqzrXVIy_CRZBh3fJvFMwxAWNAd_kobO04AqJBc4CRRw'}
2020-07-22 16:55:48,317-xiaoyin_log-INFO-54 line-请求方法为：post
2020-07-22 16:55:48,318-xiaoyin_log-INFO-55 line-请求url为：http://api.lemonban.com/futureloan/member/recharge
2020-07-22 16:55:48,318-xiaoyin_log-INFO-56 line-请求数据为：{'member_id': 2049967, 'amount': 0}
2020-07-22 16:55:48,396-xiaoyin_log-INFO-65 line-响应状态码：200
2020-07-22 16:55:48,396-xiaoyin_log-INFO-66 line-响应数据：{'code': 0, 'msg': 'OK', 'data': {'id': 2049967, 'leave_amount': 2512601.6, 'mobile_phone': '18770915871', 'reg_name': '小柠檬', 'reg_time': '2020-07-22 14:54:27.0', 'type': 1}, 'copyright': 'Copyright 柠檬班 © 2017-2020 湖南省零檬信息技术有限公司 All Rights Reserved'}
2020-07-22 16:55:48,396-xiaoyin_log-INFO-91 line-期望结果为：{'code': 2, 'msg': '金额必须大于0并且小于或者等于500000'}
2020-07-22 16:55:48,396-xiaoyin_log-INFO-105 line-断言失败
2020-07-22 16:55:48,396-xiaoyin_log-INFO-109 line-==================接口用例执行结束==================
2020-07-22 16:55:48,398-xiaoyin_log-INFO-69 line-==================接口用例执行开始==================
2020-07-22 16:55:48,399-xiaoyin_log-INFO-53 line-请求头为：{'X-Lemonban-Media-Type': 'lemonban.v2', 'Content-Type': 'application/json', 'Authorization': 'Bearer eyJhbGciOiJIUzUxMiJ9.eyJtZW1iZXJfaWQiOjIwNDk5NjcsImV4cCI6MTU5NTQwODQ0NX0.YiUf1CSmyI399-NaWUV-tpxopi1ebiXcRDnPnBbY-5fqzrXVIy_CRZBh3fJvFMwxAWNAd_kobO04AqJBc4CRRw'}
2020-07-22 16:55:48,399-xiaoyin_log-INFO-54 line-请求方法为：post
2020-07-22 16:55:48,399-xiaoyin_log-INFO-55 line-请求url为：http://api.lemonban.com/futureloan/member/recharge
2020-07-22 16:55:48,399-xiaoyin_log-INFO-56 line-请求数据为：{'member_id': 2049967, 'amount': -600}
2020-07-22 16:55:48,474-xiaoyin_log-INFO-65 line-响应状态码：200
2020-07-22 16:55:48,475-xiaoyin_log-INFO-66 line-响应数据：{'code': 2, 'msg': '余额必须大于0并且小于或者等于500000', 'data': None, 'copyright': 'Copyright 柠檬班 © 2017-2020 湖南省零檬信息技术有限公司 All Rights Reserved'}
2020-07-22 16:55:48,475-xiaoyin_log-INFO-91 line-期望结果为：{'code': 2, 'msg': '金额必须大于0并且小于或者等于500000'}
2020-07-22 16:55:48,475-xiaoyin_log-INFO-105 line-断言失败
2020-07-22 16:55:48,475-xiaoyin_log-INFO-109 line-==================接口用例执行结束==================
2020-07-22 16:55:48,477-xiaoyin_log-INFO-69 line-==================接口用例执行开始==================
2020-07-22 16:55:48,478-xiaoyin_log-INFO-53 line-请求头为：{'X-Lemonban-Media-Type': 'lemonban.v2', 'Content-Type': 'application/json', 'Authorization': 'Bearer eyJhbGciOiJIUzUxMiJ9.eyJtZW1iZXJfaWQiOjIwNDk5NjcsImV4cCI6MTU5NTQwODQ0NX0.YiUf1CSmyI399-NaWUV-tpxopi1ebiXcRDnPnBbY-5fqzrXVIy_CRZBh3fJvFMwxAWNAd_kobO04AqJBc4CRRw'}
2020-07-22 16:55:48,478-xiaoyin_log-INFO-54 line-请求方法为：post
2020-07-22 16:55:48,478-xiaoyin_log-INFO-55 line-请求url为：http://api.lemonban.com/futureloan/member/recharge
2020-07-22 16:55:48,478-xiaoyin_log-INFO-56 line-请求数据为：{'member_id': 2049967}
2020-07-22 16:55:48,549-xiaoyin_log-INFO-65 line-响应状态码：200
2020-07-22 16:55:48,549-xiaoyin_log-INFO-66 line-响应数据：{'code': 2, 'msg': '余额必须为数值型', 'data': None, 'copyright': 'Copyright 柠檬班 © 2017-2020 湖南省零檬信息技术有限公司 All Rights Reserved'}
2020-07-22 16:55:48,549-xiaoyin_log-INFO-91 line-期望结果为：{'code': 1, 'msg': '充值金额为空'}
2020-07-22 16:55:48,549-xiaoyin_log-INFO-105 line-断言失败
2020-07-22 16:55:48,549-xiaoyin_log-INFO-109 line-==================接口用例执行结束==================
2020-07-22 16:55:48,551-xiaoyin_log-INFO-69 line-==================接口用例执行开始==================
2020-07-22 16:55:48,551-xiaoyin_log-INFO-53 line-请求头为：{'X-Lemonban-Media-Type': 'lemonban.v2', 'Content-Type': 'application/json', 'Authorization': 'Bearer eyJhbGciOiJIUzUxMiJ9.eyJtZW1iZXJfaWQiOjIwNDk5NjcsImV4cCI6MTU5NTQwODQ0NX0.YiUf1CSmyI399-NaWUV-tpxopi1ebiXcRDnPnBbY-5fqzrXVIy_CRZBh3fJvFMwxAWNAd_kobO04AqJBc4CRRw'}
2020-07-22 16:55:48,551-xiaoyin_log-INFO-54 line-请求方法为：post
2020-07-22 16:55:48,551-xiaoyin_log-INFO-55 line-请求url为：http://api.lemonban.com/futureloan/member/recharge
2020-07-22 16:55:48,551-xiaoyin_log-INFO-56 line-请求数据为：{'member_id': 2049967, 'amount': 600.222}
2020-07-22 16:55:48,624-xiaoyin_log-INFO-65 line-响应状态码：200
2020-07-22 16:55:48,624-xiaoyin_log-INFO-66 line-响应数据：{'code': 2, 'msg': '余额小数超过两位', 'data': None, 'copyright': 'Copyright 柠檬班 © 2017-2020 湖南省零檬信息技术有限公司 All Rights Reserved'}
2020-07-22 16:55:48,624-xiaoyin_log-INFO-91 line-期望结果为：{'code': 2, 'msg': '金额小数超过两位'}
2020-07-22 16:55:48,624-xiaoyin_log-INFO-105 line-断言失败
2020-07-22 16:55:48,624-xiaoyin_log-INFO-109 line-==================接口用例执行结束==================
2020-07-22 16:55:48,626-xiaoyin_log-INFO-69 line-==================接口用例执行开始==================
2020-07-22 16:55:48,626-xiaoyin_log-INFO-53 line-请求头为：{'X-Lemonban-Media-Type': 'lemonban.v2', 'Content-Type': 'application/json', 'Authorization': 'Bearer eyJhbGciOiJIUzUxMiJ9.eyJtZW1iZXJfaWQiOjIwNDk5NjcsImV4cCI6MTU5NTQwODQ0NX0.YiUf1CSmyI399-NaWUV-tpxopi1ebiXcRDnPnBbY-5fqzrXVIy_CRZBh3fJvFMwxAWNAd_kobO04AqJBc4CRRw'}
2020-07-22 16:55:48,626-xiaoyin_log-INFO-54 line-请求方法为：post
2020-07-22 16:55:48,626-xiaoyin_log-INFO-55 line-请求url为：http://api.lemonban.com/futureloan/member/recharge
2020-07-22 16:55:48,626-xiaoyin_log-INFO-56 line-请求数据为：{'member_id': 2049967, 'amount': 500001}
2020-07-22 16:55:48,694-xiaoyin_log-INFO-65 line-响应状态码：200
2020-07-22 16:55:48,695-xiaoyin_log-INFO-66 line-响应数据：{'code': 2, 'msg': '余额必须大于0并且小于或者等于500000', 'data': None, 'copyright': 'Copyright 柠檬班 © 2017-2020 湖南省零檬信息技术有限公司 All Rights Reserved'}
2020-07-22 16:55:48,695-xiaoyin_log-INFO-91 line-期望结果为：{'code': 2, 'msg': '金额必须大于0并且小于或者等于500000'}
2020-07-22 16:55:48,695-xiaoyin_log-INFO-105 line-断言失败
2020-07-22 16:55:48,695-xiaoyin_log-INFO-109 line-==================接口用例执行结束==================
2020-07-22 16:55:48,696-xiaoyin_log-INFO-69 line-==================接口用例执行开始==================
2020-07-22 16:55:48,697-xiaoyin_log-INFO-53 line-请求头为：{'X-Lemonban-Media-Type': 'lemonban.v2', 'Content-Type': 'application/json', 'Authorization': 'Bearer eyJhbGciOiJIUzUxMiJ9.eyJtZW1iZXJfaWQiOjIwNDk5NjcsImV4cCI6MTU5NTQwODQ0NX0.YiUf1CSmyI399-NaWUV-tpxopi1ebiXcRDnPnBbY-5fqzrXVIy_CRZBh3fJvFMwxAWNAd_kobO04AqJBc4CRRw'}
2020-07-22 16:55:48,697-xiaoyin_log-INFO-54 line-请求方法为：post
2020-07-22 16:55:48,697-xiaoyin_log-INFO-55 line-请求url为：http://api.lemonban.com/futureloan/member/recharge
2020-07-22 16:55:48,697-xiaoyin_log-INFO-56 line-请求数据为：{'member_id': 2049967, 'amount': '5万'}
2020-07-22 16:55:48,769-xiaoyin_log-INFO-65 line-响应状态码：200
2020-07-22 16:55:48,769-xiaoyin_log-INFO-66 line-响应数据：{'code': 2, 'msg': '数字格式化异常', 'data': None, 'copyright': 'Copyright 柠檬班 © 2017-2020 湖南省零檬信息技术有限公司 All Rights Reserved'}
2020-07-22 16:55:48,770-xiaoyin_log-INFO-91 line-期望结果为：{'code': 2, 'msg': '数字格式化异常'}
2020-07-22 16:55:48,770-xiaoyin_log-INFO-109 line-==================接口用例执行结束==================
2020-07-22 16:55:48,770-xiaoyin_log-INFO-113 line-==================充值模块接口测试结束==================
