2020-07-22 16:02:35,634-xiaoyin_log-INFO-58 line-==================充值模块接口测试开始==================
2020-07-22 16:02:35,635-xiaoyin_log-INFO-53 line-请求头为：{'X-Lemonban-Media-Type': 'lemonban.v2', 'Content-Type': 'application/json'}
2020-07-22 16:02:35,635-xiaoyin_log-INFO-54 line-请求方法为：post
2020-07-22 16:02:35,635-xiaoyin_log-INFO-55 line-请求url为：http://api.lemonban.com/futureloan/member/register
2020-07-22 16:02:35,635-xiaoyin_log-INFO-56 line-请求数据为：{'mobile_phone': '18770915871', 'pwd': '19940916'}
2020-07-22 16:02:35,745-xiaoyin_log-INFO-65 line-响应状态码：200
2020-07-22 16:02:35,745-xiaoyin_log-INFO-66 line-响应数据：{'code': 2, 'msg': '账号已存在', 'data': None, 'copyright': 'Copyright 柠檬班 © 2017-2020 湖南省零檬信息技术有限公司 All Rights Reserved'}
2020-07-22 16:02:35,745-xiaoyin_log-INFO-53 line-请求头为：{'X-Lemonban-Media-Type': 'lemonban.v2', 'Content-Type': 'application/json'}
2020-07-22 16:02:35,745-xiaoyin_log-INFO-54 line-请求方法为：post
2020-07-22 16:02:35,746-xiaoyin_log-INFO-55 line-请求url为：http://api.lemonban.com/futureloan/member/login
2020-07-22 16:02:35,746-xiaoyin_log-INFO-56 line-请求数据为：{'mobile_phone': '18770915871', 'pwd': '19940916'}
2020-07-22 16:02:35,852-xiaoyin_log-INFO-65 line-响应状态码：200
2020-07-22 16:02:35,853-xiaoyin_log-INFO-66 line-响应数据：{'code': 0, 'msg': 'OK', 'data': {'id': 2049967, 'leave_amount': 1507200.96, 'mobile_phone': '18770915871', 'reg_name': '小柠檬', 'reg_time': '2020-07-22 14:54:27.0', 'type': 1, 'token_info': {'token_type': 'Bearer', 'expires_in': '2020-07-22 16:07:33', 'token': 'eyJhbGciOiJIUzUxMiJ9.eyJtZW1iZXJfaWQiOjIwNDk5NjcsImV4cCI6MTU5NTQwNTI1M30.spS8_ygmdB8H7AuaerYR1dFlMBBWrBhAdNx_-heYiePT7sdsZno2gdSIayZB-QXLWwKExaPSfvfF27wyFFzk2g'}}, 'copyright': 'Copyright 柠檬班 © 2017-2020 湖南省零檬信息技术有限公司 All Rights Reserved'}
2020-07-22 16:02:35,853-xiaoyin_log-INFO-61 line-登录的响应数据为：{'code': 0, 'msg': 'OK', 'data': {'id': 2049967, 'leave_amount': 1507200.96, 'mobile_phone': '18770915871', 'reg_name': '小柠檬', 'reg_time': '2020-07-22 14:54:27.0', 'type': 1, 'token_info': {'token_type': 'Bearer', 'expires_in': '2020-07-22 16:07:33', 'token': 'eyJhbGciOiJIUzUxMiJ9.eyJtZW1iZXJfaWQiOjIwNDk5NjcsImV4cCI6MTU5NTQwNTI1M30.spS8_ygmdB8H7AuaerYR1dFlMBBWrBhAdNx_-heYiePT7sdsZno2gdSIayZB-QXLWwKExaPSfvfF27wyFFzk2g'}}, 'copyright': 'Copyright 柠檬班 © 2017-2020 湖南省零檬信息技术有限公司 All Rights Reserved'}
2020-07-22 16:02:35,859-xiaoyin_log-INFO-66 line-登录用户id:2049967
 token:eyJhbGciOiJIUzUxMiJ9.eyJtZW1iZXJfaWQiOjIwNDk5NjcsImV4cCI6MTU5NTQwNTI1M30.spS8_ygmdB8H7AuaerYR1dFlMBBWrBhAdNx_-heYiePT7sdsZno2gdSIayZB-QXLWwKExaPSfvfF27wyFFzk2g
2020-07-22 16:02:35,864-xiaoyin_log-INFO-69 line-==================接口用例执行开始==================
2020-07-22 16:02:35,926-xiaoyin_log-INFO-108 line-==================接口用例执行结束==================
2020-07-22 16:02:35,941-xiaoyin_log-INFO-69 line-==================接口用例执行开始==================
2020-07-22 16:02:36,002-xiaoyin_log-INFO-108 line-==================接口用例执行结束==================
2020-07-22 16:02:36,010-xiaoyin_log-INFO-69 line-==================接口用例执行开始==================
2020-07-22 16:02:36,071-xiaoyin_log-INFO-108 line-==================接口用例执行结束==================
2020-07-22 16:02:36,079-xiaoyin_log-INFO-69 line-==================接口用例执行开始==================
2020-07-22 16:02:36,140-xiaoyin_log-INFO-108 line-==================接口用例执行结束==================
2020-07-22 16:02:36,149-xiaoyin_log-INFO-69 line-==================接口用例执行开始==================
2020-07-22 16:02:36,150-xiaoyin_log-INFO-53 line-请求头为：{'X-Lemonban-Media-Type': 'lemonban.v2', 'Content-Type': 'application/json', 'Authorization': 'Bearer eyJhbGciOiJIUzUxMiJ9.eyJtZW1iZXJfaWQiOjIwNDk5NjcsImV4cCI6MTU5NTQwNTI1M30.spS8_ygmdB8H7AuaerYR1dFlMBBWrBhAdNx_-heYiePT7sdsZno2gdSIayZB-QXLWwKExaPSfvfF27wyFFzk2g'}
2020-07-22 16:02:36,150-xiaoyin_log-INFO-54 line-请求方法为：post
2020-07-22 16:02:36,151-xiaoyin_log-INFO-55 line-请求url为：http://api.lemonban.com/futureloan/member/recharge
2020-07-22 16:02:36,151-xiaoyin_log-INFO-56 line-请求数据为：{'amount': 600}
2020-07-22 16:02:36,226-xiaoyin_log-INFO-65 line-响应状态码：200
2020-07-22 16:02:36,226-xiaoyin_log-INFO-66 line-响应数据：{'code': 1, 'msg': '用户id为空', 'data': None, 'copyright': 'Copyright 柠檬班 © 2017-2020 湖南省零檬信息技术有限公司 All Rights Reserved'}
2020-07-22 16:02:36,226-xiaoyin_log-INFO-90 line-期望结果为：{'code': 1, 'msg': '用户id为空'}
2020-07-22 16:02:36,227-xiaoyin_log-INFO-108 line-==================接口用例执行结束==================
2020-07-22 16:02:36,229-xiaoyin_log-INFO-69 line-==================接口用例执行开始==================
2020-07-22 16:02:36,229-xiaoyin_log-INFO-53 line-请求头为：{'X-Lemonban-Media-Type': 'lemonban.v2', 'Content-Type': 'application/json', 'Authorization': 'Bearer eyJhbGciOiJIUzUxMiJ9.eyJtZW1iZXJfaWQiOjIwNDk5NjcsImV4cCI6MTU5NTQwNTI1M30.spS8_ygmdB8H7AuaerYR1dFlMBBWrBhAdNx_-heYiePT7sdsZno2gdSIayZB-QXLWwKExaPSfvfF27wyFFzk2g'}
2020-07-22 16:02:36,230-xiaoyin_log-INFO-54 line-请求方法为：post
2020-07-22 16:02:36,230-xiaoyin_log-INFO-55 line-请求url为：http://api.lemonban.com/futureloan/member/recharge
2020-07-22 16:02:36,230-xiaoyin_log-INFO-56 line-请求数据为：{'member_id': 98989898, 'amount': 600}
2020-07-22 16:02:36,301-xiaoyin_log-INFO-65 line-响应状态码：200
2020-07-22 16:02:36,302-xiaoyin_log-INFO-66 line-响应数据：{'code': 1007, 'msg': '无权限访问，请检查参数', 'data': None, 'copyright': 'Copyright 柠檬班 © 2017-2020 湖南省零檬信息技术有限公司 All Rights Reserved'}
2020-07-22 16:02:36,302-xiaoyin_log-INFO-90 line-期望结果为：{'code': 1007, 'msg': '无权限访问，请检查参数'}
2020-07-22 16:02:36,302-xiaoyin_log-INFO-108 line-==================接口用例执行结束==================
2020-07-22 16:02:36,304-xiaoyin_log-INFO-69 line-==================接口用例执行开始==================
2020-07-22 16:02:36,304-xiaoyin_log-INFO-53 line-请求头为：{'X-Lemonban-Media-Type': 'lemonban.v2', 'Content-Type': 'application/json', 'Authorization': 'Bearer eyJhbGciOiJIUzUxMiJ9.eyJtZW1iZXJfaWQiOjIwNDk5NjcsImV4cCI6MTU5NTQwNTI1M30.spS8_ygmdB8H7AuaerYR1dFlMBBWrBhAdNx_-heYiePT7sdsZno2gdSIayZB-QXLWwKExaPSfvfF27wyFFzk2g'}
2020-07-22 16:02:36,304-xiaoyin_log-INFO-54 line-请求方法为：post
2020-07-22 16:02:36,304-xiaoyin_log-INFO-55 line-请求url为：http://api.lemonban.com/futureloan/member/recharge
2020-07-22 16:02:36,304-xiaoyin_log-INFO-56 line-请求数据为：{'member_id': '#member_id#', 'amount': 600}
2020-07-22 16:02:36,377-xiaoyin_log-INFO-65 line-响应状态码：200
2020-07-22 16:02:36,378-xiaoyin_log-INFO-66 line-响应数据：{'code': 2, 'msg': '数字格式化异常', 'data': None, 'copyright': 'Copyright 柠檬班 © 2017-2020 湖南省零檬信息技术有限公司 All Rights Reserved'}
2020-07-22 16:02:36,378-xiaoyin_log-INFO-90 line-期望结果为：{'code': 2, 'msg': '数字格式化异常'}
2020-07-22 16:02:36,378-xiaoyin_log-INFO-108 line-==================接口用例执行结束==================
2020-07-22 16:02:36,379-xiaoyin_log-INFO-69 line-==================接口用例执行开始==================
2020-07-22 16:02:36,380-xiaoyin_log-INFO-53 line-请求头为：{'X-Lemonban-Media-Type': 'lemonban.v2', 'Content-Type': 'application/json', 'Authorization': 'Bearer eyJhbGciOiJIUzUxMiJ9.eyJtZW1iZXJfaWQiOjIwNDk5NjcsImV4cCI6MTU5NTQwNTI1M30.spS8_ygmdB8H7AuaerYR1dFlMBBWrBhAdNx_-heYiePT7sdsZno2gdSIayZB-QXLWwKExaPSfvfF27wyFFzk2g'}
2020-07-22 16:02:36,380-xiaoyin_log-INFO-54 line-请求方法为：post
2020-07-22 16:02:36,380-xiaoyin_log-INFO-55 line-请求url为：http://api.lemonban.com/futureloan/member/recharge
2020-07-22 16:02:36,380-xiaoyin_log-INFO-56 line-请求数据为：{'member_id': 15.0, 'amount': 600}
2020-07-22 16:02:36,448-xiaoyin_log-INFO-65 line-响应状态码：200
2020-07-22 16:02:36,448-xiaoyin_log-INFO-66 line-响应数据：{'code': 2, 'msg': '数字格式化异常', 'data': None, 'copyright': 'Copyright 柠檬班 © 2017-2020 湖南省零檬信息技术有限公司 All Rights Reserved'}
2020-07-22 16:02:36,448-xiaoyin_log-INFO-90 line-期望结果为：{'code': 2, 'msg': '数字格式化异常'}
2020-07-22 16:02:36,449-xiaoyin_log-INFO-108 line-==================接口用例执行结束==================
2020-07-22 16:02:36,450-xiaoyin_log-INFO-69 line-==================接口用例执行开始==================
2020-07-22 16:02:36,450-xiaoyin_log-INFO-108 line-==================接口用例执行结束==================
2020-07-22 16:02:36,455-xiaoyin_log-INFO-69 line-==================接口用例执行开始==================
2020-07-22 16:02:36,456-xiaoyin_log-INFO-108 line-==================接口用例执行结束==================
2020-07-22 16:02:36,460-xiaoyin_log-INFO-69 line-==================接口用例执行开始==================
2020-07-22 16:02:36,461-xiaoyin_log-INFO-108 line-==================接口用例执行结束==================
2020-07-22 16:02:36,465-xiaoyin_log-INFO-69 line-==================接口用例执行开始==================
2020-07-22 16:02:36,465-xiaoyin_log-INFO-108 line-==================接口用例执行结束==================
2020-07-22 16:02:36,470-xiaoyin_log-INFO-69 line-==================接口用例执行开始==================
2020-07-22 16:02:36,470-xiaoyin_log-INFO-108 line-==================接口用例执行结束==================
2020-07-22 16:02:36,475-xiaoyin_log-INFO-69 line-==================接口用例执行开始==================
2020-07-22 16:02:36,476-xiaoyin_log-INFO-108 line-==================接口用例执行结束==================
2020-07-22 16:02:36,479-xiaoyin_log-INFO-112 line-==================充值模块接口测试结束==================
