2020-07-22 16:57:53,595-xiaoyin_log-INFO-42 line-==================充值模块接口测试开始==================
2020-07-22 16:57:53,595-xiaoyin_log-INFO-53 line-请求头为：{'X-Lemonban-Media-Type': 'lemonban.v2', 'Content-Type': 'application/json'}
2020-07-22 16:57:53,595-xiaoyin_log-INFO-54 line-请求方法为：post
2020-07-22 16:57:53,595-xiaoyin_log-INFO-55 line-请求url为：http://api.lemonban.com/futureloan/member/register
2020-07-22 16:57:53,595-xiaoyin_log-INFO-56 line-请求数据为：{'mobile_phone': '18770915871', 'pwd': '19940916'}
2020-07-22 16:57:53,700-xiaoyin_log-INFO-65 line-响应状态码：200
2020-07-22 16:57:53,700-xiaoyin_log-INFO-66 line-响应数据：{'code': 2, 'msg': '账号已存在', 'data': None, 'copyright': 'Copyright 柠檬班 © 2017-2020 湖南省零檬信息技术有限公司 All Rights Reserved'}
2020-07-22 16:57:53,700-xiaoyin_log-INFO-53 line-请求头为：{'X-Lemonban-Media-Type': 'lemonban.v2', 'Content-Type': 'application/json'}
2020-07-22 16:57:53,701-xiaoyin_log-INFO-54 line-请求方法为：post
2020-07-22 16:57:53,701-xiaoyin_log-INFO-55 line-请求url为：http://api.lemonban.com/futureloan/member/login
2020-07-22 16:57:53,701-xiaoyin_log-INFO-56 line-请求数据为：{'mobile_phone': '18770915871', 'pwd': '19940916'}
2020-07-22 16:57:53,806-xiaoyin_log-INFO-65 line-响应状态码：200
2020-07-22 16:57:53,806-xiaoyin_log-INFO-66 line-响应数据：{'code': 0, 'msg': 'OK', 'data': {'id': 2049967, 'leave_amount': 2512601.6, 'mobile_phone': '18770915871', 'reg_name': '小柠檬', 'reg_time': '2020-07-22 14:54:27.0', 'type': 1, 'token_info': {'token_type': 'Bearer', 'expires_in': '2020-07-22 17:02:51', 'token': 'eyJhbGciOiJIUzUxMiJ9.eyJtZW1iZXJfaWQiOjIwNDk5NjcsImV4cCI6MTU5NTQwODU3MX0.-szT6VMf9U05WVniVX-5G2oQwYZOTDS3NjW6SAFQlFMEOMruEL2SH1p73nj4r37NCdEgAMJ8ZxorJwhymoTW8w'}}, 'copyright': 'Copyright 柠檬班 © 2017-2020 湖南省零檬信息技术有限公司 All Rights Reserved'}
2020-07-22 16:57:53,807-xiaoyin_log-INFO-45 line-登录的响应数据为：{'code': 0, 'msg': 'OK', 'data': {'id': 2049967, 'leave_amount': 2512601.6, 'mobile_phone': '18770915871', 'reg_name': '小柠檬', 'reg_time': '2020-07-22 14:54:27.0', 'type': 1, 'token_info': {'token_type': 'Bearer', 'expires_in': '2020-07-22 17:02:51', 'token': 'eyJhbGciOiJIUzUxMiJ9.eyJtZW1iZXJfaWQiOjIwNDk5NjcsImV4cCI6MTU5NTQwODU3MX0.-szT6VMf9U05WVniVX-5G2oQwYZOTDS3NjW6SAFQlFMEOMruEL2SH1p73nj4r37NCdEgAMJ8ZxorJwhymoTW8w'}}, 'copyright': 'Copyright 柠檬班 © 2017-2020 湖南省零檬信息技术有限公司 All Rights Reserved'}
2020-07-22 16:57:53,808-xiaoyin_log-INFO-48 line-登录用户id:2049967
 token:eyJhbGciOiJIUzUxMiJ9.eyJtZW1iZXJfaWQiOjIwNDk5NjcsImV4cCI6MTU5NTQwODU3MX0.-szT6VMf9U05WVniVX-5G2oQwYZOTDS3NjW6SAFQlFMEOMruEL2SH1p73nj4r37NCdEgAMJ8ZxorJwhymoTW8w
2020-07-22 16:57:53,810-xiaoyin_log-INFO-51 line-==================接口用例执行开始==================
2020-07-22 16:57:53,875-xiaoyin_log-INFO-61 line-充值之前用户余额：2512601.60
2020-07-22 16:57:53,875-xiaoyin_log-INFO-63 line-充值金额为：600
2020-07-22 16:57:53,875-xiaoyin_log-INFO-65 line-充值之后的金额为：2513201.6
2020-07-22 16:57:53,875-xiaoyin_log-INFO-53 line-请求头为：{'X-Lemonban-Media-Type': 'lemonban.v2', 'Content-Type': 'application/json', 'Authorization': 'Bearer eyJhbGciOiJIUzUxMiJ9.eyJtZW1iZXJfaWQiOjIwNDk5NjcsImV4cCI6MTU5NTQwODU3MX0.-szT6VMf9U05WVniVX-5G2oQwYZOTDS3NjW6SAFQlFMEOMruEL2SH1p73nj4r37NCdEgAMJ8ZxorJwhymoTW8w'}
2020-07-22 16:57:53,875-xiaoyin_log-INFO-54 line-请求方法为：post
2020-07-22 16:57:53,875-xiaoyin_log-INFO-55 line-请求url为：http://api.lemonban.com/futureloan/member/recharge
2020-07-22 16:57:53,876-xiaoyin_log-INFO-56 line-请求数据为：{'member_id': 2049967, 'amount': 600}
2020-07-22 16:57:53,959-xiaoyin_log-INFO-65 line-响应状态码：200
2020-07-22 16:57:53,959-xiaoyin_log-INFO-66 line-响应数据：{'code': 0, 'msg': 'OK', 'data': {'id': 2049967, 'leave_amount': 2513201.6, 'mobile_phone': '18770915871', 'reg_name': '小柠檬', 'reg_time': '2020-07-22 14:54:27.0', 'type': 1}, 'copyright': 'Copyright 柠檬班 © 2017-2020 湖南省零檬信息技术有限公司 All Rights Reserved'}
2020-07-22 16:57:53,959-xiaoyin_log-INFO-71 line-期望结果为：{'code': 0, 'msg': 'OK', 'data': {'id': 2049967, 'leave_amount': 2513201.6}}
2020-07-22 16:57:54,025-xiaoyin_log-INFO-81 line-充值之后用余额：2513201.60
2020-07-22 16:57:54,025-xiaoyin_log-INFO-89 line-==================接口用例执行结束==================
2020-07-22 16:57:54,026-xiaoyin_log-INFO-51 line-==================接口用例执行开始==================
2020-07-22 16:57:54,093-xiaoyin_log-INFO-61 line-充值之前用户余额：2513201.60
2020-07-22 16:57:54,094-xiaoyin_log-INFO-63 line-充值金额为：600.1
2020-07-22 16:57:54,094-xiaoyin_log-INFO-65 line-充值之后的金额为：2513801.7
2020-07-22 16:57:54,094-xiaoyin_log-INFO-53 line-请求头为：{'X-Lemonban-Media-Type': 'lemonban.v2', 'Content-Type': 'application/json', 'Authorization': 'Bearer eyJhbGciOiJIUzUxMiJ9.eyJtZW1iZXJfaWQiOjIwNDk5NjcsImV4cCI6MTU5NTQwODU3MX0.-szT6VMf9U05WVniVX-5G2oQwYZOTDS3NjW6SAFQlFMEOMruEL2SH1p73nj4r37NCdEgAMJ8ZxorJwhymoTW8w'}
2020-07-22 16:57:54,094-xiaoyin_log-INFO-54 line-请求方法为：post
2020-07-22 16:57:54,094-xiaoyin_log-INFO-55 line-请求url为：http://api.lemonban.com/futureloan/member/recharge
2020-07-22 16:57:54,094-xiaoyin_log-INFO-56 line-请求数据为：{'member_id': 2049967, 'amount': 600.1}
2020-07-22 16:57:54,169-xiaoyin_log-INFO-65 line-响应状态码：200
2020-07-22 16:57:54,170-xiaoyin_log-INFO-66 line-响应数据：{'code': 0, 'msg': 'OK', 'data': {'id': 2049967, 'leave_amount': 2513801.7, 'mobile_phone': '18770915871', 'reg_name': '小柠檬', 'reg_time': '2020-07-22 14:54:27.0', 'type': 1}, 'copyright': 'Copyright 柠檬班 © 2017-2020 湖南省零檬信息技术有限公司 All Rights Reserved'}
2020-07-22 16:57:54,170-xiaoyin_log-INFO-71 line-期望结果为：{'code': 0, 'msg': 'OK', 'data': {'id': 2049967, 'leave_amount': 2513801.7}}
2020-07-22 16:57:54,235-xiaoyin_log-INFO-81 line-充值之后用余额：2513801.70
2020-07-22 16:57:54,236-xiaoyin_log-INFO-89 line-==================接口用例执行结束==================
2020-07-22 16:57:54,238-xiaoyin_log-INFO-51 line-==================接口用例执行开始==================
2020-07-22 16:57:54,303-xiaoyin_log-INFO-61 line-充值之前用户余额：2513801.70
2020-07-22 16:57:54,303-xiaoyin_log-INFO-63 line-充值金额为：600.22
2020-07-22 16:57:54,303-xiaoyin_log-INFO-65 line-充值之后的金额为：2514401.92
2020-07-22 16:57:54,303-xiaoyin_log-INFO-53 line-请求头为：{'X-Lemonban-Media-Type': 'lemonban.v2', 'Content-Type': 'application/json', 'Authorization': 'Bearer eyJhbGciOiJIUzUxMiJ9.eyJtZW1iZXJfaWQiOjIwNDk5NjcsImV4cCI6MTU5NTQwODU3MX0.-szT6VMf9U05WVniVX-5G2oQwYZOTDS3NjW6SAFQlFMEOMruEL2SH1p73nj4r37NCdEgAMJ8ZxorJwhymoTW8w'}
2020-07-22 16:57:54,303-xiaoyin_log-INFO-54 line-请求方法为：post
2020-07-22 16:57:54,303-xiaoyin_log-INFO-55 line-请求url为：http://api.lemonban.com/futureloan/member/recharge
2020-07-22 16:57:54,303-xiaoyin_log-INFO-56 line-请求数据为：{'member_id': 2049967, 'amount': 600.22}
2020-07-22 16:57:54,387-xiaoyin_log-INFO-65 line-响应状态码：200
2020-07-22 16:57:54,387-xiaoyin_log-INFO-66 line-响应数据：{'code': 0, 'msg': 'OK', 'data': {'id': 2049967, 'leave_amount': 2514401.92, 'mobile_phone': '18770915871', 'reg_name': '小柠檬', 'reg_time': '2020-07-22 14:54:27.0', 'type': 1}, 'copyright': 'Copyright 柠檬班 © 2017-2020 湖南省零檬信息技术有限公司 All Rights Reserved'}
2020-07-22 16:57:54,388-xiaoyin_log-INFO-71 line-期望结果为：{'code': 0, 'msg': 'OK', 'data': {'id': 2049967, 'leave_amount': 2514401.92}}
2020-07-22 16:57:54,453-xiaoyin_log-INFO-81 line-充值之后用余额：2514401.92
2020-07-22 16:57:54,453-xiaoyin_log-INFO-89 line-==================接口用例执行结束==================
2020-07-22 16:57:54,454-xiaoyin_log-INFO-51 line-==================接口用例执行开始==================
2020-07-22 16:57:54,518-xiaoyin_log-INFO-61 line-充值之前用户余额：2514401.92
2020-07-22 16:57:54,519-xiaoyin_log-INFO-63 line-充值金额为：500000
2020-07-22 16:57:54,519-xiaoyin_log-INFO-65 line-充值之后的金额为：3014401.92
2020-07-22 16:57:54,519-xiaoyin_log-INFO-53 line-请求头为：{'X-Lemonban-Media-Type': 'lemonban.v2', 'Content-Type': 'application/json', 'Authorization': 'Bearer eyJhbGciOiJIUzUxMiJ9.eyJtZW1iZXJfaWQiOjIwNDk5NjcsImV4cCI6MTU5NTQwODU3MX0.-szT6VMf9U05WVniVX-5G2oQwYZOTDS3NjW6SAFQlFMEOMruEL2SH1p73nj4r37NCdEgAMJ8ZxorJwhymoTW8w'}
2020-07-22 16:57:54,519-xiaoyin_log-INFO-54 line-请求方法为：post
2020-07-22 16:57:54,519-xiaoyin_log-INFO-55 line-请求url为：http://api.lemonban.com/futureloan/member/recharge
2020-07-22 16:57:54,519-xiaoyin_log-INFO-56 line-请求数据为：{'member_id': 2049967, 'amount': 500000}
2020-07-22 16:57:54,598-xiaoyin_log-INFO-65 line-响应状态码：200
2020-07-22 16:57:54,598-xiaoyin_log-INFO-66 line-响应数据：{'code': 0, 'msg': 'OK', 'data': {'id': 2049967, 'leave_amount': 3014401.92, 'mobile_phone': '18770915871', 'reg_name': '小柠檬', 'reg_time': '2020-07-22 14:54:27.0', 'type': 1}, 'copyright': 'Copyright 柠檬班 © 2017-2020 湖南省零檬信息技术有限公司 All Rights Reserved'}
2020-07-22 16:57:54,598-xiaoyin_log-INFO-71 line-期望结果为：{'code': 0, 'msg': 'OK', 'data': {'id': 2049967, 'leave_amount': 3014401.92}}
2020-07-22 16:57:54,663-xiaoyin_log-INFO-81 line-充值之后用余额：3014401.92
2020-07-22 16:57:54,664-xiaoyin_log-INFO-89 line-==================接口用例执行结束==================
2020-07-22 16:57:54,664-xiaoyin_log-INFO-51 line-==================接口用例执行开始==================
2020-07-22 16:57:54,664-xiaoyin_log-INFO-53 line-请求头为：{'X-Lemonban-Media-Type': 'lemonban.v2', 'Content-Type': 'application/json', 'Authorization': 'Bearer eyJhbGciOiJIUzUxMiJ9.eyJtZW1iZXJfaWQiOjIwNDk5NjcsImV4cCI6MTU5NTQwODU3MX0.-szT6VMf9U05WVniVX-5G2oQwYZOTDS3NjW6SAFQlFMEOMruEL2SH1p73nj4r37NCdEgAMJ8ZxorJwhymoTW8w'}
2020-07-22 16:57:54,665-xiaoyin_log-INFO-54 line-请求方法为：post
2020-07-22 16:57:54,665-xiaoyin_log-INFO-55 line-请求url为：http://api.lemonban.com/futureloan/member/recharge
2020-07-22 16:57:54,666-xiaoyin_log-INFO-56 line-请求数据为：{'amount': 600}
2020-07-22 16:57:54,732-xiaoyin_log-INFO-65 line-响应状态码：200
2020-07-22 16:57:54,732-xiaoyin_log-INFO-66 line-响应数据：{'code': 1, 'msg': '用户id为空', 'data': None, 'copyright': 'Copyright 柠檬班 © 2017-2020 湖南省零檬信息技术有限公司 All Rights Reserved'}
2020-07-22 16:57:54,732-xiaoyin_log-INFO-71 line-期望结果为：{'code': 1, 'msg': '用户id为空'}
2020-07-22 16:57:54,732-xiaoyin_log-INFO-89 line-==================接口用例执行结束==================
2020-07-22 16:57:54,733-xiaoyin_log-INFO-51 line-==================接口用例执行开始==================
2020-07-22 16:57:54,733-xiaoyin_log-INFO-53 line-请求头为：{'X-Lemonban-Media-Type': 'lemonban.v2', 'Content-Type': 'application/json', 'Authorization': 'Bearer eyJhbGciOiJIUzUxMiJ9.eyJtZW1iZXJfaWQiOjIwNDk5NjcsImV4cCI6MTU5NTQwODU3MX0.-szT6VMf9U05WVniVX-5G2oQwYZOTDS3NjW6SAFQlFMEOMruEL2SH1p73nj4r37NCdEgAMJ8ZxorJwhymoTW8w'}
2020-07-22 16:57:54,733-xiaoyin_log-INFO-54 line-请求方法为：post
2020-07-22 16:57:54,733-xiaoyin_log-INFO-55 line-请求url为：http://api.lemonban.com/futureloan/member/recharge
2020-07-22 16:57:54,733-xiaoyin_log-INFO-56 line-请求数据为：{'member_id': 98989898, 'amount': 600}
2020-07-22 16:57:54,803-xiaoyin_log-INFO-65 line-响应状态码：200
2020-07-22 16:57:54,803-xiaoyin_log-INFO-66 line-响应数据：{'code': 1007, 'msg': '无权限访问，请检查参数', 'data': None, 'copyright': 'Copyright 柠檬班 © 2017-2020 湖南省零檬信息技术有限公司 All Rights Reserved'}
2020-07-22 16:57:54,803-xiaoyin_log-INFO-71 line-期望结果为：{'code': 1007, 'msg': '无权限访问，请检查参数'}
2020-07-22 16:57:54,803-xiaoyin_log-INFO-89 line-==================接口用例执行结束==================
2020-07-22 16:57:54,805-xiaoyin_log-INFO-51 line-==================接口用例执行开始==================
2020-07-22 16:57:54,805-xiaoyin_log-INFO-53 line-请求头为：{'X-Lemonban-Media-Type': 'lemonban.v2', 'Content-Type': 'application/json', 'Authorization': 'Bearer eyJhbGciOiJIUzUxMiJ9.eyJtZW1iZXJfaWQiOjIwNDk5NjcsImV4cCI6MTU5NTQwODU3MX0.-szT6VMf9U05WVniVX-5G2oQwYZOTDS3NjW6SAFQlFMEOMruEL2SH1p73nj4r37NCdEgAMJ8ZxorJwhymoTW8w'}
2020-07-22 16:57:54,805-xiaoyin_log-INFO-54 line-请求方法为：post
2020-07-22 16:57:54,805-xiaoyin_log-INFO-55 line-请求url为：http://api.lemonban.com/futureloan/member/recharge
2020-07-22 16:57:54,805-xiaoyin_log-INFO-56 line-请求数据为：{'member_id': '2049967', 'amount': 600}
2020-07-22 16:57:54,888-xiaoyin_log-INFO-65 line-响应状态码：200
2020-07-22 16:57:54,888-xiaoyin_log-INFO-66 line-响应数据：{'code': 0, 'msg': 'OK', 'data': {'id': 2049967, 'leave_amount': 3015001.92, 'mobile_phone': '18770915871', 'reg_name': '小柠檬', 'reg_time': '2020-07-22 14:54:27.0', 'type': 1}, 'copyright': 'Copyright 柠檬班 © 2017-2020 湖南省零檬信息技术有限公司 All Rights Reserved'}
2020-07-22 16:57:54,888-xiaoyin_log-INFO-71 line-期望结果为：{'code': 2, 'msg': '数字格式化异常'}
2020-07-22 16:57:54,888-xiaoyin_log-INFO-85 line-断言失败
2020-07-22 16:57:54,889-xiaoyin_log-INFO-89 line-==================接口用例执行结束==================
2020-07-22 16:57:54,891-xiaoyin_log-INFO-51 line-==================接口用例执行开始==================
2020-07-22 16:57:54,891-xiaoyin_log-INFO-53 line-请求头为：{'X-Lemonban-Media-Type': 'lemonban.v2', 'Content-Type': 'application/json', 'Authorization': 'Bearer eyJhbGciOiJIUzUxMiJ9.eyJtZW1iZXJfaWQiOjIwNDk5NjcsImV4cCI6MTU5NTQwODU3MX0.-szT6VMf9U05WVniVX-5G2oQwYZOTDS3NjW6SAFQlFMEOMruEL2SH1p73nj4r37NCdEgAMJ8ZxorJwhymoTW8w'}
2020-07-22 16:57:54,891-xiaoyin_log-INFO-54 line-请求方法为：post
2020-07-22 16:57:54,891-xiaoyin_log-INFO-55 line-请求url为：http://api.lemonban.com/futureloan/member/recharge
2020-07-22 16:57:54,891-xiaoyin_log-INFO-56 line-请求数据为：{'member_id': 15.0, 'amount': 600}
2020-07-22 16:57:54,960-xiaoyin_log-INFO-65 line-响应状态码：200
2020-07-22 16:57:54,960-xiaoyin_log-INFO-66 line-响应数据：{'code': 2, 'msg': '数字格式化异常', 'data': None, 'copyright': 'Copyright 柠檬班 © 2017-2020 湖南省零檬信息技术有限公司 All Rights Reserved'}
2020-07-22 16:57:54,960-xiaoyin_log-INFO-71 line-期望结果为：{'code': 2, 'msg': '数字格式化异常'}
2020-07-22 16:57:54,960-xiaoyin_log-INFO-89 line-==================接口用例执行结束==================
2020-07-22 16:57:54,961-xiaoyin_log-INFO-51 line-==================接口用例执行开始==================
2020-07-22 16:57:54,961-xiaoyin_log-INFO-53 line-请求头为：{'X-Lemonban-Media-Type': 'lemonban.v2', 'Content-Type': 'application/json', 'Authorization': 'Bearer eyJhbGciOiJIUzUxMiJ9.eyJtZW1iZXJfaWQiOjIwNDk5NjcsImV4cCI6MTU5NTQwODU3MX0.-szT6VMf9U05WVniVX-5G2oQwYZOTDS3NjW6SAFQlFMEOMruEL2SH1p73nj4r37NCdEgAMJ8ZxorJwhymoTW8w'}
2020-07-22 16:57:54,961-xiaoyin_log-INFO-54 line-请求方法为：post
2020-07-22 16:57:54,961-xiaoyin_log-INFO-55 line-请求url为：http://api.lemonban.com/futureloan/member/recharge
2020-07-22 16:57:54,961-xiaoyin_log-INFO-56 line-请求数据为：{'member_id': 2049967, 'amount': 0}
2020-07-22 16:57:55,045-xiaoyin_log-INFO-65 line-响应状态码：200
2020-07-22 16:57:55,045-xiaoyin_log-INFO-66 line-响应数据：{'code': 0, 'msg': 'OK', 'data': {'id': 2049967, 'leave_amount': 3015001.92, 'mobile_phone': '18770915871', 'reg_name': '小柠檬', 'reg_time': '2020-07-22 14:54:27.0', 'type': 1}, 'copyright': 'Copyright 柠檬班 © 2017-2020 湖南省零檬信息技术有限公司 All Rights Reserved'}
2020-07-22 16:57:55,045-xiaoyin_log-INFO-71 line-期望结果为：{'code': 2, 'msg': '金额必须大于0并且小于或者等于500000'}
2020-07-22 16:57:55,045-xiaoyin_log-INFO-85 line-断言失败
2020-07-22 16:57:55,045-xiaoyin_log-INFO-89 line-==================接口用例执行结束==================
2020-07-22 16:57:55,047-xiaoyin_log-INFO-51 line-==================接口用例执行开始==================
2020-07-22 16:57:55,047-xiaoyin_log-INFO-53 line-请求头为：{'X-Lemonban-Media-Type': 'lemonban.v2', 'Content-Type': 'application/json', 'Authorization': 'Bearer eyJhbGciOiJIUzUxMiJ9.eyJtZW1iZXJfaWQiOjIwNDk5NjcsImV4cCI6MTU5NTQwODU3MX0.-szT6VMf9U05WVniVX-5G2oQwYZOTDS3NjW6SAFQlFMEOMruEL2SH1p73nj4r37NCdEgAMJ8ZxorJwhymoTW8w'}
2020-07-22 16:57:55,047-xiaoyin_log-INFO-54 line-请求方法为：post
2020-07-22 16:57:55,047-xiaoyin_log-INFO-55 line-请求url为：http://api.lemonban.com/futureloan/member/recharge
2020-07-22 16:57:55,047-xiaoyin_log-INFO-56 line-请求数据为：{'member_id': 2049967, 'amount': -600}
2020-07-22 16:57:55,116-xiaoyin_log-INFO-65 line-响应状态码：200
2020-07-22 16:57:55,116-xiaoyin_log-INFO-66 line-响应数据：{'code': 2, 'msg': '余额必须大于0并且小于或者等于500000', 'data': None, 'copyright': 'Copyright 柠檬班 © 2017-2020 湖南省零檬信息技术有限公司 All Rights Reserved'}
2020-07-22 16:57:55,117-xiaoyin_log-INFO-71 line-期望结果为：{'code': 2, 'msg': '金额必须大于0并且小于或者等于500000'}
2020-07-22 16:57:55,117-xiaoyin_log-INFO-85 line-断言失败
2020-07-22 16:57:55,117-xiaoyin_log-INFO-89 line-==================接口用例执行结束==================
2020-07-22 16:57:55,119-xiaoyin_log-INFO-51 line-==================接口用例执行开始==================
2020-07-22 16:57:55,119-xiaoyin_log-INFO-53 line-请求头为：{'X-Lemonban-Media-Type': 'lemonban.v2', 'Content-Type': 'application/json', 'Authorization': 'Bearer eyJhbGciOiJIUzUxMiJ9.eyJtZW1iZXJfaWQiOjIwNDk5NjcsImV4cCI6MTU5NTQwODU3MX0.-szT6VMf9U05WVniVX-5G2oQwYZOTDS3NjW6SAFQlFMEOMruEL2SH1p73nj4r37NCdEgAMJ8ZxorJwhymoTW8w'}
2020-07-22 16:57:55,119-xiaoyin_log-INFO-54 line-请求方法为：post
2020-07-22 16:57:55,119-xiaoyin_log-INFO-55 line-请求url为：http://api.lemonban.com/futureloan/member/recharge
2020-07-22 16:57:55,119-xiaoyin_log-INFO-56 line-请求数据为：{'member_id': 2049967}
2020-07-22 16:57:55,187-xiaoyin_log-INFO-65 line-响应状态码：200
2020-07-22 16:57:55,188-xiaoyin_log-INFO-66 line-响应数据：{'code': 2, 'msg': '余额必须为数值型', 'data': None, 'copyright': 'Copyright 柠檬班 © 2017-2020 湖南省零檬信息技术有限公司 All Rights Reserved'}
2020-07-22 16:57:55,188-xiaoyin_log-INFO-71 line-期望结果为：{'code': 1, 'msg': '充值金额为空'}
2020-07-22 16:57:55,188-xiaoyin_log-INFO-85 line-断言失败
2020-07-22 16:57:55,188-xiaoyin_log-INFO-89 line-==================接口用例执行结束==================
2020-07-22 16:57:55,190-xiaoyin_log-INFO-51 line-==================接口用例执行开始==================
2020-07-22 16:57:55,190-xiaoyin_log-INFO-53 line-请求头为：{'X-Lemonban-Media-Type': 'lemonban.v2', 'Content-Type': 'application/json', 'Authorization': 'Bearer eyJhbGciOiJIUzUxMiJ9.eyJtZW1iZXJfaWQiOjIwNDk5NjcsImV4cCI6MTU5NTQwODU3MX0.-szT6VMf9U05WVniVX-5G2oQwYZOTDS3NjW6SAFQlFMEOMruEL2SH1p73nj4r37NCdEgAMJ8ZxorJwhymoTW8w'}
2020-07-22 16:57:55,190-xiaoyin_log-INFO-54 line-请求方法为：post
2020-07-22 16:57:55,190-xiaoyin_log-INFO-55 line-请求url为：http://api.lemonban.com/futureloan/member/recharge
2020-07-22 16:57:55,190-xiaoyin_log-INFO-56 line-请求数据为：{'member_id': 2049967, 'amount': 600.222}
2020-07-22 16:57:55,262-xiaoyin_log-INFO-65 line-响应状态码：200
2020-07-22 16:57:55,262-xiaoyin_log-INFO-66 line-响应数据：{'code': 2, 'msg': '余额小数超过两位', 'data': None, 'copyright': 'Copyright 柠檬班 © 2017-2020 湖南省零檬信息技术有限公司 All Rights Reserved'}
2020-07-22 16:57:55,262-xiaoyin_log-INFO-71 line-期望结果为：{'code': 2, 'msg': '金额小数超过两位'}
2020-07-22 16:57:55,262-xiaoyin_log-INFO-85 line-断言失败
2020-07-22 16:57:55,262-xiaoyin_log-INFO-89 line-==================接口用例执行结束==================
2020-07-22 16:57:55,264-xiaoyin_log-INFO-51 line-==================接口用例执行开始==================
2020-07-22 16:57:55,264-xiaoyin_log-INFO-53 line-请求头为：{'X-Lemonban-Media-Type': 'lemonban.v2', 'Content-Type': 'application/json', 'Authorization': 'Bearer eyJhbGciOiJIUzUxMiJ9.eyJtZW1iZXJfaWQiOjIwNDk5NjcsImV4cCI6MTU5NTQwODU3MX0.-szT6VMf9U05WVniVX-5G2oQwYZOTDS3NjW6SAFQlFMEOMruEL2SH1p73nj4r37NCdEgAMJ8ZxorJwhymoTW8w'}
2020-07-22 16:57:55,264-xiaoyin_log-INFO-54 line-请求方法为：post
2020-07-22 16:57:55,265-xiaoyin_log-INFO-55 line-请求url为：http://api.lemonban.com/futureloan/member/recharge
2020-07-22 16:57:55,265-xiaoyin_log-INFO-56 line-请求数据为：{'member_id': 2049967, 'amount': 500001}
2020-07-22 16:57:55,335-xiaoyin_log-INFO-65 line-响应状态码：200
2020-07-22 16:57:55,335-xiaoyin_log-INFO-66 line-响应数据：{'code': 2, 'msg': '余额必须大于0并且小于或者等于500000', 'data': None, 'copyright': 'Copyright 柠檬班 © 2017-2020 湖南省零檬信息技术有限公司 All Rights Reserved'}
2020-07-22 16:57:55,335-xiaoyin_log-INFO-71 line-期望结果为：{'code': 2, 'msg': '金额必须大于0并且小于或者等于500000'}
2020-07-22 16:57:55,336-xiaoyin_log-INFO-85 line-断言失败
2020-07-22 16:57:55,336-xiaoyin_log-INFO-89 line-==================接口用例执行结束==================
2020-07-22 16:57:55,337-xiaoyin_log-INFO-51 line-==================接口用例执行开始==================
2020-07-22 16:57:55,337-xiaoyin_log-INFO-53 line-请求头为：{'X-Lemonban-Media-Type': 'lemonban.v2', 'Content-Type': 'application/json', 'Authorization': 'Bearer eyJhbGciOiJIUzUxMiJ9.eyJtZW1iZXJfaWQiOjIwNDk5NjcsImV4cCI6MTU5NTQwODU3MX0.-szT6VMf9U05WVniVX-5G2oQwYZOTDS3NjW6SAFQlFMEOMruEL2SH1p73nj4r37NCdEgAMJ8ZxorJwhymoTW8w'}
2020-07-22 16:57:55,338-xiaoyin_log-INFO-54 line-请求方法为：post
2020-07-22 16:57:55,338-xiaoyin_log-INFO-55 line-请求url为：http://api.lemonban.com/futureloan/member/recharge
2020-07-22 16:57:55,338-xiaoyin_log-INFO-56 line-请求数据为：{'member_id': 2049967, 'amount': '5万'}
2020-07-22 16:57:55,406-xiaoyin_log-INFO-65 line-响应状态码：200
2020-07-22 16:57:55,407-xiaoyin_log-INFO-66 line-响应数据：{'code': 2, 'msg': '数字格式化异常', 'data': None, 'copyright': 'Copyright 柠檬班 © 2017-2020 湖南省零檬信息技术有限公司 All Rights Reserved'}
2020-07-22 16:57:55,407-xiaoyin_log-INFO-71 line-期望结果为：{'code': 2, 'msg': '数字格式化异常'}
2020-07-22 16:57:55,407-xiaoyin_log-INFO-89 line-==================接口用例执行结束==================
2020-07-22 16:57:55,407-xiaoyin_log-INFO-93 line-==================充值模块接口测试结束==================
