2020-07-22 16:11:10,814-xiaoyin_log-INFO-58 line-==================充值模块接口测试开始==================
2020-07-22 16:11:10,815-xiaoyin_log-INFO-53 line-请求头为：{'X-Lemonban-Media-Type': 'lemonban.v2', 'Content-Type': 'application/json'}
2020-07-22 16:11:10,815-xiaoyin_log-INFO-54 line-请求方法为：post
2020-07-22 16:11:10,815-xiaoyin_log-INFO-55 line-请求url为：http://api.lemonban.com/futureloan/member/register
2020-07-22 16:11:10,815-xiaoyin_log-INFO-56 line-请求数据为：{'mobile_phone': '18770915871', 'pwd': '19940916'}
2020-07-22 16:11:10,919-xiaoyin_log-INFO-65 line-响应状态码：200
2020-07-22 16:11:10,920-xiaoyin_log-INFO-66 line-响应数据：{'code': 2, 'msg': '账号已存在', 'data': None, 'copyright': 'Copyright 柠檬班 © 2017-2020 湖南省零檬信息技术有限公司 All Rights Reserved'}
2020-07-22 16:11:10,920-xiaoyin_log-INFO-53 line-请求头为：{'X-Lemonban-Media-Type': 'lemonban.v2', 'Content-Type': 'application/json'}
2020-07-22 16:11:10,920-xiaoyin_log-INFO-54 line-请求方法为：post
2020-07-22 16:11:10,920-xiaoyin_log-INFO-55 line-请求url为：http://api.lemonban.com/futureloan/member/login
2020-07-22 16:11:10,920-xiaoyin_log-INFO-56 line-请求数据为：{'mobile_phone': '18770915871', 'pwd': '19940916'}
2020-07-22 16:11:11,024-xiaoyin_log-INFO-65 line-响应状态码：200
2020-07-22 16:11:11,024-xiaoyin_log-INFO-66 line-响应数据：{'code': 0, 'msg': 'OK', 'data': {'id': 2049967, 'leave_amount': 1507200.96, 'mobile_phone': '18770915871', 'reg_name': '小柠檬', 'reg_time': '2020-07-22 14:54:27.0', 'type': 1, 'token_info': {'token_type': 'Bearer', 'expires_in': '2020-07-22 16:16:08', 'token': 'eyJhbGciOiJIUzUxMiJ9.eyJtZW1iZXJfaWQiOjIwNDk5NjcsImV4cCI6MTU5NTQwNTc2OH0.X6g4Qj8OnzyimLth66_6wCJ1IoNnEM2D4UNOAh2Rr-j50NoBeh31bwu5Y4TRB9CdJEmC6fdhd184GXlqbqRktA'}}, 'copyright': 'Copyright 柠檬班 © 2017-2020 湖南省零檬信息技术有限公司 All Rights Reserved'}
2020-07-22 16:11:11,024-xiaoyin_log-INFO-61 line-登录的响应数据为：{'code': 0, 'msg': 'OK', 'data': {'id': 2049967, 'leave_amount': 1507200.96, 'mobile_phone': '18770915871', 'reg_name': '小柠檬', 'reg_time': '2020-07-22 14:54:27.0', 'type': 1, 'token_info': {'token_type': 'Bearer', 'expires_in': '2020-07-22 16:16:08', 'token': 'eyJhbGciOiJIUzUxMiJ9.eyJtZW1iZXJfaWQiOjIwNDk5NjcsImV4cCI6MTU5NTQwNTc2OH0.X6g4Qj8OnzyimLth66_6wCJ1IoNnEM2D4UNOAh2Rr-j50NoBeh31bwu5Y4TRB9CdJEmC6fdhd184GXlqbqRktA'}}, 'copyright': 'Copyright 柠檬班 © 2017-2020 湖南省零檬信息技术有限公司 All Rights Reserved'}
2020-07-22 16:11:11,026-xiaoyin_log-INFO-66 line-登录用户id:2049967
 token:eyJhbGciOiJIUzUxMiJ9.eyJtZW1iZXJfaWQiOjIwNDk5NjcsImV4cCI6MTU5NTQwNTc2OH0.X6g4Qj8OnzyimLth66_6wCJ1IoNnEM2D4UNOAh2Rr-j50NoBeh31bwu5Y4TRB9CdJEmC6fdhd184GXlqbqRktA
2020-07-22 16:11:11,027-xiaoyin_log-INFO-69 line-==================接口用例执行开始==================
2020-07-22 16:11:11,091-xiaoyin_log-INFO-109 line-==================接口用例执行结束==================
2020-07-22 16:11:11,096-xiaoyin_log-INFO-69 line-==================接口用例执行开始==================
2020-07-22 16:11:11,159-xiaoyin_log-INFO-109 line-==================接口用例执行结束==================
2020-07-22 16:11:11,160-xiaoyin_log-INFO-69 line-==================接口用例执行开始==================
2020-07-22 16:11:11,225-xiaoyin_log-INFO-109 line-==================接口用例执行结束==================
2020-07-22 16:11:11,227-xiaoyin_log-INFO-69 line-==================接口用例执行开始==================
2020-07-22 16:11:11,295-xiaoyin_log-INFO-109 line-==================接口用例执行结束==================
2020-07-22 16:11:11,298-xiaoyin_log-INFO-69 line-==================接口用例执行开始==================
2020-07-22 16:11:11,298-xiaoyin_log-INFO-53 line-请求头为：{'X-Lemonban-Media-Type': 'lemonban.v2', 'Content-Type': 'application/json', 'Authorization': 'Bearer eyJhbGciOiJIUzUxMiJ9.eyJtZW1iZXJfaWQiOjIwNDk5NjcsImV4cCI6MTU5NTQwNTc2OH0.X6g4Qj8OnzyimLth66_6wCJ1IoNnEM2D4UNOAh2Rr-j50NoBeh31bwu5Y4TRB9CdJEmC6fdhd184GXlqbqRktA'}
2020-07-22 16:11:11,298-xiaoyin_log-INFO-54 line-请求方法为：post
2020-07-22 16:11:11,298-xiaoyin_log-INFO-55 line-请求url为：http://api.lemonban.com/futureloan/member/recharge
2020-07-22 16:11:11,298-xiaoyin_log-INFO-56 line-请求数据为：{'amount': 600}
2020-07-22 16:11:11,374-xiaoyin_log-INFO-65 line-响应状态码：200
2020-07-22 16:11:11,374-xiaoyin_log-INFO-66 line-响应数据：{'code': 1, 'msg': '用户id为空', 'data': None, 'copyright': 'Copyright 柠檬班 © 2017-2020 湖南省零檬信息技术有限公司 All Rights Reserved'}
2020-07-22 16:11:11,374-xiaoyin_log-INFO-91 line-期望结果为：{'code': 1, 'msg': '用户id为空'}
2020-07-22 16:11:11,374-xiaoyin_log-INFO-109 line-==================接口用例执行结束==================
2020-07-22 16:11:11,374-xiaoyin_log-INFO-69 line-==================接口用例执行开始==================
2020-07-22 16:11:11,375-xiaoyin_log-INFO-53 line-请求头为：{'X-Lemonban-Media-Type': 'lemonban.v2', 'Content-Type': 'application/json', 'Authorization': 'Bearer eyJhbGciOiJIUzUxMiJ9.eyJtZW1iZXJfaWQiOjIwNDk5NjcsImV4cCI6MTU5NTQwNTc2OH0.X6g4Qj8OnzyimLth66_6wCJ1IoNnEM2D4UNOAh2Rr-j50NoBeh31bwu5Y4TRB9CdJEmC6fdhd184GXlqbqRktA'}
2020-07-22 16:11:11,375-xiaoyin_log-INFO-54 line-请求方法为：post
2020-07-22 16:11:11,375-xiaoyin_log-INFO-55 line-请求url为：http://api.lemonban.com/futureloan/member/recharge
2020-07-22 16:11:11,375-xiaoyin_log-INFO-56 line-请求数据为：{'member_id': 98989898, 'amount': 600}
2020-07-22 16:11:11,443-xiaoyin_log-INFO-65 line-响应状态码：200
2020-07-22 16:11:11,444-xiaoyin_log-INFO-66 line-响应数据：{'code': 1007, 'msg': '无权限访问，请检查参数', 'data': None, 'copyright': 'Copyright 柠檬班 © 2017-2020 湖南省零檬信息技术有限公司 All Rights Reserved'}
2020-07-22 16:11:11,444-xiaoyin_log-INFO-91 line-期望结果为：{'code': 1007, 'msg': '无权限访问，请检查参数'}
2020-07-22 16:11:11,444-xiaoyin_log-INFO-109 line-==================接口用例执行结束==================
2020-07-22 16:11:11,444-xiaoyin_log-INFO-69 line-==================接口用例执行开始==================
2020-07-22 16:11:11,445-xiaoyin_log-INFO-53 line-请求头为：{'X-Lemonban-Media-Type': 'lemonban.v2', 'Content-Type': 'application/json', 'Authorization': 'Bearer eyJhbGciOiJIUzUxMiJ9.eyJtZW1iZXJfaWQiOjIwNDk5NjcsImV4cCI6MTU5NTQwNTc2OH0.X6g4Qj8OnzyimLth66_6wCJ1IoNnEM2D4UNOAh2Rr-j50NoBeh31bwu5Y4TRB9CdJEmC6fdhd184GXlqbqRktA'}
2020-07-22 16:11:11,445-xiaoyin_log-INFO-54 line-请求方法为：post
2020-07-22 16:11:11,445-xiaoyin_log-INFO-55 line-请求url为：http://api.lemonban.com/futureloan/member/recharge
2020-07-22 16:11:11,445-xiaoyin_log-INFO-56 line-请求数据为：{'member_id': '#member_id#', 'amount': 600}
2020-07-22 16:11:11,520-xiaoyin_log-INFO-65 line-响应状态码：200
2020-07-22 16:11:11,520-xiaoyin_log-INFO-66 line-响应数据：{'code': 2, 'msg': '数字格式化异常', 'data': None, 'copyright': 'Copyright 柠檬班 © 2017-2020 湖南省零檬信息技术有限公司 All Rights Reserved'}
2020-07-22 16:11:11,520-xiaoyin_log-INFO-91 line-期望结果为：{'code': 2, 'msg': '数字格式化异常'}
2020-07-22 16:11:11,520-xiaoyin_log-INFO-109 line-==================接口用例执行结束==================
2020-07-22 16:11:11,521-xiaoyin_log-INFO-69 line-==================接口用例执行开始==================
2020-07-22 16:11:11,521-xiaoyin_log-INFO-53 line-请求头为：{'X-Lemonban-Media-Type': 'lemonban.v2', 'Content-Type': 'application/json', 'Authorization': 'Bearer eyJhbGciOiJIUzUxMiJ9.eyJtZW1iZXJfaWQiOjIwNDk5NjcsImV4cCI6MTU5NTQwNTc2OH0.X6g4Qj8OnzyimLth66_6wCJ1IoNnEM2D4UNOAh2Rr-j50NoBeh31bwu5Y4TRB9CdJEmC6fdhd184GXlqbqRktA'}
2020-07-22 16:11:11,521-xiaoyin_log-INFO-54 line-请求方法为：post
2020-07-22 16:11:11,521-xiaoyin_log-INFO-55 line-请求url为：http://api.lemonban.com/futureloan/member/recharge
2020-07-22 16:11:11,521-xiaoyin_log-INFO-56 line-请求数据为：{'member_id': 15.0, 'amount': 600}
2020-07-22 16:11:11,593-xiaoyin_log-INFO-65 line-响应状态码：200
2020-07-22 16:11:11,594-xiaoyin_log-INFO-66 line-响应数据：{'code': 2, 'msg': '数字格式化异常', 'data': None, 'copyright': 'Copyright 柠檬班 © 2017-2020 湖南省零檬信息技术有限公司 All Rights Reserved'}
2020-07-22 16:11:11,594-xiaoyin_log-INFO-91 line-期望结果为：{'code': 2, 'msg': '数字格式化异常'}
2020-07-22 16:11:11,594-xiaoyin_log-INFO-109 line-==================接口用例执行结束==================
2020-07-22 16:11:11,594-xiaoyin_log-INFO-69 line-==================接口用例执行开始==================
2020-07-22 16:11:11,595-xiaoyin_log-INFO-109 line-==================接口用例执行结束==================
2020-07-22 16:11:11,597-xiaoyin_log-INFO-69 line-==================接口用例执行开始==================
2020-07-22 16:11:11,599-xiaoyin_log-INFO-109 line-==================接口用例执行结束==================
2020-07-22 16:11:11,601-xiaoyin_log-INFO-69 line-==================接口用例执行开始==================
2020-07-22 16:11:11,602-xiaoyin_log-INFO-109 line-==================接口用例执行结束==================
2020-07-22 16:11:11,605-xiaoyin_log-INFO-69 line-==================接口用例执行开始==================
2020-07-22 16:11:11,606-xiaoyin_log-INFO-109 line-==================接口用例执行结束==================
2020-07-22 16:11:11,607-xiaoyin_log-INFO-69 line-==================接口用例执行开始==================
2020-07-22 16:11:11,608-xiaoyin_log-INFO-109 line-==================接口用例执行结束==================
2020-07-22 16:11:11,609-xiaoyin_log-INFO-69 line-==================接口用例执行开始==================
2020-07-22 16:11:11,610-xiaoyin_log-INFO-109 line-==================接口用例执行结束==================
2020-07-22 16:11:11,611-xiaoyin_log-INFO-113 line-==================充值模块接口测试结束==================
